2022-08-22 14:07:26 |WARN  |main |NacosPropertySourceBuilder.java:87 |com.alibaba.cloud.nacos.client.NacosPropertySourceBuilder |Ignore the empty nacos configuration and get it based on dataId[mail-product] & group[DEFAULT_GROUP]
2022-08-22 14:07:26 |WARN  |main |NacosPropertySourceBuilder.java:87 |com.alibaba.cloud.nacos.client.NacosPropertySourceBuilder |Ignore the empty nacos configuration and get it based on dataId[mail-product.yaml] & group[DEFAULT_GROUP]
2022-08-22 14:07:27 |WARN  |main |Logger.java:44 |org.mybatis.spring.mapper.ClassPathMapperScanner |Skipping MapperFactoryBean with name 'attrAttrgroupRelationDao' and 'com.junbin.mail.mailproduct.dao.AttrAttrgroupRelationDao' mapperInterface. Bean already defined with the same name!
2022-08-22 14:07:27 |WARN  |main |Logger.java:44 |org.mybatis.spring.mapper.ClassPathMapperScanner |Skipping MapperFactoryBean with name 'attrDao' and 'com.junbin.mail.mailproduct.dao.AttrDao' mapperInterface. Bean already defined with the same name!
2022-08-22 14:07:27 |WARN  |main |Logger.java:44 |org.mybatis.spring.mapper.ClassPathMapperScanner |Skipping MapperFactoryBean with name 'attrGroupDao' and 'com.junbin.mail.mailproduct.dao.AttrGroupDao' mapperInterface. Bean already defined with the same name!
2022-08-22 14:07:27 |WARN  |main |Logger.java:44 |org.mybatis.spring.mapper.ClassPathMapperScanner |Skipping MapperFactoryBean with name 'brandDao' and 'com.junbin.mail.mailproduct.dao.BrandDao' mapperInterface. Bean already defined with the same name!
2022-08-22 14:07:27 |WARN  |main |Logger.java:44 |org.mybatis.spring.mapper.ClassPathMapperScanner |Skipping MapperFactoryBean with name 'categoryBrandRelationDao' and 'com.junbin.mail.mailproduct.dao.CategoryBrandRelationDao' mapperInterface. Bean already defined with the same name!
2022-08-22 14:07:27 |WARN  |main |Logger.java:44 |org.mybatis.spring.mapper.ClassPathMapperScanner |Skipping MapperFactoryBean with name 'categoryDao' and 'com.junbin.mail.mailproduct.dao.CategoryDao' mapperInterface. Bean already defined with the same name!
2022-08-22 14:07:27 |WARN  |main |Logger.java:44 |org.mybatis.spring.mapper.ClassPathMapperScanner |Skipping MapperFactoryBean with name 'commentReplayDao' and 'com.junbin.mail.mailproduct.dao.CommentReplayDao' mapperInterface. Bean already defined with the same name!
2022-08-22 14:07:27 |WARN  |main |Logger.java:44 |org.mybatis.spring.mapper.ClassPathMapperScanner |Skipping MapperFactoryBean with name 'productAttrValueDao' and 'com.junbin.mail.mailproduct.dao.ProductAttrValueDao' mapperInterface. Bean already defined with the same name!
2022-08-22 14:07:27 |WARN  |main |Logger.java:44 |org.mybatis.spring.mapper.ClassPathMapperScanner |Skipping MapperFactoryBean with name 'skuImagesDao' and 'com.junbin.mail.mailproduct.dao.SkuImagesDao' mapperInterface. Bean already defined with the same name!
2022-08-22 14:07:27 |WARN  |main |Logger.java:44 |org.mybatis.spring.mapper.ClassPathMapperScanner |Skipping MapperFactoryBean with name 'skuInfoDao' and 'com.junbin.mail.mailproduct.dao.SkuInfoDao' mapperInterface. Bean already defined with the same name!
2022-08-22 14:07:27 |WARN  |main |Logger.java:44 |org.mybatis.spring.mapper.ClassPathMapperScanner |Skipping MapperFactoryBean with name 'skuSaleAttrValueDao' and 'com.junbin.mail.mailproduct.dao.SkuSaleAttrValueDao' mapperInterface. Bean already defined with the same name!
2022-08-22 14:07:27 |WARN  |main |Logger.java:44 |org.mybatis.spring.mapper.ClassPathMapperScanner |Skipping MapperFactoryBean with name 'spuCommentDao' and 'com.junbin.mail.mailproduct.dao.SpuCommentDao' mapperInterface. Bean already defined with the same name!
2022-08-22 14:07:27 |WARN  |main |Logger.java:44 |org.mybatis.spring.mapper.ClassPathMapperScanner |Skipping MapperFactoryBean with name 'spuImagesDao' and 'com.junbin.mail.mailproduct.dao.SpuImagesDao' mapperInterface. Bean already defined with the same name!
2022-08-22 14:07:27 |WARN  |main |Logger.java:44 |org.mybatis.spring.mapper.ClassPathMapperScanner |Skipping MapperFactoryBean with name 'spuInfoDao' and 'com.junbin.mail.mailproduct.dao.SpuInfoDao' mapperInterface. Bean already defined with the same name!
2022-08-22 14:07:27 |WARN  |main |Logger.java:44 |org.mybatis.spring.mapper.ClassPathMapperScanner |Skipping MapperFactoryBean with name 'spuInfoDescDao' and 'com.junbin.mail.mailproduct.dao.SpuInfoDescDao' mapperInterface. Bean already defined with the same name!
2022-08-22 14:07:27 |WARN  |main |Logger.java:44 |org.mybatis.spring.mapper.ClassPathMapperScanner |Skipping MapperFactoryBean with name 'undoLogDao' and 'com.junbin.mail.mailproduct.dao.UndoLogDao' mapperInterface. Bean already defined with the same name!
2022-08-22 14:07:27 |WARN  |main |Logger.java:44 |org.mybatis.spring.mapper.ClassPathMapperScanner |No MyBatis mapper was found in '[com.junbin.mail.mailproduct.dao]' package. Please check your configuration.
2022-08-22 14:07:29 |WARN  |main |URLConfigurationSource.java:121 |com.netflix.config.sources.URLConfigurationSource |No URLs will be polled as dynamic configuration sources.
2022-08-22 14:07:29 |WARN  |main |URLConfigurationSource.java:121 |com.netflix.config.sources.URLConfigurationSource |No URLs will be polled as dynamic configuration sources.
2022-08-22 14:07:29 |WARN  |main |AbstractApplicationContext.java:591 |org.springframework.boot.web.servlet.context.AnnotationConfigServletWebServerApplicationContext |Exception encountered during context initialization - cancelling refresh attempt: org.springframework.beans.factory.BeanCreationException: Error creating bean with name 'requestMappingHandlerMapping' defined in class path resource [org/springframework/boot/autoconfigure/web/servlet/WebMvcAutoConfiguration$EnableWebMvcConfiguration.class]: Invocation of init method failed; nested exception is java.lang.IllegalStateException: Invalid mapping on handler class [com.junbin.mail.mailproduct.controller.AttrGroupController]: public com.junbin.common.utils.R com.junbin.mail.mailproduct.controller.AttrGroupController.attrRelation(java.lang.Long)
2022-08-22 14:07:29 |WARN  |Thread-1 |HttpClientBeanHolder.java:108 |com.alibaba.nacos.common.http.HttpClientBeanHolder |[HttpClientBeanHolder] Start destroying common HttpClient
2022-08-22 14:08:41 |WARN  |main |NacosPropertySourceBuilder.java:87 |com.alibaba.cloud.nacos.client.NacosPropertySourceBuilder |Ignore the empty nacos configuration and get it based on dataId[mail-product] & group[DEFAULT_GROUP]
2022-08-22 14:08:42 |WARN  |main |NacosPropertySourceBuilder.java:87 |com.alibaba.cloud.nacos.client.NacosPropertySourceBuilder |Ignore the empty nacos configuration and get it based on dataId[mail-product.yaml] & group[DEFAULT_GROUP]
2022-08-22 14:08:42 |WARN  |main |Logger.java:44 |org.mybatis.spring.mapper.ClassPathMapperScanner |Skipping MapperFactoryBean with name 'attrAttrgroupRelationDao' and 'com.junbin.mail.mailproduct.dao.AttrAttrgroupRelationDao' mapperInterface. Bean already defined with the same name!
2022-08-22 14:08:42 |WARN  |main |Logger.java:44 |org.mybatis.spring.mapper.ClassPathMapperScanner |Skipping MapperFactoryBean with name 'attrDao' and 'com.junbin.mail.mailproduct.dao.AttrDao' mapperInterface. Bean already defined with the same name!
2022-08-22 14:08:42 |WARN  |main |Logger.java:44 |org.mybatis.spring.mapper.ClassPathMapperScanner |Skipping MapperFactoryBean with name 'attrGroupDao' and 'com.junbin.mail.mailproduct.dao.AttrGroupDao' mapperInterface. Bean already defined with the same name!
2022-08-22 14:08:42 |WARN  |main |Logger.java:44 |org.mybatis.spring.mapper.ClassPathMapperScanner |Skipping MapperFactoryBean with name 'brandDao' and 'com.junbin.mail.mailproduct.dao.BrandDao' mapperInterface. Bean already defined with the same name!
2022-08-22 14:08:42 |WARN  |main |Logger.java:44 |org.mybatis.spring.mapper.ClassPathMapperScanner |Skipping MapperFactoryBean with name 'categoryBrandRelationDao' and 'com.junbin.mail.mailproduct.dao.CategoryBrandRelationDao' mapperInterface. Bean already defined with the same name!
2022-08-22 14:08:42 |WARN  |main |Logger.java:44 |org.mybatis.spring.mapper.ClassPathMapperScanner |Skipping MapperFactoryBean with name 'categoryDao' and 'com.junbin.mail.mailproduct.dao.CategoryDao' mapperInterface. Bean already defined with the same name!
2022-08-22 14:08:42 |WARN  |main |Logger.java:44 |org.mybatis.spring.mapper.ClassPathMapperScanner |Skipping MapperFactoryBean with name 'commentReplayDao' and 'com.junbin.mail.mailproduct.dao.CommentReplayDao' mapperInterface. Bean already defined with the same name!
2022-08-22 14:08:42 |WARN  |main |Logger.java:44 |org.mybatis.spring.mapper.ClassPathMapperScanner |Skipping MapperFactoryBean with name 'productAttrValueDao' and 'com.junbin.mail.mailproduct.dao.ProductAttrValueDao' mapperInterface. Bean already defined with the same name!
2022-08-22 14:08:42 |WARN  |main |Logger.java:44 |org.mybatis.spring.mapper.ClassPathMapperScanner |Skipping MapperFactoryBean with name 'skuImagesDao' and 'com.junbin.mail.mailproduct.dao.SkuImagesDao' mapperInterface. Bean already defined with the same name!
2022-08-22 14:08:42 |WARN  |main |Logger.java:44 |org.mybatis.spring.mapper.ClassPathMapperScanner |Skipping MapperFactoryBean with name 'skuInfoDao' and 'com.junbin.mail.mailproduct.dao.SkuInfoDao' mapperInterface. Bean already defined with the same name!
2022-08-22 14:08:42 |WARN  |main |Logger.java:44 |org.mybatis.spring.mapper.ClassPathMapperScanner |Skipping MapperFactoryBean with name 'skuSaleAttrValueDao' and 'com.junbin.mail.mailproduct.dao.SkuSaleAttrValueDao' mapperInterface. Bean already defined with the same name!
2022-08-22 14:08:42 |WARN  |main |Logger.java:44 |org.mybatis.spring.mapper.ClassPathMapperScanner |Skipping MapperFactoryBean with name 'spuCommentDao' and 'com.junbin.mail.mailproduct.dao.SpuCommentDao' mapperInterface. Bean already defined with the same name!
2022-08-22 14:08:42 |WARN  |main |Logger.java:44 |org.mybatis.spring.mapper.ClassPathMapperScanner |Skipping MapperFactoryBean with name 'spuImagesDao' and 'com.junbin.mail.mailproduct.dao.SpuImagesDao' mapperInterface. Bean already defined with the same name!
2022-08-22 14:08:42 |WARN  |main |Logger.java:44 |org.mybatis.spring.mapper.ClassPathMapperScanner |Skipping MapperFactoryBean with name 'spuInfoDao' and 'com.junbin.mail.mailproduct.dao.SpuInfoDao' mapperInterface. Bean already defined with the same name!
2022-08-22 14:08:42 |WARN  |main |Logger.java:44 |org.mybatis.spring.mapper.ClassPathMapperScanner |Skipping MapperFactoryBean with name 'spuInfoDescDao' and 'com.junbin.mail.mailproduct.dao.SpuInfoDescDao' mapperInterface. Bean already defined with the same name!
2022-08-22 14:08:42 |WARN  |main |Logger.java:44 |org.mybatis.spring.mapper.ClassPathMapperScanner |Skipping MapperFactoryBean with name 'undoLogDao' and 'com.junbin.mail.mailproduct.dao.UndoLogDao' mapperInterface. Bean already defined with the same name!
2022-08-22 14:08:42 |WARN  |main |Logger.java:44 |org.mybatis.spring.mapper.ClassPathMapperScanner |No MyBatis mapper was found in '[com.junbin.mail.mailproduct.dao]' package. Please check your configuration.
2022-08-22 14:08:43 |WARN  |main |URLConfigurationSource.java:121 |com.netflix.config.sources.URLConfigurationSource |No URLs will be polled as dynamic configuration sources.
2022-08-22 14:08:43 |WARN  |main |URLConfigurationSource.java:121 |com.netflix.config.sources.URLConfigurationSource |No URLs will be polled as dynamic configuration sources.
2022-08-22 14:08:45 |WARN  |main |LoadBalancerCacheAutoConfiguration.java:82 |org.springframework.cloud.loadbalancer.config.LoadBalancerCacheAutoConfiguration$LoadBalancerCaffeineWarnLogger |Spring Cloud LoadBalancer is currently working with the default cache. While this cache implementation is useful for development and tests, it's recommended to use Caffeine cache in production.You can switch to using Caffeine cache, by adding it and org.springframework.cache.caffeine.CaffeineCacheManager to the classpath.
2022-08-22 15:09:41 |WARN  |main |NacosPropertySourceBuilder.java:87 |com.alibaba.cloud.nacos.client.NacosPropertySourceBuilder |Ignore the empty nacos configuration and get it based on dataId[mail-product] & group[DEFAULT_GROUP]
2022-08-22 15:09:41 |WARN  |main |NacosPropertySourceBuilder.java:87 |com.alibaba.cloud.nacos.client.NacosPropertySourceBuilder |Ignore the empty nacos configuration and get it based on dataId[mail-product.yaml] & group[DEFAULT_GROUP]
2022-08-22 15:09:42 |WARN  |main |Logger.java:44 |org.mybatis.spring.mapper.ClassPathMapperScanner |Skipping MapperFactoryBean with name 'attrAttrgroupRelationDao' and 'com.junbin.mail.mailproduct.dao.AttrAttrgroupRelationDao' mapperInterface. Bean already defined with the same name!
2022-08-22 15:09:42 |WARN  |main |Logger.java:44 |org.mybatis.spring.mapper.ClassPathMapperScanner |Skipping MapperFactoryBean with name 'attrDao' and 'com.junbin.mail.mailproduct.dao.AttrDao' mapperInterface. Bean already defined with the same name!
2022-08-22 15:09:42 |WARN  |main |Logger.java:44 |org.mybatis.spring.mapper.ClassPathMapperScanner |Skipping MapperFactoryBean with name 'attrGroupDao' and 'com.junbin.mail.mailproduct.dao.AttrGroupDao' mapperInterface. Bean already defined with the same name!
2022-08-22 15:09:42 |WARN  |main |Logger.java:44 |org.mybatis.spring.mapper.ClassPathMapperScanner |Skipping MapperFactoryBean with name 'brandDao' and 'com.junbin.mail.mailproduct.dao.BrandDao' mapperInterface. Bean already defined with the same name!
2022-08-22 15:09:42 |WARN  |main |Logger.java:44 |org.mybatis.spring.mapper.ClassPathMapperScanner |Skipping MapperFactoryBean with name 'categoryBrandRelationDao' and 'com.junbin.mail.mailproduct.dao.CategoryBrandRelationDao' mapperInterface. Bean already defined with the same name!
2022-08-22 15:09:42 |WARN  |main |Logger.java:44 |org.mybatis.spring.mapper.ClassPathMapperScanner |Skipping MapperFactoryBean with name 'categoryDao' and 'com.junbin.mail.mailproduct.dao.CategoryDao' mapperInterface. Bean already defined with the same name!
2022-08-22 15:09:42 |WARN  |main |Logger.java:44 |org.mybatis.spring.mapper.ClassPathMapperScanner |Skipping MapperFactoryBean with name 'commentReplayDao' and 'com.junbin.mail.mailproduct.dao.CommentReplayDao' mapperInterface. Bean already defined with the same name!
2022-08-22 15:09:42 |WARN  |main |Logger.java:44 |org.mybatis.spring.mapper.ClassPathMapperScanner |Skipping MapperFactoryBean with name 'productAttrValueDao' and 'com.junbin.mail.mailproduct.dao.ProductAttrValueDao' mapperInterface. Bean already defined with the same name!
2022-08-22 15:09:42 |WARN  |main |Logger.java:44 |org.mybatis.spring.mapper.ClassPathMapperScanner |Skipping MapperFactoryBean with name 'skuImagesDao' and 'com.junbin.mail.mailproduct.dao.SkuImagesDao' mapperInterface. Bean already defined with the same name!
2022-08-22 15:09:42 |WARN  |main |Logger.java:44 |org.mybatis.spring.mapper.ClassPathMapperScanner |Skipping MapperFactoryBean with name 'skuInfoDao' and 'com.junbin.mail.mailproduct.dao.SkuInfoDao' mapperInterface. Bean already defined with the same name!
2022-08-22 15:09:42 |WARN  |main |Logger.java:44 |org.mybatis.spring.mapper.ClassPathMapperScanner |Skipping MapperFactoryBean with name 'skuSaleAttrValueDao' and 'com.junbin.mail.mailproduct.dao.SkuSaleAttrValueDao' mapperInterface. Bean already defined with the same name!
2022-08-22 15:09:42 |WARN  |main |Logger.java:44 |org.mybatis.spring.mapper.ClassPathMapperScanner |Skipping MapperFactoryBean with name 'spuCommentDao' and 'com.junbin.mail.mailproduct.dao.SpuCommentDao' mapperInterface. Bean already defined with the same name!
2022-08-22 15:09:42 |WARN  |main |Logger.java:44 |org.mybatis.spring.mapper.ClassPathMapperScanner |Skipping MapperFactoryBean with name 'spuImagesDao' and 'com.junbin.mail.mailproduct.dao.SpuImagesDao' mapperInterface. Bean already defined with the same name!
2022-08-22 15:09:42 |WARN  |main |Logger.java:44 |org.mybatis.spring.mapper.ClassPathMapperScanner |Skipping MapperFactoryBean with name 'spuInfoDao' and 'com.junbin.mail.mailproduct.dao.SpuInfoDao' mapperInterface. Bean already defined with the same name!
2022-08-22 15:09:42 |WARN  |main |Logger.java:44 |org.mybatis.spring.mapper.ClassPathMapperScanner |Skipping MapperFactoryBean with name 'spuInfoDescDao' and 'com.junbin.mail.mailproduct.dao.SpuInfoDescDao' mapperInterface. Bean already defined with the same name!
2022-08-22 15:09:42 |WARN  |main |Logger.java:44 |org.mybatis.spring.mapper.ClassPathMapperScanner |Skipping MapperFactoryBean with name 'undoLogDao' and 'com.junbin.mail.mailproduct.dao.UndoLogDao' mapperInterface. Bean already defined with the same name!
2022-08-22 15:09:42 |WARN  |main |Logger.java:44 |org.mybatis.spring.mapper.ClassPathMapperScanner |No MyBatis mapper was found in '[com.junbin.mail.mailproduct.dao]' package. Please check your configuration.
2022-08-22 15:09:44 |WARN  |main |URLConfigurationSource.java:121 |com.netflix.config.sources.URLConfigurationSource |No URLs will be polled as dynamic configuration sources.
2022-08-22 15:09:44 |WARN  |main |URLConfigurationSource.java:121 |com.netflix.config.sources.URLConfigurationSource |No URLs will be polled as dynamic configuration sources.
2022-08-22 15:09:46 |WARN  |main |LoadBalancerCacheAutoConfiguration.java:82 |org.springframework.cloud.loadbalancer.config.LoadBalancerCacheAutoConfiguration$LoadBalancerCaffeineWarnLogger |Spring Cloud LoadBalancer is currently working with the default cache. While this cache implementation is useful for development and tests, it's recommended to use Caffeine cache in production.You can switch to using Caffeine cache, by adding it and org.springframework.cache.caffeine.CaffeineCacheManager to the classpath.
2022-08-22 15:11:15 |WARN  |main |NacosPropertySourceBuilder.java:87 |com.alibaba.cloud.nacos.client.NacosPropertySourceBuilder |Ignore the empty nacos configuration and get it based on dataId[mail-product] & group[DEFAULT_GROUP]
2022-08-22 15:11:15 |WARN  |main |NacosPropertySourceBuilder.java:87 |com.alibaba.cloud.nacos.client.NacosPropertySourceBuilder |Ignore the empty nacos configuration and get it based on dataId[mail-product.yaml] & group[DEFAULT_GROUP]
2022-08-22 15:11:16 |WARN  |main |Logger.java:44 |org.mybatis.spring.mapper.ClassPathMapperScanner |Skipping MapperFactoryBean with name 'attrAttrgroupRelationDao' and 'com.junbin.mail.mailproduct.dao.AttrAttrgroupRelationDao' mapperInterface. Bean already defined with the same name!
2022-08-22 15:11:16 |WARN  |main |Logger.java:44 |org.mybatis.spring.mapper.ClassPathMapperScanner |Skipping MapperFactoryBean with name 'attrDao' and 'com.junbin.mail.mailproduct.dao.AttrDao' mapperInterface. Bean already defined with the same name!
2022-08-22 15:11:16 |WARN  |main |Logger.java:44 |org.mybatis.spring.mapper.ClassPathMapperScanner |Skipping MapperFactoryBean with name 'attrGroupDao' and 'com.junbin.mail.mailproduct.dao.AttrGroupDao' mapperInterface. Bean already defined with the same name!
2022-08-22 15:11:16 |WARN  |main |Logger.java:44 |org.mybatis.spring.mapper.ClassPathMapperScanner |Skipping MapperFactoryBean with name 'brandDao' and 'com.junbin.mail.mailproduct.dao.BrandDao' mapperInterface. Bean already defined with the same name!
2022-08-22 15:11:16 |WARN  |main |Logger.java:44 |org.mybatis.spring.mapper.ClassPathMapperScanner |Skipping MapperFactoryBean with name 'categoryBrandRelationDao' and 'com.junbin.mail.mailproduct.dao.CategoryBrandRelationDao' mapperInterface. Bean already defined with the same name!
2022-08-22 15:11:16 |WARN  |main |Logger.java:44 |org.mybatis.spring.mapper.ClassPathMapperScanner |Skipping MapperFactoryBean with name 'categoryDao' and 'com.junbin.mail.mailproduct.dao.CategoryDao' mapperInterface. Bean already defined with the same name!
2022-08-22 15:11:16 |WARN  |main |Logger.java:44 |org.mybatis.spring.mapper.ClassPathMapperScanner |Skipping MapperFactoryBean with name 'commentReplayDao' and 'com.junbin.mail.mailproduct.dao.CommentReplayDao' mapperInterface. Bean already defined with the same name!
2022-08-22 15:11:16 |WARN  |main |Logger.java:44 |org.mybatis.spring.mapper.ClassPathMapperScanner |Skipping MapperFactoryBean with name 'productAttrValueDao' and 'com.junbin.mail.mailproduct.dao.ProductAttrValueDao' mapperInterface. Bean already defined with the same name!
2022-08-22 15:11:16 |WARN  |main |Logger.java:44 |org.mybatis.spring.mapper.ClassPathMapperScanner |Skipping MapperFactoryBean with name 'skuImagesDao' and 'com.junbin.mail.mailproduct.dao.SkuImagesDao' mapperInterface. Bean already defined with the same name!
2022-08-22 15:11:16 |WARN  |main |Logger.java:44 |org.mybatis.spring.mapper.ClassPathMapperScanner |Skipping MapperFactoryBean with name 'skuInfoDao' and 'com.junbin.mail.mailproduct.dao.SkuInfoDao' mapperInterface. Bean already defined with the same name!
2022-08-22 15:11:16 |WARN  |main |Logger.java:44 |org.mybatis.spring.mapper.ClassPathMapperScanner |Skipping MapperFactoryBean with name 'skuSaleAttrValueDao' and 'com.junbin.mail.mailproduct.dao.SkuSaleAttrValueDao' mapperInterface. Bean already defined with the same name!
2022-08-22 15:11:16 |WARN  |main |Logger.java:44 |org.mybatis.spring.mapper.ClassPathMapperScanner |Skipping MapperFactoryBean with name 'spuCommentDao' and 'com.junbin.mail.mailproduct.dao.SpuCommentDao' mapperInterface. Bean already defined with the same name!
2022-08-22 15:11:16 |WARN  |main |Logger.java:44 |org.mybatis.spring.mapper.ClassPathMapperScanner |Skipping MapperFactoryBean with name 'spuImagesDao' and 'com.junbin.mail.mailproduct.dao.SpuImagesDao' mapperInterface. Bean already defined with the same name!
2022-08-22 15:11:16 |WARN  |main |Logger.java:44 |org.mybatis.spring.mapper.ClassPathMapperScanner |Skipping MapperFactoryBean with name 'spuInfoDao' and 'com.junbin.mail.mailproduct.dao.SpuInfoDao' mapperInterface. Bean already defined with the same name!
2022-08-22 15:11:16 |WARN  |main |Logger.java:44 |org.mybatis.spring.mapper.ClassPathMapperScanner |Skipping MapperFactoryBean with name 'spuInfoDescDao' and 'com.junbin.mail.mailproduct.dao.SpuInfoDescDao' mapperInterface. Bean already defined with the same name!
2022-08-22 15:11:16 |WARN  |main |Logger.java:44 |org.mybatis.spring.mapper.ClassPathMapperScanner |Skipping MapperFactoryBean with name 'undoLogDao' and 'com.junbin.mail.mailproduct.dao.UndoLogDao' mapperInterface. Bean already defined with the same name!
2022-08-22 15:11:16 |WARN  |main |Logger.java:44 |org.mybatis.spring.mapper.ClassPathMapperScanner |No MyBatis mapper was found in '[com.junbin.mail.mailproduct.dao]' package. Please check your configuration.
2022-08-22 15:11:17 |WARN  |main |URLConfigurationSource.java:121 |com.netflix.config.sources.URLConfigurationSource |No URLs will be polled as dynamic configuration sources.
2022-08-22 15:11:17 |WARN  |main |URLConfigurationSource.java:121 |com.netflix.config.sources.URLConfigurationSource |No URLs will be polled as dynamic configuration sources.
2022-08-22 15:11:18 |WARN  |main |LoadBalancerCacheAutoConfiguration.java:82 |org.springframework.cloud.loadbalancer.config.LoadBalancerCacheAutoConfiguration$LoadBalancerCaffeineWarnLogger |Spring Cloud LoadBalancer is currently working with the default cache. While this cache implementation is useful for development and tests, it's recommended to use Caffeine cache in production.You can switch to using Caffeine cache, by adding it and org.springframework.cache.caffeine.CaffeineCacheManager to the classpath.
2022-08-22 15:12:18 |WARN  |main |NacosPropertySourceBuilder.java:87 |com.alibaba.cloud.nacos.client.NacosPropertySourceBuilder |Ignore the empty nacos configuration and get it based on dataId[mail-product] & group[DEFAULT_GROUP]
2022-08-22 15:12:18 |WARN  |main |NacosPropertySourceBuilder.java:87 |com.alibaba.cloud.nacos.client.NacosPropertySourceBuilder |Ignore the empty nacos configuration and get it based on dataId[mail-product.yaml] & group[DEFAULT_GROUP]
2022-08-22 15:12:19 |WARN  |main |Logger.java:44 |org.mybatis.spring.mapper.ClassPathMapperScanner |Skipping MapperFactoryBean with name 'attrAttrgroupRelationDao' and 'com.junbin.mail.mailproduct.dao.AttrAttrgroupRelationDao' mapperInterface. Bean already defined with the same name!
2022-08-22 15:12:19 |WARN  |main |Logger.java:44 |org.mybatis.spring.mapper.ClassPathMapperScanner |Skipping MapperFactoryBean with name 'attrDao' and 'com.junbin.mail.mailproduct.dao.AttrDao' mapperInterface. Bean already defined with the same name!
2022-08-22 15:12:19 |WARN  |main |Logger.java:44 |org.mybatis.spring.mapper.ClassPathMapperScanner |Skipping MapperFactoryBean with name 'attrGroupDao' and 'com.junbin.mail.mailproduct.dao.AttrGroupDao' mapperInterface. Bean already defined with the same name!
2022-08-22 15:12:19 |WARN  |main |Logger.java:44 |org.mybatis.spring.mapper.ClassPathMapperScanner |Skipping MapperFactoryBean with name 'brandDao' and 'com.junbin.mail.mailproduct.dao.BrandDao' mapperInterface. Bean already defined with the same name!
2022-08-22 15:12:19 |WARN  |main |Logger.java:44 |org.mybatis.spring.mapper.ClassPathMapperScanner |Skipping MapperFactoryBean with name 'categoryBrandRelationDao' and 'com.junbin.mail.mailproduct.dao.CategoryBrandRelationDao' mapperInterface. Bean already defined with the same name!
2022-08-22 15:12:19 |WARN  |main |Logger.java:44 |org.mybatis.spring.mapper.ClassPathMapperScanner |Skipping MapperFactoryBean with name 'categoryDao' and 'com.junbin.mail.mailproduct.dao.CategoryDao' mapperInterface. Bean already defined with the same name!
2022-08-22 15:12:19 |WARN  |main |Logger.java:44 |org.mybatis.spring.mapper.ClassPathMapperScanner |Skipping MapperFactoryBean with name 'commentReplayDao' and 'com.junbin.mail.mailproduct.dao.CommentReplayDao' mapperInterface. Bean already defined with the same name!
2022-08-22 15:12:19 |WARN  |main |Logger.java:44 |org.mybatis.spring.mapper.ClassPathMapperScanner |Skipping MapperFactoryBean with name 'productAttrValueDao' and 'com.junbin.mail.mailproduct.dao.ProductAttrValueDao' mapperInterface. Bean already defined with the same name!
2022-08-22 15:12:19 |WARN  |main |Logger.java:44 |org.mybatis.spring.mapper.ClassPathMapperScanner |Skipping MapperFactoryBean with name 'skuImagesDao' and 'com.junbin.mail.mailproduct.dao.SkuImagesDao' mapperInterface. Bean already defined with the same name!
2022-08-22 15:12:19 |WARN  |main |Logger.java:44 |org.mybatis.spring.mapper.ClassPathMapperScanner |Skipping MapperFactoryBean with name 'skuInfoDao' and 'com.junbin.mail.mailproduct.dao.SkuInfoDao' mapperInterface. Bean already defined with the same name!
2022-08-22 15:12:19 |WARN  |main |Logger.java:44 |org.mybatis.spring.mapper.ClassPathMapperScanner |Skipping MapperFactoryBean with name 'skuSaleAttrValueDao' and 'com.junbin.mail.mailproduct.dao.SkuSaleAttrValueDao' mapperInterface. Bean already defined with the same name!
2022-08-22 15:12:19 |WARN  |main |Logger.java:44 |org.mybatis.spring.mapper.ClassPathMapperScanner |Skipping MapperFactoryBean with name 'spuCommentDao' and 'com.junbin.mail.mailproduct.dao.SpuCommentDao' mapperInterface. Bean already defined with the same name!
2022-08-22 15:12:19 |WARN  |main |Logger.java:44 |org.mybatis.spring.mapper.ClassPathMapperScanner |Skipping MapperFactoryBean with name 'spuImagesDao' and 'com.junbin.mail.mailproduct.dao.SpuImagesDao' mapperInterface. Bean already defined with the same name!
2022-08-22 15:12:19 |WARN  |main |Logger.java:44 |org.mybatis.spring.mapper.ClassPathMapperScanner |Skipping MapperFactoryBean with name 'spuInfoDao' and 'com.junbin.mail.mailproduct.dao.SpuInfoDao' mapperInterface. Bean already defined with the same name!
2022-08-22 15:12:19 |WARN  |main |Logger.java:44 |org.mybatis.spring.mapper.ClassPathMapperScanner |Skipping MapperFactoryBean with name 'spuInfoDescDao' and 'com.junbin.mail.mailproduct.dao.SpuInfoDescDao' mapperInterface. Bean already defined with the same name!
2022-08-22 15:12:19 |WARN  |main |Logger.java:44 |org.mybatis.spring.mapper.ClassPathMapperScanner |Skipping MapperFactoryBean with name 'undoLogDao' and 'com.junbin.mail.mailproduct.dao.UndoLogDao' mapperInterface. Bean already defined with the same name!
2022-08-22 15:12:19 |WARN  |main |Logger.java:44 |org.mybatis.spring.mapper.ClassPathMapperScanner |No MyBatis mapper was found in '[com.junbin.mail.mailproduct.dao]' package. Please check your configuration.
2022-08-22 15:12:20 |WARN  |main |URLConfigurationSource.java:121 |com.netflix.config.sources.URLConfigurationSource |No URLs will be polled as dynamic configuration sources.
2022-08-22 15:12:20 |WARN  |main |URLConfigurationSource.java:121 |com.netflix.config.sources.URLConfigurationSource |No URLs will be polled as dynamic configuration sources.
2022-08-22 15:12:21 |WARN  |main |LoadBalancerCacheAutoConfiguration.java:82 |org.springframework.cloud.loadbalancer.config.LoadBalancerCacheAutoConfiguration$LoadBalancerCaffeineWarnLogger |Spring Cloud LoadBalancer is currently working with the default cache. While this cache implementation is useful for development and tests, it's recommended to use Caffeine cache in production.You can switch to using Caffeine cache, by adding it and org.springframework.cache.caffeine.CaffeineCacheManager to the classpath.
2022-08-22 15:56:05 |WARN  |main |NacosPropertySourceBuilder.java:87 |com.alibaba.cloud.nacos.client.NacosPropertySourceBuilder |Ignore the empty nacos configuration and get it based on dataId[mail-product] & group[DEFAULT_GROUP]
2022-08-22 15:56:05 |WARN  |main |NacosPropertySourceBuilder.java:87 |com.alibaba.cloud.nacos.client.NacosPropertySourceBuilder |Ignore the empty nacos configuration and get it based on dataId[mail-product.yaml] & group[DEFAULT_GROUP]
2022-08-22 15:56:05 |WARN  |main |Logger.java:44 |org.mybatis.spring.mapper.ClassPathMapperScanner |Skipping MapperFactoryBean with name 'attrAttrgroupRelationDao' and 'com.junbin.mail.mailproduct.dao.AttrAttrgroupRelationDao' mapperInterface. Bean already defined with the same name!
2022-08-22 15:56:05 |WARN  |main |Logger.java:44 |org.mybatis.spring.mapper.ClassPathMapperScanner |Skipping MapperFactoryBean with name 'attrDao' and 'com.junbin.mail.mailproduct.dao.AttrDao' mapperInterface. Bean already defined with the same name!
2022-08-22 15:56:05 |WARN  |main |Logger.java:44 |org.mybatis.spring.mapper.ClassPathMapperScanner |Skipping MapperFactoryBean with name 'attrGroupDao' and 'com.junbin.mail.mailproduct.dao.AttrGroupDao' mapperInterface. Bean already defined with the same name!
2022-08-22 15:56:05 |WARN  |main |Logger.java:44 |org.mybatis.spring.mapper.ClassPathMapperScanner |Skipping MapperFactoryBean with name 'brandDao' and 'com.junbin.mail.mailproduct.dao.BrandDao' mapperInterface. Bean already defined with the same name!
2022-08-22 15:56:05 |WARN  |main |Logger.java:44 |org.mybatis.spring.mapper.ClassPathMapperScanner |Skipping MapperFactoryBean with name 'categoryBrandRelationDao' and 'com.junbin.mail.mailproduct.dao.CategoryBrandRelationDao' mapperInterface. Bean already defined with the same name!
2022-08-22 15:56:05 |WARN  |main |Logger.java:44 |org.mybatis.spring.mapper.ClassPathMapperScanner |Skipping MapperFactoryBean with name 'categoryDao' and 'com.junbin.mail.mailproduct.dao.CategoryDao' mapperInterface. Bean already defined with the same name!
2022-08-22 15:56:05 |WARN  |main |Logger.java:44 |org.mybatis.spring.mapper.ClassPathMapperScanner |Skipping MapperFactoryBean with name 'commentReplayDao' and 'com.junbin.mail.mailproduct.dao.CommentReplayDao' mapperInterface. Bean already defined with the same name!
2022-08-22 15:56:05 |WARN  |main |Logger.java:44 |org.mybatis.spring.mapper.ClassPathMapperScanner |Skipping MapperFactoryBean with name 'productAttrValueDao' and 'com.junbin.mail.mailproduct.dao.ProductAttrValueDao' mapperInterface. Bean already defined with the same name!
2022-08-22 15:56:05 |WARN  |main |Logger.java:44 |org.mybatis.spring.mapper.ClassPathMapperScanner |Skipping MapperFactoryBean with name 'skuImagesDao' and 'com.junbin.mail.mailproduct.dao.SkuImagesDao' mapperInterface. Bean already defined with the same name!
2022-08-22 15:56:05 |WARN  |main |Logger.java:44 |org.mybatis.spring.mapper.ClassPathMapperScanner |Skipping MapperFactoryBean with name 'skuInfoDao' and 'com.junbin.mail.mailproduct.dao.SkuInfoDao' mapperInterface. Bean already defined with the same name!
2022-08-22 15:56:05 |WARN  |main |Logger.java:44 |org.mybatis.spring.mapper.ClassPathMapperScanner |Skipping MapperFactoryBean with name 'skuSaleAttrValueDao' and 'com.junbin.mail.mailproduct.dao.SkuSaleAttrValueDao' mapperInterface. Bean already defined with the same name!
2022-08-22 15:56:05 |WARN  |main |Logger.java:44 |org.mybatis.spring.mapper.ClassPathMapperScanner |Skipping MapperFactoryBean with name 'spuCommentDao' and 'com.junbin.mail.mailproduct.dao.SpuCommentDao' mapperInterface. Bean already defined with the same name!
2022-08-22 15:56:05 |WARN  |main |Logger.java:44 |org.mybatis.spring.mapper.ClassPathMapperScanner |Skipping MapperFactoryBean with name 'spuImagesDao' and 'com.junbin.mail.mailproduct.dao.SpuImagesDao' mapperInterface. Bean already defined with the same name!
2022-08-22 15:56:05 |WARN  |main |Logger.java:44 |org.mybatis.spring.mapper.ClassPathMapperScanner |Skipping MapperFactoryBean with name 'spuInfoDao' and 'com.junbin.mail.mailproduct.dao.SpuInfoDao' mapperInterface. Bean already defined with the same name!
2022-08-22 15:56:05 |WARN  |main |Logger.java:44 |org.mybatis.spring.mapper.ClassPathMapperScanner |Skipping MapperFactoryBean with name 'spuInfoDescDao' and 'com.junbin.mail.mailproduct.dao.SpuInfoDescDao' mapperInterface. Bean already defined with the same name!
2022-08-22 15:56:05 |WARN  |main |Logger.java:44 |org.mybatis.spring.mapper.ClassPathMapperScanner |Skipping MapperFactoryBean with name 'undoLogDao' and 'com.junbin.mail.mailproduct.dao.UndoLogDao' mapperInterface. Bean already defined with the same name!
2022-08-22 15:56:05 |WARN  |main |Logger.java:44 |org.mybatis.spring.mapper.ClassPathMapperScanner |No MyBatis mapper was found in '[com.junbin.mail.mailproduct.dao]' package. Please check your configuration.
2022-08-22 15:56:06 |WARN  |main |URLConfigurationSource.java:121 |com.netflix.config.sources.URLConfigurationSource |No URLs will be polled as dynamic configuration sources.
2022-08-22 15:56:06 |WARN  |main |URLConfigurationSource.java:121 |com.netflix.config.sources.URLConfigurationSource |No URLs will be polled as dynamic configuration sources.
2022-08-22 15:56:08 |WARN  |main |LoadBalancerCacheAutoConfiguration.java:82 |org.springframework.cloud.loadbalancer.config.LoadBalancerCacheAutoConfiguration$LoadBalancerCaffeineWarnLogger |Spring Cloud LoadBalancer is currently working with the default cache. While this cache implementation is useful for development and tests, it's recommended to use Caffeine cache in production.You can switch to using Caffeine cache, by adding it and org.springframework.cache.caffeine.CaffeineCacheManager to the classpath.
2022-08-22 16:06:21 |WARN  |main |NacosPropertySourceBuilder.java:87 |com.alibaba.cloud.nacos.client.NacosPropertySourceBuilder |Ignore the empty nacos configuration and get it based on dataId[mail-product] & group[DEFAULT_GROUP]
2022-08-22 16:06:21 |WARN  |main |NacosPropertySourceBuilder.java:87 |com.alibaba.cloud.nacos.client.NacosPropertySourceBuilder |Ignore the empty nacos configuration and get it based on dataId[mail-product.yaml] & group[DEFAULT_GROUP]
2022-08-22 16:06:22 |WARN  |main |Logger.java:44 |org.mybatis.spring.mapper.ClassPathMapperScanner |Skipping MapperFactoryBean with name 'attrAttrgroupRelationDao' and 'com.junbin.mail.mailproduct.dao.AttrAttrgroupRelationDao' mapperInterface. Bean already defined with the same name!
2022-08-22 16:06:22 |WARN  |main |Logger.java:44 |org.mybatis.spring.mapper.ClassPathMapperScanner |Skipping MapperFactoryBean with name 'attrDao' and 'com.junbin.mail.mailproduct.dao.AttrDao' mapperInterface. Bean already defined with the same name!
2022-08-22 16:06:22 |WARN  |main |Logger.java:44 |org.mybatis.spring.mapper.ClassPathMapperScanner |Skipping MapperFactoryBean with name 'attrGroupDao' and 'com.junbin.mail.mailproduct.dao.AttrGroupDao' mapperInterface. Bean already defined with the same name!
2022-08-22 16:06:22 |WARN  |main |Logger.java:44 |org.mybatis.spring.mapper.ClassPathMapperScanner |Skipping MapperFactoryBean with name 'brandDao' and 'com.junbin.mail.mailproduct.dao.BrandDao' mapperInterface. Bean already defined with the same name!
2022-08-22 16:06:22 |WARN  |main |Logger.java:44 |org.mybatis.spring.mapper.ClassPathMapperScanner |Skipping MapperFactoryBean with name 'categoryBrandRelationDao' and 'com.junbin.mail.mailproduct.dao.CategoryBrandRelationDao' mapperInterface. Bean already defined with the same name!
2022-08-22 16:06:22 |WARN  |main |Logger.java:44 |org.mybatis.spring.mapper.ClassPathMapperScanner |Skipping MapperFactoryBean with name 'categoryDao' and 'com.junbin.mail.mailproduct.dao.CategoryDao' mapperInterface. Bean already defined with the same name!
2022-08-22 16:06:22 |WARN  |main |Logger.java:44 |org.mybatis.spring.mapper.ClassPathMapperScanner |Skipping MapperFactoryBean with name 'commentReplayDao' and 'com.junbin.mail.mailproduct.dao.CommentReplayDao' mapperInterface. Bean already defined with the same name!
2022-08-22 16:06:22 |WARN  |main |Logger.java:44 |org.mybatis.spring.mapper.ClassPathMapperScanner |Skipping MapperFactoryBean with name 'productAttrValueDao' and 'com.junbin.mail.mailproduct.dao.ProductAttrValueDao' mapperInterface. Bean already defined with the same name!
2022-08-22 16:06:22 |WARN  |main |Logger.java:44 |org.mybatis.spring.mapper.ClassPathMapperScanner |Skipping MapperFactoryBean with name 'skuImagesDao' and 'com.junbin.mail.mailproduct.dao.SkuImagesDao' mapperInterface. Bean already defined with the same name!
2022-08-22 16:06:22 |WARN  |main |Logger.java:44 |org.mybatis.spring.mapper.ClassPathMapperScanner |Skipping MapperFactoryBean with name 'skuInfoDao' and 'com.junbin.mail.mailproduct.dao.SkuInfoDao' mapperInterface. Bean already defined with the same name!
2022-08-22 16:06:22 |WARN  |main |Logger.java:44 |org.mybatis.spring.mapper.ClassPathMapperScanner |Skipping MapperFactoryBean with name 'skuSaleAttrValueDao' and 'com.junbin.mail.mailproduct.dao.SkuSaleAttrValueDao' mapperInterface. Bean already defined with the same name!
2022-08-22 16:06:22 |WARN  |main |Logger.java:44 |org.mybatis.spring.mapper.ClassPathMapperScanner |Skipping MapperFactoryBean with name 'spuCommentDao' and 'com.junbin.mail.mailproduct.dao.SpuCommentDao' mapperInterface. Bean already defined with the same name!
2022-08-22 16:06:22 |WARN  |main |Logger.java:44 |org.mybatis.spring.mapper.ClassPathMapperScanner |Skipping MapperFactoryBean with name 'spuImagesDao' and 'com.junbin.mail.mailproduct.dao.SpuImagesDao' mapperInterface. Bean already defined with the same name!
2022-08-22 16:06:22 |WARN  |main |Logger.java:44 |org.mybatis.spring.mapper.ClassPathMapperScanner |Skipping MapperFactoryBean with name 'spuInfoDao' and 'com.junbin.mail.mailproduct.dao.SpuInfoDao' mapperInterface. Bean already defined with the same name!
2022-08-22 16:06:22 |WARN  |main |Logger.java:44 |org.mybatis.spring.mapper.ClassPathMapperScanner |Skipping MapperFactoryBean with name 'spuInfoDescDao' and 'com.junbin.mail.mailproduct.dao.SpuInfoDescDao' mapperInterface. Bean already defined with the same name!
2022-08-22 16:06:22 |WARN  |main |Logger.java:44 |org.mybatis.spring.mapper.ClassPathMapperScanner |Skipping MapperFactoryBean with name 'undoLogDao' and 'com.junbin.mail.mailproduct.dao.UndoLogDao' mapperInterface. Bean already defined with the same name!
2022-08-22 16:06:22 |WARN  |main |Logger.java:44 |org.mybatis.spring.mapper.ClassPathMapperScanner |No MyBatis mapper was found in '[com.junbin.mail.mailproduct.dao]' package. Please check your configuration.
2022-08-22 16:06:23 |WARN  |main |URLConfigurationSource.java:121 |com.netflix.config.sources.URLConfigurationSource |No URLs will be polled as dynamic configuration sources.
2022-08-22 16:06:23 |WARN  |main |URLConfigurationSource.java:121 |com.netflix.config.sources.URLConfigurationSource |No URLs will be polled as dynamic configuration sources.
2022-08-22 16:06:25 |WARN  |main |LoadBalancerCacheAutoConfiguration.java:82 |org.springframework.cloud.loadbalancer.config.LoadBalancerCacheAutoConfiguration$LoadBalancerCaffeineWarnLogger |Spring Cloud LoadBalancer is currently working with the default cache. While this cache implementation is useful for development and tests, it's recommended to use Caffeine cache in production.You can switch to using Caffeine cache, by adding it and org.springframework.cache.caffeine.CaffeineCacheManager to the classpath.
2022-08-22 16:20:07 |WARN  |main |NacosPropertySourceBuilder.java:87 |com.alibaba.cloud.nacos.client.NacosPropertySourceBuilder |Ignore the empty nacos configuration and get it based on dataId[mail-product] & group[DEFAULT_GROUP]
2022-08-22 16:20:08 |WARN  |main |NacosPropertySourceBuilder.java:87 |com.alibaba.cloud.nacos.client.NacosPropertySourceBuilder |Ignore the empty nacos configuration and get it based on dataId[mail-product.yaml] & group[DEFAULT_GROUP]
2022-08-22 16:20:08 |WARN  |main |Logger.java:44 |org.mybatis.spring.mapper.ClassPathMapperScanner |Skipping MapperFactoryBean with name 'attrAttrgroupRelationDao' and 'com.junbin.mail.mailproduct.dao.AttrAttrgroupRelationDao' mapperInterface. Bean already defined with the same name!
2022-08-22 16:20:08 |WARN  |main |Logger.java:44 |org.mybatis.spring.mapper.ClassPathMapperScanner |Skipping MapperFactoryBean with name 'attrDao' and 'com.junbin.mail.mailproduct.dao.AttrDao' mapperInterface. Bean already defined with the same name!
2022-08-22 16:20:08 |WARN  |main |Logger.java:44 |org.mybatis.spring.mapper.ClassPathMapperScanner |Skipping MapperFactoryBean with name 'attrGroupDao' and 'com.junbin.mail.mailproduct.dao.AttrGroupDao' mapperInterface. Bean already defined with the same name!
2022-08-22 16:20:08 |WARN  |main |Logger.java:44 |org.mybatis.spring.mapper.ClassPathMapperScanner |Skipping MapperFactoryBean with name 'brandDao' and 'com.junbin.mail.mailproduct.dao.BrandDao' mapperInterface. Bean already defined with the same name!
2022-08-22 16:20:08 |WARN  |main |Logger.java:44 |org.mybatis.spring.mapper.ClassPathMapperScanner |Skipping MapperFactoryBean with name 'categoryBrandRelationDao' and 'com.junbin.mail.mailproduct.dao.CategoryBrandRelationDao' mapperInterface. Bean already defined with the same name!
2022-08-22 16:20:08 |WARN  |main |Logger.java:44 |org.mybatis.spring.mapper.ClassPathMapperScanner |Skipping MapperFactoryBean with name 'categoryDao' and 'com.junbin.mail.mailproduct.dao.CategoryDao' mapperInterface. Bean already defined with the same name!
2022-08-22 16:20:08 |WARN  |main |Logger.java:44 |org.mybatis.spring.mapper.ClassPathMapperScanner |Skipping MapperFactoryBean with name 'commentReplayDao' and 'com.junbin.mail.mailproduct.dao.CommentReplayDao' mapperInterface. Bean already defined with the same name!
2022-08-22 16:20:08 |WARN  |main |Logger.java:44 |org.mybatis.spring.mapper.ClassPathMapperScanner |Skipping MapperFactoryBean with name 'productAttrValueDao' and 'com.junbin.mail.mailproduct.dao.ProductAttrValueDao' mapperInterface. Bean already defined with the same name!
2022-08-22 16:20:08 |WARN  |main |Logger.java:44 |org.mybatis.spring.mapper.ClassPathMapperScanner |Skipping MapperFactoryBean with name 'skuImagesDao' and 'com.junbin.mail.mailproduct.dao.SkuImagesDao' mapperInterface. Bean already defined with the same name!
2022-08-22 16:20:08 |WARN  |main |Logger.java:44 |org.mybatis.spring.mapper.ClassPathMapperScanner |Skipping MapperFactoryBean with name 'skuInfoDao' and 'com.junbin.mail.mailproduct.dao.SkuInfoDao' mapperInterface. Bean already defined with the same name!
2022-08-22 16:20:08 |WARN  |main |Logger.java:44 |org.mybatis.spring.mapper.ClassPathMapperScanner |Skipping MapperFactoryBean with name 'skuSaleAttrValueDao' and 'com.junbin.mail.mailproduct.dao.SkuSaleAttrValueDao' mapperInterface. Bean already defined with the same name!
2022-08-22 16:20:08 |WARN  |main |Logger.java:44 |org.mybatis.spring.mapper.ClassPathMapperScanner |Skipping MapperFactoryBean with name 'spuCommentDao' and 'com.junbin.mail.mailproduct.dao.SpuCommentDao' mapperInterface. Bean already defined with the same name!
2022-08-22 16:20:08 |WARN  |main |Logger.java:44 |org.mybatis.spring.mapper.ClassPathMapperScanner |Skipping MapperFactoryBean with name 'spuImagesDao' and 'com.junbin.mail.mailproduct.dao.SpuImagesDao' mapperInterface. Bean already defined with the same name!
2022-08-22 16:20:08 |WARN  |main |Logger.java:44 |org.mybatis.spring.mapper.ClassPathMapperScanner |Skipping MapperFactoryBean with name 'spuInfoDao' and 'com.junbin.mail.mailproduct.dao.SpuInfoDao' mapperInterface. Bean already defined with the same name!
2022-08-22 16:20:08 |WARN  |main |Logger.java:44 |org.mybatis.spring.mapper.ClassPathMapperScanner |Skipping MapperFactoryBean with name 'spuInfoDescDao' and 'com.junbin.mail.mailproduct.dao.SpuInfoDescDao' mapperInterface. Bean already defined with the same name!
2022-08-22 16:20:08 |WARN  |main |Logger.java:44 |org.mybatis.spring.mapper.ClassPathMapperScanner |Skipping MapperFactoryBean with name 'undoLogDao' and 'com.junbin.mail.mailproduct.dao.UndoLogDao' mapperInterface. Bean already defined with the same name!
2022-08-22 16:20:08 |WARN  |main |Logger.java:44 |org.mybatis.spring.mapper.ClassPathMapperScanner |No MyBatis mapper was found in '[com.junbin.mail.mailproduct.dao]' package. Please check your configuration.
2022-08-22 16:20:09 |WARN  |main |URLConfigurationSource.java:121 |com.netflix.config.sources.URLConfigurationSource |No URLs will be polled as dynamic configuration sources.
2022-08-22 16:20:09 |WARN  |main |URLConfigurationSource.java:121 |com.netflix.config.sources.URLConfigurationSource |No URLs will be polled as dynamic configuration sources.
2022-08-22 16:20:11 |WARN  |main |LoadBalancerCacheAutoConfiguration.java:82 |org.springframework.cloud.loadbalancer.config.LoadBalancerCacheAutoConfiguration$LoadBalancerCaffeineWarnLogger |Spring Cloud LoadBalancer is currently working with the default cache. While this cache implementation is useful for development and tests, it's recommended to use Caffeine cache in production.You can switch to using Caffeine cache, by adding it and org.springframework.cache.caffeine.CaffeineCacheManager to the classpath.
2022-08-22 16:29:24 |WARN  |main |NacosPropertySourceBuilder.java:87 |com.alibaba.cloud.nacos.client.NacosPropertySourceBuilder |Ignore the empty nacos configuration and get it based on dataId[mail-product] & group[DEFAULT_GROUP]
2022-08-22 16:29:24 |WARN  |main |NacosPropertySourceBuilder.java:87 |com.alibaba.cloud.nacos.client.NacosPropertySourceBuilder |Ignore the empty nacos configuration and get it based on dataId[mail-product.yaml] & group[DEFAULT_GROUP]
2022-08-22 16:29:25 |WARN  |main |Logger.java:44 |org.mybatis.spring.mapper.ClassPathMapperScanner |Skipping MapperFactoryBean with name 'attrAttrgroupRelationDao' and 'com.junbin.mail.mailproduct.dao.AttrAttrgroupRelationDao' mapperInterface. Bean already defined with the same name!
2022-08-22 16:29:25 |WARN  |main |Logger.java:44 |org.mybatis.spring.mapper.ClassPathMapperScanner |Skipping MapperFactoryBean with name 'attrDao' and 'com.junbin.mail.mailproduct.dao.AttrDao' mapperInterface. Bean already defined with the same name!
2022-08-22 16:29:25 |WARN  |main |Logger.java:44 |org.mybatis.spring.mapper.ClassPathMapperScanner |Skipping MapperFactoryBean with name 'attrGroupDao' and 'com.junbin.mail.mailproduct.dao.AttrGroupDao' mapperInterface. Bean already defined with the same name!
2022-08-22 16:29:25 |WARN  |main |Logger.java:44 |org.mybatis.spring.mapper.ClassPathMapperScanner |Skipping MapperFactoryBean with name 'brandDao' and 'com.junbin.mail.mailproduct.dao.BrandDao' mapperInterface. Bean already defined with the same name!
2022-08-22 16:29:25 |WARN  |main |Logger.java:44 |org.mybatis.spring.mapper.ClassPathMapperScanner |Skipping MapperFactoryBean with name 'categoryBrandRelationDao' and 'com.junbin.mail.mailproduct.dao.CategoryBrandRelationDao' mapperInterface. Bean already defined with the same name!
2022-08-22 16:29:25 |WARN  |main |Logger.java:44 |org.mybatis.spring.mapper.ClassPathMapperScanner |Skipping MapperFactoryBean with name 'categoryDao' and 'com.junbin.mail.mailproduct.dao.CategoryDao' mapperInterface. Bean already defined with the same name!
2022-08-22 16:29:25 |WARN  |main |Logger.java:44 |org.mybatis.spring.mapper.ClassPathMapperScanner |Skipping MapperFactoryBean with name 'commentReplayDao' and 'com.junbin.mail.mailproduct.dao.CommentReplayDao' mapperInterface. Bean already defined with the same name!
2022-08-22 16:29:25 |WARN  |main |Logger.java:44 |org.mybatis.spring.mapper.ClassPathMapperScanner |Skipping MapperFactoryBean with name 'productAttrValueDao' and 'com.junbin.mail.mailproduct.dao.ProductAttrValueDao' mapperInterface. Bean already defined with the same name!
2022-08-22 16:29:25 |WARN  |main |Logger.java:44 |org.mybatis.spring.mapper.ClassPathMapperScanner |Skipping MapperFactoryBean with name 'skuImagesDao' and 'com.junbin.mail.mailproduct.dao.SkuImagesDao' mapperInterface. Bean already defined with the same name!
2022-08-22 16:29:25 |WARN  |main |Logger.java:44 |org.mybatis.spring.mapper.ClassPathMapperScanner |Skipping MapperFactoryBean with name 'skuInfoDao' and 'com.junbin.mail.mailproduct.dao.SkuInfoDao' mapperInterface. Bean already defined with the same name!
2022-08-22 16:29:25 |WARN  |main |Logger.java:44 |org.mybatis.spring.mapper.ClassPathMapperScanner |Skipping MapperFactoryBean with name 'skuSaleAttrValueDao' and 'com.junbin.mail.mailproduct.dao.SkuSaleAttrValueDao' mapperInterface. Bean already defined with the same name!
2022-08-22 16:29:25 |WARN  |main |Logger.java:44 |org.mybatis.spring.mapper.ClassPathMapperScanner |Skipping MapperFactoryBean with name 'spuCommentDao' and 'com.junbin.mail.mailproduct.dao.SpuCommentDao' mapperInterface. Bean already defined with the same name!
2022-08-22 16:29:25 |WARN  |main |Logger.java:44 |org.mybatis.spring.mapper.ClassPathMapperScanner |Skipping MapperFactoryBean with name 'spuImagesDao' and 'com.junbin.mail.mailproduct.dao.SpuImagesDao' mapperInterface. Bean already defined with the same name!
2022-08-22 16:29:25 |WARN  |main |Logger.java:44 |org.mybatis.spring.mapper.ClassPathMapperScanner |Skipping MapperFactoryBean with name 'spuInfoDao' and 'com.junbin.mail.mailproduct.dao.SpuInfoDao' mapperInterface. Bean already defined with the same name!
2022-08-22 16:29:25 |WARN  |main |Logger.java:44 |org.mybatis.spring.mapper.ClassPathMapperScanner |Skipping MapperFactoryBean with name 'spuInfoDescDao' and 'com.junbin.mail.mailproduct.dao.SpuInfoDescDao' mapperInterface. Bean already defined with the same name!
2022-08-22 16:29:25 |WARN  |main |Logger.java:44 |org.mybatis.spring.mapper.ClassPathMapperScanner |Skipping MapperFactoryBean with name 'undoLogDao' and 'com.junbin.mail.mailproduct.dao.UndoLogDao' mapperInterface. Bean already defined with the same name!
2022-08-22 16:29:25 |WARN  |main |Logger.java:44 |org.mybatis.spring.mapper.ClassPathMapperScanner |No MyBatis mapper was found in '[com.junbin.mail.mailproduct.dao]' package. Please check your configuration.
2022-08-22 16:29:26 |WARN  |main |URLConfigurationSource.java:121 |com.netflix.config.sources.URLConfigurationSource |No URLs will be polled as dynamic configuration sources.
2022-08-22 16:29:26 |WARN  |main |URLConfigurationSource.java:121 |com.netflix.config.sources.URLConfigurationSource |No URLs will be polled as dynamic configuration sources.
2022-08-22 16:29:28 |WARN  |main |LoadBalancerCacheAutoConfiguration.java:82 |org.springframework.cloud.loadbalancer.config.LoadBalancerCacheAutoConfiguration$LoadBalancerCaffeineWarnLogger |Spring Cloud LoadBalancer is currently working with the default cache. While this cache implementation is useful for development and tests, it's recommended to use Caffeine cache in production.You can switch to using Caffeine cache, by adding it and org.springframework.cache.caffeine.CaffeineCacheManager to the classpath.
2022-08-22 16:33:09 |WARN  |main |NacosPropertySourceBuilder.java:87 |com.alibaba.cloud.nacos.client.NacosPropertySourceBuilder |Ignore the empty nacos configuration and get it based on dataId[mail-product] & group[DEFAULT_GROUP]
2022-08-22 16:33:09 |WARN  |main |NacosPropertySourceBuilder.java:87 |com.alibaba.cloud.nacos.client.NacosPropertySourceBuilder |Ignore the empty nacos configuration and get it based on dataId[mail-product.yaml] & group[DEFAULT_GROUP]
2022-08-22 16:33:10 |WARN  |main |Logger.java:44 |org.mybatis.spring.mapper.ClassPathMapperScanner |Skipping MapperFactoryBean with name 'attrAttrgroupRelationDao' and 'com.junbin.mail.mailproduct.dao.AttrAttrgroupRelationDao' mapperInterface. Bean already defined with the same name!
2022-08-22 16:33:10 |WARN  |main |Logger.java:44 |org.mybatis.spring.mapper.ClassPathMapperScanner |Skipping MapperFactoryBean with name 'attrDao' and 'com.junbin.mail.mailproduct.dao.AttrDao' mapperInterface. Bean already defined with the same name!
2022-08-22 16:33:10 |WARN  |main |Logger.java:44 |org.mybatis.spring.mapper.ClassPathMapperScanner |Skipping MapperFactoryBean with name 'attrGroupDao' and 'com.junbin.mail.mailproduct.dao.AttrGroupDao' mapperInterface. Bean already defined with the same name!
2022-08-22 16:33:10 |WARN  |main |Logger.java:44 |org.mybatis.spring.mapper.ClassPathMapperScanner |Skipping MapperFactoryBean with name 'brandDao' and 'com.junbin.mail.mailproduct.dao.BrandDao' mapperInterface. Bean already defined with the same name!
2022-08-22 16:33:10 |WARN  |main |Logger.java:44 |org.mybatis.spring.mapper.ClassPathMapperScanner |Skipping MapperFactoryBean with name 'categoryBrandRelationDao' and 'com.junbin.mail.mailproduct.dao.CategoryBrandRelationDao' mapperInterface. Bean already defined with the same name!
2022-08-22 16:33:10 |WARN  |main |Logger.java:44 |org.mybatis.spring.mapper.ClassPathMapperScanner |Skipping MapperFactoryBean with name 'categoryDao' and 'com.junbin.mail.mailproduct.dao.CategoryDao' mapperInterface. Bean already defined with the same name!
2022-08-22 16:33:10 |WARN  |main |Logger.java:44 |org.mybatis.spring.mapper.ClassPathMapperScanner |Skipping MapperFactoryBean with name 'commentReplayDao' and 'com.junbin.mail.mailproduct.dao.CommentReplayDao' mapperInterface. Bean already defined with the same name!
2022-08-22 16:33:10 |WARN  |main |Logger.java:44 |org.mybatis.spring.mapper.ClassPathMapperScanner |Skipping MapperFactoryBean with name 'productAttrValueDao' and 'com.junbin.mail.mailproduct.dao.ProductAttrValueDao' mapperInterface. Bean already defined with the same name!
2022-08-22 16:33:10 |WARN  |main |Logger.java:44 |org.mybatis.spring.mapper.ClassPathMapperScanner |Skipping MapperFactoryBean with name 'skuImagesDao' and 'com.junbin.mail.mailproduct.dao.SkuImagesDao' mapperInterface. Bean already defined with the same name!
2022-08-22 16:33:10 |WARN  |main |Logger.java:44 |org.mybatis.spring.mapper.ClassPathMapperScanner |Skipping MapperFactoryBean with name 'skuInfoDao' and 'com.junbin.mail.mailproduct.dao.SkuInfoDao' mapperInterface. Bean already defined with the same name!
2022-08-22 16:33:10 |WARN  |main |Logger.java:44 |org.mybatis.spring.mapper.ClassPathMapperScanner |Skipping MapperFactoryBean with name 'skuSaleAttrValueDao' and 'com.junbin.mail.mailproduct.dao.SkuSaleAttrValueDao' mapperInterface. Bean already defined with the same name!
2022-08-22 16:33:10 |WARN  |main |Logger.java:44 |org.mybatis.spring.mapper.ClassPathMapperScanner |Skipping MapperFactoryBean with name 'spuCommentDao' and 'com.junbin.mail.mailproduct.dao.SpuCommentDao' mapperInterface. Bean already defined with the same name!
2022-08-22 16:33:10 |WARN  |main |Logger.java:44 |org.mybatis.spring.mapper.ClassPathMapperScanner |Skipping MapperFactoryBean with name 'spuImagesDao' and 'com.junbin.mail.mailproduct.dao.SpuImagesDao' mapperInterface. Bean already defined with the same name!
2022-08-22 16:33:10 |WARN  |main |Logger.java:44 |org.mybatis.spring.mapper.ClassPathMapperScanner |Skipping MapperFactoryBean with name 'spuInfoDao' and 'com.junbin.mail.mailproduct.dao.SpuInfoDao' mapperInterface. Bean already defined with the same name!
2022-08-22 16:33:10 |WARN  |main |Logger.java:44 |org.mybatis.spring.mapper.ClassPathMapperScanner |Skipping MapperFactoryBean with name 'spuInfoDescDao' and 'com.junbin.mail.mailproduct.dao.SpuInfoDescDao' mapperInterface. Bean already defined with the same name!
2022-08-22 16:33:10 |WARN  |main |Logger.java:44 |org.mybatis.spring.mapper.ClassPathMapperScanner |Skipping MapperFactoryBean with name 'undoLogDao' and 'com.junbin.mail.mailproduct.dao.UndoLogDao' mapperInterface. Bean already defined with the same name!
2022-08-22 16:33:10 |WARN  |main |Logger.java:44 |org.mybatis.spring.mapper.ClassPathMapperScanner |No MyBatis mapper was found in '[com.junbin.mail.mailproduct.dao]' package. Please check your configuration.
2022-08-22 16:33:11 |WARN  |main |URLConfigurationSource.java:121 |com.netflix.config.sources.URLConfigurationSource |No URLs will be polled as dynamic configuration sources.
2022-08-22 16:33:11 |WARN  |main |URLConfigurationSource.java:121 |com.netflix.config.sources.URLConfigurationSource |No URLs will be polled as dynamic configuration sources.
2022-08-22 16:33:13 |WARN  |main |LoadBalancerCacheAutoConfiguration.java:82 |org.springframework.cloud.loadbalancer.config.LoadBalancerCacheAutoConfiguration$LoadBalancerCaffeineWarnLogger |Spring Cloud LoadBalancer is currently working with the default cache. While this cache implementation is useful for development and tests, it's recommended to use Caffeine cache in production.You can switch to using Caffeine cache, by adding it and org.springframework.cache.caffeine.CaffeineCacheManager to the classpath.
2022-08-22 16:39:05 |WARN  |main |NacosPropertySourceBuilder.java:87 |com.alibaba.cloud.nacos.client.NacosPropertySourceBuilder |Ignore the empty nacos configuration and get it based on dataId[mail-product] & group[DEFAULT_GROUP]
2022-08-22 16:39:05 |WARN  |main |NacosPropertySourceBuilder.java:87 |com.alibaba.cloud.nacos.client.NacosPropertySourceBuilder |Ignore the empty nacos configuration and get it based on dataId[mail-product.yaml] & group[DEFAULT_GROUP]
2022-08-22 16:39:05 |WARN  |main |Logger.java:44 |org.mybatis.spring.mapper.ClassPathMapperScanner |Skipping MapperFactoryBean with name 'attrAttrgroupRelationDao' and 'com.junbin.mail.mailproduct.dao.AttrAttrgroupRelationDao' mapperInterface. Bean already defined with the same name!
2022-08-22 16:39:05 |WARN  |main |Logger.java:44 |org.mybatis.spring.mapper.ClassPathMapperScanner |Skipping MapperFactoryBean with name 'attrDao' and 'com.junbin.mail.mailproduct.dao.AttrDao' mapperInterface. Bean already defined with the same name!
2022-08-22 16:39:05 |WARN  |main |Logger.java:44 |org.mybatis.spring.mapper.ClassPathMapperScanner |Skipping MapperFactoryBean with name 'attrGroupDao' and 'com.junbin.mail.mailproduct.dao.AttrGroupDao' mapperInterface. Bean already defined with the same name!
2022-08-22 16:39:05 |WARN  |main |Logger.java:44 |org.mybatis.spring.mapper.ClassPathMapperScanner |Skipping MapperFactoryBean with name 'brandDao' and 'com.junbin.mail.mailproduct.dao.BrandDao' mapperInterface. Bean already defined with the same name!
2022-08-22 16:39:05 |WARN  |main |Logger.java:44 |org.mybatis.spring.mapper.ClassPathMapperScanner |Skipping MapperFactoryBean with name 'categoryBrandRelationDao' and 'com.junbin.mail.mailproduct.dao.CategoryBrandRelationDao' mapperInterface. Bean already defined with the same name!
2022-08-22 16:39:05 |WARN  |main |Logger.java:44 |org.mybatis.spring.mapper.ClassPathMapperScanner |Skipping MapperFactoryBean with name 'categoryDao' and 'com.junbin.mail.mailproduct.dao.CategoryDao' mapperInterface. Bean already defined with the same name!
2022-08-22 16:39:05 |WARN  |main |Logger.java:44 |org.mybatis.spring.mapper.ClassPathMapperScanner |Skipping MapperFactoryBean with name 'commentReplayDao' and 'com.junbin.mail.mailproduct.dao.CommentReplayDao' mapperInterface. Bean already defined with the same name!
2022-08-22 16:39:05 |WARN  |main |Logger.java:44 |org.mybatis.spring.mapper.ClassPathMapperScanner |Skipping MapperFactoryBean with name 'productAttrValueDao' and 'com.junbin.mail.mailproduct.dao.ProductAttrValueDao' mapperInterface. Bean already defined with the same name!
2022-08-22 16:39:05 |WARN  |main |Logger.java:44 |org.mybatis.spring.mapper.ClassPathMapperScanner |Skipping MapperFactoryBean with name 'skuImagesDao' and 'com.junbin.mail.mailproduct.dao.SkuImagesDao' mapperInterface. Bean already defined with the same name!
2022-08-22 16:39:05 |WARN  |main |Logger.java:44 |org.mybatis.spring.mapper.ClassPathMapperScanner |Skipping MapperFactoryBean with name 'skuInfoDao' and 'com.junbin.mail.mailproduct.dao.SkuInfoDao' mapperInterface. Bean already defined with the same name!
2022-08-22 16:39:05 |WARN  |main |Logger.java:44 |org.mybatis.spring.mapper.ClassPathMapperScanner |Skipping MapperFactoryBean with name 'skuSaleAttrValueDao' and 'com.junbin.mail.mailproduct.dao.SkuSaleAttrValueDao' mapperInterface. Bean already defined with the same name!
2022-08-22 16:39:05 |WARN  |main |Logger.java:44 |org.mybatis.spring.mapper.ClassPathMapperScanner |Skipping MapperFactoryBean with name 'spuCommentDao' and 'com.junbin.mail.mailproduct.dao.SpuCommentDao' mapperInterface. Bean already defined with the same name!
2022-08-22 16:39:05 |WARN  |main |Logger.java:44 |org.mybatis.spring.mapper.ClassPathMapperScanner |Skipping MapperFactoryBean with name 'spuImagesDao' and 'com.junbin.mail.mailproduct.dao.SpuImagesDao' mapperInterface. Bean already defined with the same name!
2022-08-22 16:39:05 |WARN  |main |Logger.java:44 |org.mybatis.spring.mapper.ClassPathMapperScanner |Skipping MapperFactoryBean with name 'spuInfoDao' and 'com.junbin.mail.mailproduct.dao.SpuInfoDao' mapperInterface. Bean already defined with the same name!
2022-08-22 16:39:05 |WARN  |main |Logger.java:44 |org.mybatis.spring.mapper.ClassPathMapperScanner |Skipping MapperFactoryBean with name 'spuInfoDescDao' and 'com.junbin.mail.mailproduct.dao.SpuInfoDescDao' mapperInterface. Bean already defined with the same name!
2022-08-22 16:39:05 |WARN  |main |Logger.java:44 |org.mybatis.spring.mapper.ClassPathMapperScanner |Skipping MapperFactoryBean with name 'undoLogDao' and 'com.junbin.mail.mailproduct.dao.UndoLogDao' mapperInterface. Bean already defined with the same name!
2022-08-22 16:39:05 |WARN  |main |Logger.java:44 |org.mybatis.spring.mapper.ClassPathMapperScanner |No MyBatis mapper was found in '[com.junbin.mail.mailproduct.dao]' package. Please check your configuration.
2022-08-22 16:39:06 |WARN  |main |URLConfigurationSource.java:121 |com.netflix.config.sources.URLConfigurationSource |No URLs will be polled as dynamic configuration sources.
2022-08-22 16:39:06 |WARN  |main |URLConfigurationSource.java:121 |com.netflix.config.sources.URLConfigurationSource |No URLs will be polled as dynamic configuration sources.
2022-08-22 16:39:08 |WARN  |main |LoadBalancerCacheAutoConfiguration.java:82 |org.springframework.cloud.loadbalancer.config.LoadBalancerCacheAutoConfiguration$LoadBalancerCaffeineWarnLogger |Spring Cloud LoadBalancer is currently working with the default cache. While this cache implementation is useful for development and tests, it's recommended to use Caffeine cache in production.You can switch to using Caffeine cache, by adding it and org.springframework.cache.caffeine.CaffeineCacheManager to the classpath.
2022-08-22 16:42:42 |WARN  |main |NacosPropertySourceBuilder.java:87 |com.alibaba.cloud.nacos.client.NacosPropertySourceBuilder |Ignore the empty nacos configuration and get it based on dataId[mail-product] & group[DEFAULT_GROUP]
2022-08-22 16:42:42 |WARN  |main |NacosPropertySourceBuilder.java:87 |com.alibaba.cloud.nacos.client.NacosPropertySourceBuilder |Ignore the empty nacos configuration and get it based on dataId[mail-product.yaml] & group[DEFAULT_GROUP]
2022-08-22 16:42:43 |WARN  |main |Logger.java:44 |org.mybatis.spring.mapper.ClassPathMapperScanner |Skipping MapperFactoryBean with name 'attrAttrgroupRelationDao' and 'com.junbin.mail.mailproduct.dao.AttrAttrgroupRelationDao' mapperInterface. Bean already defined with the same name!
2022-08-22 16:42:43 |WARN  |main |Logger.java:44 |org.mybatis.spring.mapper.ClassPathMapperScanner |Skipping MapperFactoryBean with name 'attrDao' and 'com.junbin.mail.mailproduct.dao.AttrDao' mapperInterface. Bean already defined with the same name!
2022-08-22 16:42:43 |WARN  |main |Logger.java:44 |org.mybatis.spring.mapper.ClassPathMapperScanner |Skipping MapperFactoryBean with name 'attrGroupDao' and 'com.junbin.mail.mailproduct.dao.AttrGroupDao' mapperInterface. Bean already defined with the same name!
2022-08-22 16:42:43 |WARN  |main |Logger.java:44 |org.mybatis.spring.mapper.ClassPathMapperScanner |Skipping MapperFactoryBean with name 'brandDao' and 'com.junbin.mail.mailproduct.dao.BrandDao' mapperInterface. Bean already defined with the same name!
2022-08-22 16:42:43 |WARN  |main |Logger.java:44 |org.mybatis.spring.mapper.ClassPathMapperScanner |Skipping MapperFactoryBean with name 'categoryBrandRelationDao' and 'com.junbin.mail.mailproduct.dao.CategoryBrandRelationDao' mapperInterface. Bean already defined with the same name!
2022-08-22 16:42:43 |WARN  |main |Logger.java:44 |org.mybatis.spring.mapper.ClassPathMapperScanner |Skipping MapperFactoryBean with name 'categoryDao' and 'com.junbin.mail.mailproduct.dao.CategoryDao' mapperInterface. Bean already defined with the same name!
2022-08-22 16:42:43 |WARN  |main |Logger.java:44 |org.mybatis.spring.mapper.ClassPathMapperScanner |Skipping MapperFactoryBean with name 'commentReplayDao' and 'com.junbin.mail.mailproduct.dao.CommentReplayDao' mapperInterface. Bean already defined with the same name!
2022-08-22 16:42:43 |WARN  |main |Logger.java:44 |org.mybatis.spring.mapper.ClassPathMapperScanner |Skipping MapperFactoryBean with name 'productAttrValueDao' and 'com.junbin.mail.mailproduct.dao.ProductAttrValueDao' mapperInterface. Bean already defined with the same name!
2022-08-22 16:42:43 |WARN  |main |Logger.java:44 |org.mybatis.spring.mapper.ClassPathMapperScanner |Skipping MapperFactoryBean with name 'skuImagesDao' and 'com.junbin.mail.mailproduct.dao.SkuImagesDao' mapperInterface. Bean already defined with the same name!
2022-08-22 16:42:43 |WARN  |main |Logger.java:44 |org.mybatis.spring.mapper.ClassPathMapperScanner |Skipping MapperFactoryBean with name 'skuInfoDao' and 'com.junbin.mail.mailproduct.dao.SkuInfoDao' mapperInterface. Bean already defined with the same name!
2022-08-22 16:42:43 |WARN  |main |Logger.java:44 |org.mybatis.spring.mapper.ClassPathMapperScanner |Skipping MapperFactoryBean with name 'skuSaleAttrValueDao' and 'com.junbin.mail.mailproduct.dao.SkuSaleAttrValueDao' mapperInterface. Bean already defined with the same name!
2022-08-22 16:42:43 |WARN  |main |Logger.java:44 |org.mybatis.spring.mapper.ClassPathMapperScanner |Skipping MapperFactoryBean with name 'spuCommentDao' and 'com.junbin.mail.mailproduct.dao.SpuCommentDao' mapperInterface. Bean already defined with the same name!
2022-08-22 16:42:43 |WARN  |main |Logger.java:44 |org.mybatis.spring.mapper.ClassPathMapperScanner |Skipping MapperFactoryBean with name 'spuImagesDao' and 'com.junbin.mail.mailproduct.dao.SpuImagesDao' mapperInterface. Bean already defined with the same name!
2022-08-22 16:42:43 |WARN  |main |Logger.java:44 |org.mybatis.spring.mapper.ClassPathMapperScanner |Skipping MapperFactoryBean with name 'spuInfoDao' and 'com.junbin.mail.mailproduct.dao.SpuInfoDao' mapperInterface. Bean already defined with the same name!
2022-08-22 16:42:43 |WARN  |main |Logger.java:44 |org.mybatis.spring.mapper.ClassPathMapperScanner |Skipping MapperFactoryBean with name 'spuInfoDescDao' and 'com.junbin.mail.mailproduct.dao.SpuInfoDescDao' mapperInterface. Bean already defined with the same name!
2022-08-22 16:42:43 |WARN  |main |Logger.java:44 |org.mybatis.spring.mapper.ClassPathMapperScanner |Skipping MapperFactoryBean with name 'undoLogDao' and 'com.junbin.mail.mailproduct.dao.UndoLogDao' mapperInterface. Bean already defined with the same name!
2022-08-22 16:42:43 |WARN  |main |Logger.java:44 |org.mybatis.spring.mapper.ClassPathMapperScanner |No MyBatis mapper was found in '[com.junbin.mail.mailproduct.dao]' package. Please check your configuration.
2022-08-22 16:42:44 |WARN  |main |URLConfigurationSource.java:121 |com.netflix.config.sources.URLConfigurationSource |No URLs will be polled as dynamic configuration sources.
2022-08-22 16:42:44 |WARN  |main |URLConfigurationSource.java:121 |com.netflix.config.sources.URLConfigurationSource |No URLs will be polled as dynamic configuration sources.
2022-08-22 16:42:46 |WARN  |main |LoadBalancerCacheAutoConfiguration.java:82 |org.springframework.cloud.loadbalancer.config.LoadBalancerCacheAutoConfiguration$LoadBalancerCaffeineWarnLogger |Spring Cloud LoadBalancer is currently working with the default cache. While this cache implementation is useful for development and tests, it's recommended to use Caffeine cache in production.You can switch to using Caffeine cache, by adding it and org.springframework.cache.caffeine.CaffeineCacheManager to the classpath.
2022-08-22 16:56:36 |WARN  |main |NacosPropertySourceBuilder.java:87 |com.alibaba.cloud.nacos.client.NacosPropertySourceBuilder |Ignore the empty nacos configuration and get it based on dataId[mail-product] & group[DEFAULT_GROUP]
2022-08-22 16:56:36 |WARN  |main |NacosPropertySourceBuilder.java:87 |com.alibaba.cloud.nacos.client.NacosPropertySourceBuilder |Ignore the empty nacos configuration and get it based on dataId[mail-product.yaml] & group[DEFAULT_GROUP]
2022-08-22 16:56:36 |WARN  |main |Logger.java:44 |org.mybatis.spring.mapper.ClassPathMapperScanner |Skipping MapperFactoryBean with name 'attrAttrgroupRelationDao' and 'com.junbin.mail.mailproduct.dao.AttrAttrgroupRelationDao' mapperInterface. Bean already defined with the same name!
2022-08-22 16:56:36 |WARN  |main |Logger.java:44 |org.mybatis.spring.mapper.ClassPathMapperScanner |Skipping MapperFactoryBean with name 'attrDao' and 'com.junbin.mail.mailproduct.dao.AttrDao' mapperInterface. Bean already defined with the same name!
2022-08-22 16:56:36 |WARN  |main |Logger.java:44 |org.mybatis.spring.mapper.ClassPathMapperScanner |Skipping MapperFactoryBean with name 'attrGroupDao' and 'com.junbin.mail.mailproduct.dao.AttrGroupDao' mapperInterface. Bean already defined with the same name!
2022-08-22 16:56:36 |WARN  |main |Logger.java:44 |org.mybatis.spring.mapper.ClassPathMapperScanner |Skipping MapperFactoryBean with name 'brandDao' and 'com.junbin.mail.mailproduct.dao.BrandDao' mapperInterface. Bean already defined with the same name!
2022-08-22 16:56:36 |WARN  |main |Logger.java:44 |org.mybatis.spring.mapper.ClassPathMapperScanner |Skipping MapperFactoryBean with name 'categoryBrandRelationDao' and 'com.junbin.mail.mailproduct.dao.CategoryBrandRelationDao' mapperInterface. Bean already defined with the same name!
2022-08-22 16:56:36 |WARN  |main |Logger.java:44 |org.mybatis.spring.mapper.ClassPathMapperScanner |Skipping MapperFactoryBean with name 'categoryDao' and 'com.junbin.mail.mailproduct.dao.CategoryDao' mapperInterface. Bean already defined with the same name!
2022-08-22 16:56:36 |WARN  |main |Logger.java:44 |org.mybatis.spring.mapper.ClassPathMapperScanner |Skipping MapperFactoryBean with name 'commentReplayDao' and 'com.junbin.mail.mailproduct.dao.CommentReplayDao' mapperInterface. Bean already defined with the same name!
2022-08-22 16:56:36 |WARN  |main |Logger.java:44 |org.mybatis.spring.mapper.ClassPathMapperScanner |Skipping MapperFactoryBean with name 'productAttrValueDao' and 'com.junbin.mail.mailproduct.dao.ProductAttrValueDao' mapperInterface. Bean already defined with the same name!
2022-08-22 16:56:36 |WARN  |main |Logger.java:44 |org.mybatis.spring.mapper.ClassPathMapperScanner |Skipping MapperFactoryBean with name 'skuImagesDao' and 'com.junbin.mail.mailproduct.dao.SkuImagesDao' mapperInterface. Bean already defined with the same name!
2022-08-22 16:56:36 |WARN  |main |Logger.java:44 |org.mybatis.spring.mapper.ClassPathMapperScanner |Skipping MapperFactoryBean with name 'skuInfoDao' and 'com.junbin.mail.mailproduct.dao.SkuInfoDao' mapperInterface. Bean already defined with the same name!
2022-08-22 16:56:36 |WARN  |main |Logger.java:44 |org.mybatis.spring.mapper.ClassPathMapperScanner |Skipping MapperFactoryBean with name 'skuSaleAttrValueDao' and 'com.junbin.mail.mailproduct.dao.SkuSaleAttrValueDao' mapperInterface. Bean already defined with the same name!
2022-08-22 16:56:36 |WARN  |main |Logger.java:44 |org.mybatis.spring.mapper.ClassPathMapperScanner |Skipping MapperFactoryBean with name 'spuCommentDao' and 'com.junbin.mail.mailproduct.dao.SpuCommentDao' mapperInterface. Bean already defined with the same name!
2022-08-22 16:56:36 |WARN  |main |Logger.java:44 |org.mybatis.spring.mapper.ClassPathMapperScanner |Skipping MapperFactoryBean with name 'spuImagesDao' and 'com.junbin.mail.mailproduct.dao.SpuImagesDao' mapperInterface. Bean already defined with the same name!
2022-08-22 16:56:36 |WARN  |main |Logger.java:44 |org.mybatis.spring.mapper.ClassPathMapperScanner |Skipping MapperFactoryBean with name 'spuInfoDao' and 'com.junbin.mail.mailproduct.dao.SpuInfoDao' mapperInterface. Bean already defined with the same name!
2022-08-22 16:56:36 |WARN  |main |Logger.java:44 |org.mybatis.spring.mapper.ClassPathMapperScanner |Skipping MapperFactoryBean with name 'spuInfoDescDao' and 'com.junbin.mail.mailproduct.dao.SpuInfoDescDao' mapperInterface. Bean already defined with the same name!
2022-08-22 16:56:36 |WARN  |main |Logger.java:44 |org.mybatis.spring.mapper.ClassPathMapperScanner |Skipping MapperFactoryBean with name 'undoLogDao' and 'com.junbin.mail.mailproduct.dao.UndoLogDao' mapperInterface. Bean already defined with the same name!
2022-08-22 16:56:36 |WARN  |main |Logger.java:44 |org.mybatis.spring.mapper.ClassPathMapperScanner |No MyBatis mapper was found in '[com.junbin.mail.mailproduct.dao]' package. Please check your configuration.
2022-08-22 16:56:37 |WARN  |main |URLConfigurationSource.java:121 |com.netflix.config.sources.URLConfigurationSource |No URLs will be polled as dynamic configuration sources.
2022-08-22 16:56:37 |WARN  |main |URLConfigurationSource.java:121 |com.netflix.config.sources.URLConfigurationSource |No URLs will be polled as dynamic configuration sources.
2022-08-22 16:56:39 |WARN  |main |LoadBalancerCacheAutoConfiguration.java:82 |org.springframework.cloud.loadbalancer.config.LoadBalancerCacheAutoConfiguration$LoadBalancerCaffeineWarnLogger |Spring Cloud LoadBalancer is currently working with the default cache. While this cache implementation is useful for development and tests, it's recommended to use Caffeine cache in production.You can switch to using Caffeine cache, by adding it and org.springframework.cache.caffeine.CaffeineCacheManager to the classpath.
