2022-08-15 15:58:17 |WARN  |main |NacosPropertySourceBuilder.java:87 |com.alibaba.cloud.nacos.client.NacosPropertySourceBuilder |Ignore the empty nacos configuration and get it based on dataId[mail-product] & group[DEFAULT_GROUP]
2022-08-15 15:58:17 |WARN  |main |NacosPropertySourceBuilder.java:87 |com.alibaba.cloud.nacos.client.NacosPropertySourceBuilder |Ignore the empty nacos configuration and get it based on dataId[mail-product.yaml] & group[DEFAULT_GROUP]
2022-08-15 15:58:18 |WARN  |main |URLConfigurationSource.java:121 |com.netflix.config.sources.URLConfigurationSource |No URLs will be polled as dynamic configuration sources.
2022-08-15 15:58:18 |WARN  |main |URLConfigurationSource.java:121 |com.netflix.config.sources.URLConfigurationSource |No URLs will be polled as dynamic configuration sources.
2022-08-15 15:58:20 |WARN  |main |LoadBalancerCacheAutoConfiguration.java:82 |org.springframework.cloud.loadbalancer.config.LoadBalancerCacheAutoConfiguration$LoadBalancerCaffeineWarnLogger |Spring Cloud LoadBalancer is currently working with the default cache. While this cache implementation is useful for development and tests, it's recommended to use Caffeine cache in production.You can switch to using Caffeine cache, by adding it and org.springframework.cache.caffeine.CaffeineCacheManager to the classpath.
2022-08-15 16:01:45 |WARN  |main |NacosPropertySourceBuilder.java:87 |com.alibaba.cloud.nacos.client.NacosPropertySourceBuilder |Ignore the empty nacos configuration and get it based on dataId[mail-product] & group[DEFAULT_GROUP]
2022-08-15 16:01:45 |WARN  |main |NacosPropertySourceBuilder.java:87 |com.alibaba.cloud.nacos.client.NacosPropertySourceBuilder |Ignore the empty nacos configuration and get it based on dataId[mail-product.yaml] & group[DEFAULT_GROUP]
2022-08-15 16:01:47 |WARN  |main |URLConfigurationSource.java:121 |com.netflix.config.sources.URLConfigurationSource |No URLs will be polled as dynamic configuration sources.
2022-08-15 16:01:47 |WARN  |main |URLConfigurationSource.java:121 |com.netflix.config.sources.URLConfigurationSource |No URLs will be polled as dynamic configuration sources.
2022-08-15 16:01:49 |WARN  |main |LoadBalancerCacheAutoConfiguration.java:82 |org.springframework.cloud.loadbalancer.config.LoadBalancerCacheAutoConfiguration$LoadBalancerCaffeineWarnLogger |Spring Cloud LoadBalancer is currently working with the default cache. While this cache implementation is useful for development and tests, it's recommended to use Caffeine cache in production.You can switch to using Caffeine cache, by adding it and org.springframework.cache.caffeine.CaffeineCacheManager to the classpath.
2022-08-15 16:04:11 |WARN  |main |NacosPropertySourceBuilder.java:87 |com.alibaba.cloud.nacos.client.NacosPropertySourceBuilder |Ignore the empty nacos configuration and get it based on dataId[mail-product] & group[DEFAULT_GROUP]
2022-08-15 16:04:11 |WARN  |main |NacosPropertySourceBuilder.java:87 |com.alibaba.cloud.nacos.client.NacosPropertySourceBuilder |Ignore the empty nacos configuration and get it based on dataId[mail-product.yaml] & group[DEFAULT_GROUP]
2022-08-15 16:04:15 |WARN  |main |URLConfigurationSource.java:121 |com.netflix.config.sources.URLConfigurationSource |No URLs will be polled as dynamic configuration sources.
2022-08-15 16:04:15 |WARN  |main |URLConfigurationSource.java:121 |com.netflix.config.sources.URLConfigurationSource |No URLs will be polled as dynamic configuration sources.
2022-08-15 16:04:18 |WARN  |main |LoadBalancerCacheAutoConfiguration.java:82 |org.springframework.cloud.loadbalancer.config.LoadBalancerCacheAutoConfiguration$LoadBalancerCaffeineWarnLogger |Spring Cloud LoadBalancer is currently working with the default cache. While this cache implementation is useful for development and tests, it's recommended to use Caffeine cache in production.You can switch to using Caffeine cache, by adding it and org.springframework.cache.caffeine.CaffeineCacheManager to the classpath.
2022-08-15 16:05:14 |WARN  |http-nio-8009-exec-2 |AbstractHandlerExceptionResolver.java:208 |org.springframework.web.servlet.mvc.support.DefaultHandlerExceptionResolver |Resolved [org.springframework.web.bind.MethodArgumentNotValidException: Validation failed for argument [0] in public com.junbin.common.utils.R com.junbin.mail.mailproduct.controller.BrandController.save(com.junbin.mail.mailproduct.entity.BrandEntity): [Field error in object 'brandEntity' on field 'name': rejected value []; codes [NotBlank.brandEntity.name,NotBlank.name,NotBlank.java.lang.String,NotBlank]; arguments [org.springframework.context.support.DefaultMessageSourceResolvable: codes [brandEntity.name,name]; arguments []; default message [name]]; default message [品牌名不能为空]] ]
2022-08-15 16:05:52 |WARN  |http-nio-8009-exec-4 |AbstractHandlerExceptionResolver.java:208 |org.springframework.web.servlet.mvc.support.DefaultHandlerExceptionResolver |Resolved [org.springframework.web.bind.MethodArgumentNotValidException: Validation failed for argument [0] in public com.junbin.common.utils.R com.junbin.mail.mailproduct.controller.BrandController.save(com.junbin.mail.mailproduct.entity.BrandEntity): [Field error in object 'brandEntity' on field 'name': rejected value []; codes [NotBlank.brandEntity.name,NotBlank.name,NotBlank.java.lang.String,NotBlank]; arguments [org.springframework.context.support.DefaultMessageSourceResolvable: codes [brandEntity.name,name]; arguments []; default message [name]]; default message [品牌名不能为空]] ]
2022-08-15 16:23:56 |WARN  |main |NacosPropertySourceBuilder.java:87 |com.alibaba.cloud.nacos.client.NacosPropertySourceBuilder |Ignore the empty nacos configuration and get it based on dataId[mail-product] & group[DEFAULT_GROUP]
2022-08-15 16:23:56 |WARN  |main |NacosPropertySourceBuilder.java:87 |com.alibaba.cloud.nacos.client.NacosPropertySourceBuilder |Ignore the empty nacos configuration and get it based on dataId[mail-product.yaml] & group[DEFAULT_GROUP]
2022-08-15 16:23:58 |WARN  |main |URLConfigurationSource.java:121 |com.netflix.config.sources.URLConfigurationSource |No URLs will be polled as dynamic configuration sources.
2022-08-15 16:23:58 |WARN  |main |URLConfigurationSource.java:121 |com.netflix.config.sources.URLConfigurationSource |No URLs will be polled as dynamic configuration sources.
2022-08-15 16:23:59 |WARN  |main |LoadBalancerCacheAutoConfiguration.java:82 |org.springframework.cloud.loadbalancer.config.LoadBalancerCacheAutoConfiguration$LoadBalancerCaffeineWarnLogger |Spring Cloud LoadBalancer is currently working with the default cache. While this cache implementation is useful for development and tests, it's recommended to use Caffeine cache in production.You can switch to using Caffeine cache, by adding it and org.springframework.cache.caffeine.CaffeineCacheManager to the classpath.
2022-08-15 16:30:52 |WARN  |main |NacosPropertySourceBuilder.java:87 |com.alibaba.cloud.nacos.client.NacosPropertySourceBuilder |Ignore the empty nacos configuration and get it based on dataId[mail-product] & group[DEFAULT_GROUP]
2022-08-15 16:30:52 |WARN  |main |NacosPropertySourceBuilder.java:87 |com.alibaba.cloud.nacos.client.NacosPropertySourceBuilder |Ignore the empty nacos configuration and get it based on dataId[mail-product.yaml] & group[DEFAULT_GROUP]
2022-08-15 16:30:54 |WARN  |main |URLConfigurationSource.java:121 |com.netflix.config.sources.URLConfigurationSource |No URLs will be polled as dynamic configuration sources.
2022-08-15 16:30:54 |WARN  |main |URLConfigurationSource.java:121 |com.netflix.config.sources.URLConfigurationSource |No URLs will be polled as dynamic configuration sources.
2022-08-15 16:30:56 |WARN  |main |LoadBalancerCacheAutoConfiguration.java:82 |org.springframework.cloud.loadbalancer.config.LoadBalancerCacheAutoConfiguration$LoadBalancerCaffeineWarnLogger |Spring Cloud LoadBalancer is currently working with the default cache. While this cache implementation is useful for development and tests, it's recommended to use Caffeine cache in production.You can switch to using Caffeine cache, by adding it and org.springframework.cache.caffeine.CaffeineCacheManager to the classpath.
2022-08-15 16:37:44 |WARN  |main |NacosPropertySourceBuilder.java:87 |com.alibaba.cloud.nacos.client.NacosPropertySourceBuilder |Ignore the empty nacos configuration and get it based on dataId[mail-product] & group[DEFAULT_GROUP]
2022-08-15 16:37:44 |WARN  |main |NacosPropertySourceBuilder.java:87 |com.alibaba.cloud.nacos.client.NacosPropertySourceBuilder |Ignore the empty nacos configuration and get it based on dataId[mail-product.yaml] & group[DEFAULT_GROUP]
2022-08-15 16:37:46 |WARN  |main |URLConfigurationSource.java:121 |com.netflix.config.sources.URLConfigurationSource |No URLs will be polled as dynamic configuration sources.
2022-08-15 16:37:46 |WARN  |main |URLConfigurationSource.java:121 |com.netflix.config.sources.URLConfigurationSource |No URLs will be polled as dynamic configuration sources.
2022-08-15 16:37:48 |WARN  |main |LoadBalancerCacheAutoConfiguration.java:82 |org.springframework.cloud.loadbalancer.config.LoadBalancerCacheAutoConfiguration$LoadBalancerCaffeineWarnLogger |Spring Cloud LoadBalancer is currently working with the default cache. While this cache implementation is useful for development and tests, it's recommended to use Caffeine cache in production.You can switch to using Caffeine cache, by adding it and org.springframework.cache.caffeine.CaffeineCacheManager to the classpath.
2022-08-15 17:15:02 |WARN  |main |NacosPropertySourceBuilder.java:87 |com.alibaba.cloud.nacos.client.NacosPropertySourceBuilder |Ignore the empty nacos configuration and get it based on dataId[mail-product] & group[DEFAULT_GROUP]
2022-08-15 17:15:02 |WARN  |main |NacosPropertySourceBuilder.java:87 |com.alibaba.cloud.nacos.client.NacosPropertySourceBuilder |Ignore the empty nacos configuration and get it based on dataId[mail-product.yaml] & group[DEFAULT_GROUP]
2022-08-15 17:15:04 |WARN  |main |URLConfigurationSource.java:121 |com.netflix.config.sources.URLConfigurationSource |No URLs will be polled as dynamic configuration sources.
2022-08-15 17:15:04 |WARN  |main |URLConfigurationSource.java:121 |com.netflix.config.sources.URLConfigurationSource |No URLs will be polled as dynamic configuration sources.
2022-08-15 17:15:05 |WARN  |main |LoadBalancerCacheAutoConfiguration.java:82 |org.springframework.cloud.loadbalancer.config.LoadBalancerCacheAutoConfiguration$LoadBalancerCaffeineWarnLogger |Spring Cloud LoadBalancer is currently working with the default cache. While this cache implementation is useful for development and tests, it's recommended to use Caffeine cache in production.You can switch to using Caffeine cache, by adding it and org.springframework.cache.caffeine.CaffeineCacheManager to the classpath.
2022-08-15 17:15:55 |WARN  |main |NacosPropertySourceBuilder.java:87 |com.alibaba.cloud.nacos.client.NacosPropertySourceBuilder |Ignore the empty nacos configuration and get it based on dataId[mail-product] & group[DEFAULT_GROUP]
2022-08-15 17:15:55 |WARN  |main |NacosPropertySourceBuilder.java:87 |com.alibaba.cloud.nacos.client.NacosPropertySourceBuilder |Ignore the empty nacos configuration and get it based on dataId[mail-product.yaml] & group[DEFAULT_GROUP]
2022-08-15 17:15:56 |WARN  |main |URLConfigurationSource.java:121 |com.netflix.config.sources.URLConfigurationSource |No URLs will be polled as dynamic configuration sources.
2022-08-15 17:15:56 |WARN  |main |URLConfigurationSource.java:121 |com.netflix.config.sources.URLConfigurationSource |No URLs will be polled as dynamic configuration sources.
2022-08-15 17:15:58 |WARN  |main |LoadBalancerCacheAutoConfiguration.java:82 |org.springframework.cloud.loadbalancer.config.LoadBalancerCacheAutoConfiguration$LoadBalancerCaffeineWarnLogger |Spring Cloud LoadBalancer is currently working with the default cache. While this cache implementation is useful for development and tests, it's recommended to use Caffeine cache in production.You can switch to using Caffeine cache, by adding it and org.springframework.cache.caffeine.CaffeineCacheManager to the classpath.
2022-08-15 17:21:19 |WARN  |main |NacosPropertySourceBuilder.java:87 |com.alibaba.cloud.nacos.client.NacosPropertySourceBuilder |Ignore the empty nacos configuration and get it based on dataId[mail-product] & group[DEFAULT_GROUP]
2022-08-15 17:21:19 |WARN  |main |NacosPropertySourceBuilder.java:87 |com.alibaba.cloud.nacos.client.NacosPropertySourceBuilder |Ignore the empty nacos configuration and get it based on dataId[mail-product.yaml] & group[DEFAULT_GROUP]
2022-08-15 17:21:20 |WARN  |main |URLConfigurationSource.java:121 |com.netflix.config.sources.URLConfigurationSource |No URLs will be polled as dynamic configuration sources.
2022-08-15 17:21:20 |WARN  |main |URLConfigurationSource.java:121 |com.netflix.config.sources.URLConfigurationSource |No URLs will be polled as dynamic configuration sources.
2022-08-15 17:21:22 |WARN  |main |LoadBalancerCacheAutoConfiguration.java:82 |org.springframework.cloud.loadbalancer.config.LoadBalancerCacheAutoConfiguration$LoadBalancerCaffeineWarnLogger |Spring Cloud LoadBalancer is currently working with the default cache. While this cache implementation is useful for development and tests, it's recommended to use Caffeine cache in production.You can switch to using Caffeine cache, by adding it and org.springframework.cache.caffeine.CaffeineCacheManager to the classpath.
2022-08-15 17:22:15 |WARN  |com.alibaba.nacos.client.Worker.longPolling.fixed-192.168.56.10_8848 |NacosPropertySourceBuilder.java:87 |com.alibaba.cloud.nacos.client.NacosPropertySourceBuilder |Ignore the empty nacos configuration and get it based on dataId[mail-product] & group[DEFAULT_GROUP]
2022-08-15 17:22:15 |WARN  |com.alibaba.nacos.client.Worker.longPolling.fixed-192.168.56.10_8848 |NacosPropertySourceBuilder.java:87 |com.alibaba.cloud.nacos.client.NacosPropertySourceBuilder |Ignore the empty nacos configuration and get it based on dataId[mail-product.yaml] & group[DEFAULT_GROUP]
2022-08-15 17:22:25 |WARN  |main |NacosPropertySourceBuilder.java:87 |com.alibaba.cloud.nacos.client.NacosPropertySourceBuilder |Ignore the empty nacos configuration and get it based on dataId[mail-product] & group[DEFAULT_GROUP]
2022-08-15 17:22:25 |WARN  |main |NacosPropertySourceBuilder.java:87 |com.alibaba.cloud.nacos.client.NacosPropertySourceBuilder |Ignore the empty nacos configuration and get it based on dataId[mail-product.yaml] & group[DEFAULT_GROUP]
2022-08-15 17:22:27 |WARN  |main |URLConfigurationSource.java:121 |com.netflix.config.sources.URLConfigurationSource |No URLs will be polled as dynamic configuration sources.
2022-08-15 17:22:27 |WARN  |main |URLConfigurationSource.java:121 |com.netflix.config.sources.URLConfigurationSource |No URLs will be polled as dynamic configuration sources.
2022-08-15 17:22:29 |WARN  |main |LoadBalancerCacheAutoConfiguration.java:82 |org.springframework.cloud.loadbalancer.config.LoadBalancerCacheAutoConfiguration$LoadBalancerCaffeineWarnLogger |Spring Cloud LoadBalancer is currently working with the default cache. While this cache implementation is useful for development and tests, it's recommended to use Caffeine cache in production.You can switch to using Caffeine cache, by adding it and org.springframework.cache.caffeine.CaffeineCacheManager to the classpath.
2022-08-15 17:38:24 |WARN  |main |NacosPropertySourceBuilder.java:87 |com.alibaba.cloud.nacos.client.NacosPropertySourceBuilder |Ignore the empty nacos configuration and get it based on dataId[mail-product] & group[DEFAULT_GROUP]
2022-08-15 17:38:24 |WARN  |main |NacosPropertySourceBuilder.java:87 |com.alibaba.cloud.nacos.client.NacosPropertySourceBuilder |Ignore the empty nacos configuration and get it based on dataId[mail-product.yaml] & group[DEFAULT_GROUP]
2022-08-15 17:38:26 |WARN  |main |URLConfigurationSource.java:121 |com.netflix.config.sources.URLConfigurationSource |No URLs will be polled as dynamic configuration sources.
2022-08-15 17:38:26 |WARN  |main |URLConfigurationSource.java:121 |com.netflix.config.sources.URLConfigurationSource |No URLs will be polled as dynamic configuration sources.
2022-08-15 17:38:27 |WARN  |main |LoadBalancerCacheAutoConfiguration.java:82 |org.springframework.cloud.loadbalancer.config.LoadBalancerCacheAutoConfiguration$LoadBalancerCaffeineWarnLogger |Spring Cloud LoadBalancer is currently working with the default cache. While this cache implementation is useful for development and tests, it's recommended to use Caffeine cache in production.You can switch to using Caffeine cache, by adding it and org.springframework.cache.caffeine.CaffeineCacheManager to the classpath.
2022-08-15 17:46:07 |WARN  |main |NacosPropertySourceBuilder.java:87 |com.alibaba.cloud.nacos.client.NacosPropertySourceBuilder |Ignore the empty nacos configuration and get it based on dataId[mail-product] & group[DEFAULT_GROUP]
2022-08-15 17:46:07 |WARN  |main |NacosPropertySourceBuilder.java:87 |com.alibaba.cloud.nacos.client.NacosPropertySourceBuilder |Ignore the empty nacos configuration and get it based on dataId[mail-product.yaml] & group[DEFAULT_GROUP]
2022-08-15 17:46:09 |WARN  |main |URLConfigurationSource.java:121 |com.netflix.config.sources.URLConfigurationSource |No URLs will be polled as dynamic configuration sources.
2022-08-15 17:46:09 |WARN  |main |URLConfigurationSource.java:121 |com.netflix.config.sources.URLConfigurationSource |No URLs will be polled as dynamic configuration sources.
2022-08-15 17:46:10 |WARN  |main |LoadBalancerCacheAutoConfiguration.java:82 |org.springframework.cloud.loadbalancer.config.LoadBalancerCacheAutoConfiguration$LoadBalancerCaffeineWarnLogger |Spring Cloud LoadBalancer is currently working with the default cache. While this cache implementation is useful for development and tests, it's recommended to use Caffeine cache in production.You can switch to using Caffeine cache, by adding it and org.springframework.cache.caffeine.CaffeineCacheManager to the classpath.
2022-08-15 18:40:44 |WARN  |com.alibaba.nacos.client.naming.updater |HostReactor.java:484 |com.alibaba.nacos.client.naming |[NA] failed to update serviceName: DEFAULT_GROUP@@mail-product
com.alibaba.nacos.api.exception.NacosException: failed to req API:/nacos/v1/ns/instance/list after all servers([192.168.56.10:8848]) tried: java.net.NoRouteToHostException: No route to host: connect
	at com.alibaba.nacos.client.naming.net.NamingProxy.reqApi(NamingProxy.java:556)
	at com.alibaba.nacos.client.naming.net.NamingProxy.reqApi(NamingProxy.java:498)
	at com.alibaba.nacos.client.naming.net.NamingProxy.reqApi(NamingProxy.java:493)
	at com.alibaba.nacos.client.naming.net.NamingProxy.queryList(NamingProxy.java:407)
	at com.alibaba.nacos.client.naming.core.HostReactor.updateService(HostReactor.java:378)
	at com.alibaba.nacos.client.naming.core.HostReactor$UpdateTask.run(HostReactor.java:460)
	at java.base/java.util.concurrent.Executors$RunnableAdapter.call(Executors.java:515)
	at java.base/java.util.concurrent.FutureTask.run(FutureTask.java:264)
	at java.base/java.util.concurrent.ScheduledThreadPoolExecutor$ScheduledFutureTask.run(ScheduledThreadPoolExecutor.java:304)
	at java.base/java.util.concurrent.ThreadPoolExecutor.runWorker(ThreadPoolExecutor.java:1128)
	at java.base/java.util.concurrent.ThreadPoolExecutor$Worker.run(ThreadPoolExecutor.java:628)
	at java.base/java.lang.Thread.run(Thread.java:835)
2022-08-15 20:26:47 |WARN  |HikariPool-1 housekeeper |HikariPool.java:788 |com.zaxxer.hikari.pool.HikariPool |HikariPool-1 - Thread starvation or clock leap detected (housekeeper delta=1h46m28s491ms340µs500ns).
