2022-08-25 14:41:57 |WARN  |main |NacosPropertySourceBuilder.java:87 |com.alibaba.cloud.nacos.client.NacosPropertySourceBuilder |Ignore the empty nacos configuration and get it based on dataId[mail-product] & group[DEFAULT_GROUP]
2022-08-25 14:41:57 |WARN  |main |NacosPropertySourceBuilder.java:87 |com.alibaba.cloud.nacos.client.NacosPropertySourceBuilder |Ignore the empty nacos configuration and get it based on dataId[mail-product.yaml] & group[DEFAULT_GROUP]
2022-08-25 14:41:58 |WARN  |main |Logger.java:44 |org.mybatis.spring.mapper.ClassPathMapperScanner |Skipping MapperFactoryBean with name 'attrAttrgroupRelationDao' and 'com.junbin.mail.mailproduct.dao.AttrAttrgroupRelationDao' mapperInterface. Bean already defined with the same name!
2022-08-25 14:41:58 |WARN  |main |Logger.java:44 |org.mybatis.spring.mapper.ClassPathMapperScanner |Skipping MapperFactoryBean with name 'attrDao' and 'com.junbin.mail.mailproduct.dao.AttrDao' mapperInterface. Bean already defined with the same name!
2022-08-25 14:41:58 |WARN  |main |Logger.java:44 |org.mybatis.spring.mapper.ClassPathMapperScanner |Skipping MapperFactoryBean with name 'attrGroupDao' and 'com.junbin.mail.mailproduct.dao.AttrGroupDao' mapperInterface. Bean already defined with the same name!
2022-08-25 14:41:58 |WARN  |main |Logger.java:44 |org.mybatis.spring.mapper.ClassPathMapperScanner |Skipping MapperFactoryBean with name 'brandDao' and 'com.junbin.mail.mailproduct.dao.BrandDao' mapperInterface. Bean already defined with the same name!
2022-08-25 14:41:58 |WARN  |main |Logger.java:44 |org.mybatis.spring.mapper.ClassPathMapperScanner |Skipping MapperFactoryBean with name 'categoryBrandRelationDao' and 'com.junbin.mail.mailproduct.dao.CategoryBrandRelationDao' mapperInterface. Bean already defined with the same name!
2022-08-25 14:41:58 |WARN  |main |Logger.java:44 |org.mybatis.spring.mapper.ClassPathMapperScanner |Skipping MapperFactoryBean with name 'categoryDao' and 'com.junbin.mail.mailproduct.dao.CategoryDao' mapperInterface. Bean already defined with the same name!
2022-08-25 14:41:58 |WARN  |main |Logger.java:44 |org.mybatis.spring.mapper.ClassPathMapperScanner |Skipping MapperFactoryBean with name 'commentReplayDao' and 'com.junbin.mail.mailproduct.dao.CommentReplayDao' mapperInterface. Bean already defined with the same name!
2022-08-25 14:41:58 |WARN  |main |Logger.java:44 |org.mybatis.spring.mapper.ClassPathMapperScanner |Skipping MapperFactoryBean with name 'productAttrValueDao' and 'com.junbin.mail.mailproduct.dao.ProductAttrValueDao' mapperInterface. Bean already defined with the same name!
2022-08-25 14:41:58 |WARN  |main |Logger.java:44 |org.mybatis.spring.mapper.ClassPathMapperScanner |Skipping MapperFactoryBean with name 'skuImagesDao' and 'com.junbin.mail.mailproduct.dao.SkuImagesDao' mapperInterface. Bean already defined with the same name!
2022-08-25 14:41:58 |WARN  |main |Logger.java:44 |org.mybatis.spring.mapper.ClassPathMapperScanner |Skipping MapperFactoryBean with name 'skuInfoDao' and 'com.junbin.mail.mailproduct.dao.SkuInfoDao' mapperInterface. Bean already defined with the same name!
2022-08-25 14:41:58 |WARN  |main |Logger.java:44 |org.mybatis.spring.mapper.ClassPathMapperScanner |Skipping MapperFactoryBean with name 'skuSaleAttrValueDao' and 'com.junbin.mail.mailproduct.dao.SkuSaleAttrValueDao' mapperInterface. Bean already defined with the same name!
2022-08-25 14:41:58 |WARN  |main |Logger.java:44 |org.mybatis.spring.mapper.ClassPathMapperScanner |Skipping MapperFactoryBean with name 'spuCommentDao' and 'com.junbin.mail.mailproduct.dao.SpuCommentDao' mapperInterface. Bean already defined with the same name!
2022-08-25 14:41:58 |WARN  |main |Logger.java:44 |org.mybatis.spring.mapper.ClassPathMapperScanner |Skipping MapperFactoryBean with name 'spuImagesDao' and 'com.junbin.mail.mailproduct.dao.SpuImagesDao' mapperInterface. Bean already defined with the same name!
2022-08-25 14:41:58 |WARN  |main |Logger.java:44 |org.mybatis.spring.mapper.ClassPathMapperScanner |Skipping MapperFactoryBean with name 'spuInfoDao' and 'com.junbin.mail.mailproduct.dao.SpuInfoDao' mapperInterface. Bean already defined with the same name!
2022-08-25 14:41:58 |WARN  |main |Logger.java:44 |org.mybatis.spring.mapper.ClassPathMapperScanner |Skipping MapperFactoryBean with name 'spuInfoDescDao' and 'com.junbin.mail.mailproduct.dao.SpuInfoDescDao' mapperInterface. Bean already defined with the same name!
2022-08-25 14:41:58 |WARN  |main |Logger.java:44 |org.mybatis.spring.mapper.ClassPathMapperScanner |Skipping MapperFactoryBean with name 'undoLogDao' and 'com.junbin.mail.mailproduct.dao.UndoLogDao' mapperInterface. Bean already defined with the same name!
2022-08-25 14:41:58 |WARN  |main |Logger.java:44 |org.mybatis.spring.mapper.ClassPathMapperScanner |No MyBatis mapper was found in '[com.junbin.mail.mailproduct.dao]' package. Please check your configuration.
2022-08-25 14:41:59 |WARN  |main |URLConfigurationSource.java:121 |com.netflix.config.sources.URLConfigurationSource |No URLs will be polled as dynamic configuration sources.
2022-08-25 14:41:59 |WARN  |main |URLConfigurationSource.java:121 |com.netflix.config.sources.URLConfigurationSource |No URLs will be polled as dynamic configuration sources.
2022-08-25 14:41:59 |WARN  |main |AbstractApplicationContext.java:591 |org.springframework.boot.web.servlet.context.AnnotationConfigServletWebServerApplicationContext |Exception encountered during context initialization - cancelling refresh attempt: org.springframework.beans.factory.BeanCreationException: Error creating bean with name 'requestMappingHandlerMapping' defined in class path resource [org/springframework/boot/autoconfigure/web/servlet/WebMvcAutoConfiguration$EnableWebMvcConfiguration.class]: Invocation of init method failed; nested exception is java.lang.IllegalStateException: Ambiguous mapping. Cannot map 'spuInfoController' method 
com.junbin.mail.mailproduct.controller.SpuInfoController#save(SpuInfoEntity)
to { [/mailproduct/spuinfo/save]}: There is already 'spuInfoController' bean method
com.junbin.mail.mailproduct.controller.SpuInfoController#save(SpuSaveVo) mapped.
2022-08-25 14:41:59 |WARN  |Thread-1 |HttpClientBeanHolder.java:108 |com.alibaba.nacos.common.http.HttpClientBeanHolder |[HttpClientBeanHolder] Start destroying common HttpClient
2022-08-25 14:45:10 |WARN  |main |NacosPropertySourceBuilder.java:87 |com.alibaba.cloud.nacos.client.NacosPropertySourceBuilder |Ignore the empty nacos configuration and get it based on dataId[mail-product] & group[DEFAULT_GROUP]
2022-08-25 14:45:10 |WARN  |main |NacosPropertySourceBuilder.java:87 |com.alibaba.cloud.nacos.client.NacosPropertySourceBuilder |Ignore the empty nacos configuration and get it based on dataId[mail-product.yaml] & group[DEFAULT_GROUP]
2022-08-25 14:45:10 |WARN  |main |Logger.java:44 |org.mybatis.spring.mapper.ClassPathMapperScanner |Skipping MapperFactoryBean with name 'attrAttrgroupRelationDao' and 'com.junbin.mail.mailproduct.dao.AttrAttrgroupRelationDao' mapperInterface. Bean already defined with the same name!
2022-08-25 14:45:10 |WARN  |main |Logger.java:44 |org.mybatis.spring.mapper.ClassPathMapperScanner |Skipping MapperFactoryBean with name 'attrDao' and 'com.junbin.mail.mailproduct.dao.AttrDao' mapperInterface. Bean already defined with the same name!
2022-08-25 14:45:10 |WARN  |main |Logger.java:44 |org.mybatis.spring.mapper.ClassPathMapperScanner |Skipping MapperFactoryBean with name 'attrGroupDao' and 'com.junbin.mail.mailproduct.dao.AttrGroupDao' mapperInterface. Bean already defined with the same name!
2022-08-25 14:45:10 |WARN  |main |Logger.java:44 |org.mybatis.spring.mapper.ClassPathMapperScanner |Skipping MapperFactoryBean with name 'brandDao' and 'com.junbin.mail.mailproduct.dao.BrandDao' mapperInterface. Bean already defined with the same name!
2022-08-25 14:45:10 |WARN  |main |Logger.java:44 |org.mybatis.spring.mapper.ClassPathMapperScanner |Skipping MapperFactoryBean with name 'categoryBrandRelationDao' and 'com.junbin.mail.mailproduct.dao.CategoryBrandRelationDao' mapperInterface. Bean already defined with the same name!
2022-08-25 14:45:10 |WARN  |main |Logger.java:44 |org.mybatis.spring.mapper.ClassPathMapperScanner |Skipping MapperFactoryBean with name 'categoryDao' and 'com.junbin.mail.mailproduct.dao.CategoryDao' mapperInterface. Bean already defined with the same name!
2022-08-25 14:45:10 |WARN  |main |Logger.java:44 |org.mybatis.spring.mapper.ClassPathMapperScanner |Skipping MapperFactoryBean with name 'commentReplayDao' and 'com.junbin.mail.mailproduct.dao.CommentReplayDao' mapperInterface. Bean already defined with the same name!
2022-08-25 14:45:10 |WARN  |main |Logger.java:44 |org.mybatis.spring.mapper.ClassPathMapperScanner |Skipping MapperFactoryBean with name 'productAttrValueDao' and 'com.junbin.mail.mailproduct.dao.ProductAttrValueDao' mapperInterface. Bean already defined with the same name!
2022-08-25 14:45:10 |WARN  |main |Logger.java:44 |org.mybatis.spring.mapper.ClassPathMapperScanner |Skipping MapperFactoryBean with name 'skuImagesDao' and 'com.junbin.mail.mailproduct.dao.SkuImagesDao' mapperInterface. Bean already defined with the same name!
2022-08-25 14:45:10 |WARN  |main |Logger.java:44 |org.mybatis.spring.mapper.ClassPathMapperScanner |Skipping MapperFactoryBean with name 'skuInfoDao' and 'com.junbin.mail.mailproduct.dao.SkuInfoDao' mapperInterface. Bean already defined with the same name!
2022-08-25 14:45:10 |WARN  |main |Logger.java:44 |org.mybatis.spring.mapper.ClassPathMapperScanner |Skipping MapperFactoryBean with name 'skuSaleAttrValueDao' and 'com.junbin.mail.mailproduct.dao.SkuSaleAttrValueDao' mapperInterface. Bean already defined with the same name!
2022-08-25 14:45:10 |WARN  |main |Logger.java:44 |org.mybatis.spring.mapper.ClassPathMapperScanner |Skipping MapperFactoryBean with name 'spuCommentDao' and 'com.junbin.mail.mailproduct.dao.SpuCommentDao' mapperInterface. Bean already defined with the same name!
2022-08-25 14:45:10 |WARN  |main |Logger.java:44 |org.mybatis.spring.mapper.ClassPathMapperScanner |Skipping MapperFactoryBean with name 'spuImagesDao' and 'com.junbin.mail.mailproduct.dao.SpuImagesDao' mapperInterface. Bean already defined with the same name!
2022-08-25 14:45:10 |WARN  |main |Logger.java:44 |org.mybatis.spring.mapper.ClassPathMapperScanner |Skipping MapperFactoryBean with name 'spuInfoDao' and 'com.junbin.mail.mailproduct.dao.SpuInfoDao' mapperInterface. Bean already defined with the same name!
2022-08-25 14:45:10 |WARN  |main |Logger.java:44 |org.mybatis.spring.mapper.ClassPathMapperScanner |Skipping MapperFactoryBean with name 'spuInfoDescDao' and 'com.junbin.mail.mailproduct.dao.SpuInfoDescDao' mapperInterface. Bean already defined with the same name!
2022-08-25 14:45:10 |WARN  |main |Logger.java:44 |org.mybatis.spring.mapper.ClassPathMapperScanner |Skipping MapperFactoryBean with name 'undoLogDao' and 'com.junbin.mail.mailproduct.dao.UndoLogDao' mapperInterface. Bean already defined with the same name!
2022-08-25 14:45:10 |WARN  |main |Logger.java:44 |org.mybatis.spring.mapper.ClassPathMapperScanner |No MyBatis mapper was found in '[com.junbin.mail.mailproduct.dao]' package. Please check your configuration.
2022-08-25 14:45:12 |WARN  |main |URLConfigurationSource.java:121 |com.netflix.config.sources.URLConfigurationSource |No URLs will be polled as dynamic configuration sources.
2022-08-25 14:45:12 |WARN  |main |URLConfigurationSource.java:121 |com.netflix.config.sources.URLConfigurationSource |No URLs will be polled as dynamic configuration sources.
2022-08-25 14:45:13 |WARN  |main |LoadBalancerCacheAutoConfiguration.java:82 |org.springframework.cloud.loadbalancer.config.LoadBalancerCacheAutoConfiguration$LoadBalancerCaffeineWarnLogger |Spring Cloud LoadBalancer is currently working with the default cache. While this cache implementation is useful for development and tests, it's recommended to use Caffeine cache in production.You can switch to using Caffeine cache, by adding it and org.springframework.cache.caffeine.CaffeineCacheManager to the classpath.
2022-08-25 14:52:41 |WARN  |main |NacosPropertySourceBuilder.java:87 |com.alibaba.cloud.nacos.client.NacosPropertySourceBuilder |Ignore the empty nacos configuration and get it based on dataId[mail-product] & group[DEFAULT_GROUP]
2022-08-25 14:52:41 |WARN  |main |NacosPropertySourceBuilder.java:87 |com.alibaba.cloud.nacos.client.NacosPropertySourceBuilder |Ignore the empty nacos configuration and get it based on dataId[mail-product.yaml] & group[DEFAULT_GROUP]
2022-08-25 14:52:41 |WARN  |main |Logger.java:44 |org.mybatis.spring.mapper.ClassPathMapperScanner |Skipping MapperFactoryBean with name 'attrAttrgroupRelationDao' and 'com.junbin.mail.mailproduct.dao.AttrAttrgroupRelationDao' mapperInterface. Bean already defined with the same name!
2022-08-25 14:52:41 |WARN  |main |Logger.java:44 |org.mybatis.spring.mapper.ClassPathMapperScanner |Skipping MapperFactoryBean with name 'attrDao' and 'com.junbin.mail.mailproduct.dao.AttrDao' mapperInterface. Bean already defined with the same name!
2022-08-25 14:52:41 |WARN  |main |Logger.java:44 |org.mybatis.spring.mapper.ClassPathMapperScanner |Skipping MapperFactoryBean with name 'attrGroupDao' and 'com.junbin.mail.mailproduct.dao.AttrGroupDao' mapperInterface. Bean already defined with the same name!
2022-08-25 14:52:41 |WARN  |main |Logger.java:44 |org.mybatis.spring.mapper.ClassPathMapperScanner |Skipping MapperFactoryBean with name 'brandDao' and 'com.junbin.mail.mailproduct.dao.BrandDao' mapperInterface. Bean already defined with the same name!
2022-08-25 14:52:41 |WARN  |main |Logger.java:44 |org.mybatis.spring.mapper.ClassPathMapperScanner |Skipping MapperFactoryBean with name 'categoryBrandRelationDao' and 'com.junbin.mail.mailproduct.dao.CategoryBrandRelationDao' mapperInterface. Bean already defined with the same name!
2022-08-25 14:52:41 |WARN  |main |Logger.java:44 |org.mybatis.spring.mapper.ClassPathMapperScanner |Skipping MapperFactoryBean with name 'categoryDao' and 'com.junbin.mail.mailproduct.dao.CategoryDao' mapperInterface. Bean already defined with the same name!
2022-08-25 14:52:41 |WARN  |main |Logger.java:44 |org.mybatis.spring.mapper.ClassPathMapperScanner |Skipping MapperFactoryBean with name 'commentReplayDao' and 'com.junbin.mail.mailproduct.dao.CommentReplayDao' mapperInterface. Bean already defined with the same name!
2022-08-25 14:52:41 |WARN  |main |Logger.java:44 |org.mybatis.spring.mapper.ClassPathMapperScanner |Skipping MapperFactoryBean with name 'productAttrValueDao' and 'com.junbin.mail.mailproduct.dao.ProductAttrValueDao' mapperInterface. Bean already defined with the same name!
2022-08-25 14:52:41 |WARN  |main |Logger.java:44 |org.mybatis.spring.mapper.ClassPathMapperScanner |Skipping MapperFactoryBean with name 'skuImagesDao' and 'com.junbin.mail.mailproduct.dao.SkuImagesDao' mapperInterface. Bean already defined with the same name!
2022-08-25 14:52:41 |WARN  |main |Logger.java:44 |org.mybatis.spring.mapper.ClassPathMapperScanner |Skipping MapperFactoryBean with name 'skuInfoDao' and 'com.junbin.mail.mailproduct.dao.SkuInfoDao' mapperInterface. Bean already defined with the same name!
2022-08-25 14:52:41 |WARN  |main |Logger.java:44 |org.mybatis.spring.mapper.ClassPathMapperScanner |Skipping MapperFactoryBean with name 'skuSaleAttrValueDao' and 'com.junbin.mail.mailproduct.dao.SkuSaleAttrValueDao' mapperInterface. Bean already defined with the same name!
2022-08-25 14:52:41 |WARN  |main |Logger.java:44 |org.mybatis.spring.mapper.ClassPathMapperScanner |Skipping MapperFactoryBean with name 'spuCommentDao' and 'com.junbin.mail.mailproduct.dao.SpuCommentDao' mapperInterface. Bean already defined with the same name!
2022-08-25 14:52:41 |WARN  |main |Logger.java:44 |org.mybatis.spring.mapper.ClassPathMapperScanner |Skipping MapperFactoryBean with name 'spuImagesDao' and 'com.junbin.mail.mailproduct.dao.SpuImagesDao' mapperInterface. Bean already defined with the same name!
2022-08-25 14:52:41 |WARN  |main |Logger.java:44 |org.mybatis.spring.mapper.ClassPathMapperScanner |Skipping MapperFactoryBean with name 'spuInfoDao' and 'com.junbin.mail.mailproduct.dao.SpuInfoDao' mapperInterface. Bean already defined with the same name!
2022-08-25 14:52:41 |WARN  |main |Logger.java:44 |org.mybatis.spring.mapper.ClassPathMapperScanner |Skipping MapperFactoryBean with name 'spuInfoDescDao' and 'com.junbin.mail.mailproduct.dao.SpuInfoDescDao' mapperInterface. Bean already defined with the same name!
2022-08-25 14:52:41 |WARN  |main |Logger.java:44 |org.mybatis.spring.mapper.ClassPathMapperScanner |Skipping MapperFactoryBean with name 'undoLogDao' and 'com.junbin.mail.mailproduct.dao.UndoLogDao' mapperInterface. Bean already defined with the same name!
2022-08-25 14:52:41 |WARN  |main |Logger.java:44 |org.mybatis.spring.mapper.ClassPathMapperScanner |No MyBatis mapper was found in '[com.junbin.mail.mailproduct.dao]' package. Please check your configuration.
2022-08-25 14:52:44 |WARN  |main |URLConfigurationSource.java:121 |com.netflix.config.sources.URLConfigurationSource |No URLs will be polled as dynamic configuration sources.
2022-08-25 14:52:44 |WARN  |main |URLConfigurationSource.java:121 |com.netflix.config.sources.URLConfigurationSource |No URLs will be polled as dynamic configuration sources.
2022-08-25 14:52:46 |WARN  |main |LoadBalancerCacheAutoConfiguration.java:82 |org.springframework.cloud.loadbalancer.config.LoadBalancerCacheAutoConfiguration$LoadBalancerCaffeineWarnLogger |Spring Cloud LoadBalancer is currently working with the default cache. While this cache implementation is useful for development and tests, it's recommended to use Caffeine cache in production.You can switch to using Caffeine cache, by adding it and org.springframework.cache.caffeine.CaffeineCacheManager to the classpath.
2022-08-25 14:57:55 |WARN  |main |NacosPropertySourceBuilder.java:87 |com.alibaba.cloud.nacos.client.NacosPropertySourceBuilder |Ignore the empty nacos configuration and get it based on dataId[mail-product] & group[DEFAULT_GROUP]
2022-08-25 14:57:55 |WARN  |main |NacosPropertySourceBuilder.java:87 |com.alibaba.cloud.nacos.client.NacosPropertySourceBuilder |Ignore the empty nacos configuration and get it based on dataId[mail-product.yaml] & group[DEFAULT_GROUP]
2022-08-25 14:57:56 |WARN  |main |Logger.java:44 |org.mybatis.spring.mapper.ClassPathMapperScanner |Skipping MapperFactoryBean with name 'attrAttrgroupRelationDao' and 'com.junbin.mail.mailproduct.dao.AttrAttrgroupRelationDao' mapperInterface. Bean already defined with the same name!
2022-08-25 14:57:56 |WARN  |main |Logger.java:44 |org.mybatis.spring.mapper.ClassPathMapperScanner |Skipping MapperFactoryBean with name 'attrDao' and 'com.junbin.mail.mailproduct.dao.AttrDao' mapperInterface. Bean already defined with the same name!
2022-08-25 14:57:56 |WARN  |main |Logger.java:44 |org.mybatis.spring.mapper.ClassPathMapperScanner |Skipping MapperFactoryBean with name 'attrGroupDao' and 'com.junbin.mail.mailproduct.dao.AttrGroupDao' mapperInterface. Bean already defined with the same name!
2022-08-25 14:57:56 |WARN  |main |Logger.java:44 |org.mybatis.spring.mapper.ClassPathMapperScanner |Skipping MapperFactoryBean with name 'brandDao' and 'com.junbin.mail.mailproduct.dao.BrandDao' mapperInterface. Bean already defined with the same name!
2022-08-25 14:57:56 |WARN  |main |Logger.java:44 |org.mybatis.spring.mapper.ClassPathMapperScanner |Skipping MapperFactoryBean with name 'categoryBrandRelationDao' and 'com.junbin.mail.mailproduct.dao.CategoryBrandRelationDao' mapperInterface. Bean already defined with the same name!
2022-08-25 14:57:56 |WARN  |main |Logger.java:44 |org.mybatis.spring.mapper.ClassPathMapperScanner |Skipping MapperFactoryBean with name 'categoryDao' and 'com.junbin.mail.mailproduct.dao.CategoryDao' mapperInterface. Bean already defined with the same name!
2022-08-25 14:57:56 |WARN  |main |Logger.java:44 |org.mybatis.spring.mapper.ClassPathMapperScanner |Skipping MapperFactoryBean with name 'commentReplayDao' and 'com.junbin.mail.mailproduct.dao.CommentReplayDao' mapperInterface. Bean already defined with the same name!
2022-08-25 14:57:56 |WARN  |main |Logger.java:44 |org.mybatis.spring.mapper.ClassPathMapperScanner |Skipping MapperFactoryBean with name 'productAttrValueDao' and 'com.junbin.mail.mailproduct.dao.ProductAttrValueDao' mapperInterface. Bean already defined with the same name!
2022-08-25 14:57:56 |WARN  |main |Logger.java:44 |org.mybatis.spring.mapper.ClassPathMapperScanner |Skipping MapperFactoryBean with name 'skuImagesDao' and 'com.junbin.mail.mailproduct.dao.SkuImagesDao' mapperInterface. Bean already defined with the same name!
2022-08-25 14:57:56 |WARN  |main |Logger.java:44 |org.mybatis.spring.mapper.ClassPathMapperScanner |Skipping MapperFactoryBean with name 'skuInfoDao' and 'com.junbin.mail.mailproduct.dao.SkuInfoDao' mapperInterface. Bean already defined with the same name!
2022-08-25 14:57:56 |WARN  |main |Logger.java:44 |org.mybatis.spring.mapper.ClassPathMapperScanner |Skipping MapperFactoryBean with name 'skuSaleAttrValueDao' and 'com.junbin.mail.mailproduct.dao.SkuSaleAttrValueDao' mapperInterface. Bean already defined with the same name!
2022-08-25 14:57:56 |WARN  |main |Logger.java:44 |org.mybatis.spring.mapper.ClassPathMapperScanner |Skipping MapperFactoryBean with name 'spuCommentDao' and 'com.junbin.mail.mailproduct.dao.SpuCommentDao' mapperInterface. Bean already defined with the same name!
2022-08-25 14:57:56 |WARN  |main |Logger.java:44 |org.mybatis.spring.mapper.ClassPathMapperScanner |Skipping MapperFactoryBean with name 'spuImagesDao' and 'com.junbin.mail.mailproduct.dao.SpuImagesDao' mapperInterface. Bean already defined with the same name!
2022-08-25 14:57:56 |WARN  |main |Logger.java:44 |org.mybatis.spring.mapper.ClassPathMapperScanner |Skipping MapperFactoryBean with name 'spuInfoDao' and 'com.junbin.mail.mailproduct.dao.SpuInfoDao' mapperInterface. Bean already defined with the same name!
2022-08-25 14:57:56 |WARN  |main |Logger.java:44 |org.mybatis.spring.mapper.ClassPathMapperScanner |Skipping MapperFactoryBean with name 'spuInfoDescDao' and 'com.junbin.mail.mailproduct.dao.SpuInfoDescDao' mapperInterface. Bean already defined with the same name!
2022-08-25 14:57:56 |WARN  |main |Logger.java:44 |org.mybatis.spring.mapper.ClassPathMapperScanner |Skipping MapperFactoryBean with name 'undoLogDao' and 'com.junbin.mail.mailproduct.dao.UndoLogDao' mapperInterface. Bean already defined with the same name!
2022-08-25 14:57:56 |WARN  |main |Logger.java:44 |org.mybatis.spring.mapper.ClassPathMapperScanner |No MyBatis mapper was found in '[com.junbin.mail.mailproduct.dao]' package. Please check your configuration.
2022-08-25 14:57:59 |WARN  |main |URLConfigurationSource.java:121 |com.netflix.config.sources.URLConfigurationSource |No URLs will be polled as dynamic configuration sources.
2022-08-25 14:57:59 |WARN  |main |URLConfigurationSource.java:121 |com.netflix.config.sources.URLConfigurationSource |No URLs will be polled as dynamic configuration sources.
2022-08-25 14:58:02 |WARN  |main |LoadBalancerCacheAutoConfiguration.java:82 |org.springframework.cloud.loadbalancer.config.LoadBalancerCacheAutoConfiguration$LoadBalancerCaffeineWarnLogger |Spring Cloud LoadBalancer is currently working with the default cache. While this cache implementation is useful for development and tests, it's recommended to use Caffeine cache in production.You can switch to using Caffeine cache, by adding it and org.springframework.cache.caffeine.CaffeineCacheManager to the classpath.
2022-08-25 15:15:23 |WARN  |main |NacosPropertySourceBuilder.java:87 |com.alibaba.cloud.nacos.client.NacosPropertySourceBuilder |Ignore the empty nacos configuration and get it based on dataId[mail-product] & group[DEFAULT_GROUP]
2022-08-25 15:15:23 |WARN  |main |NacosPropertySourceBuilder.java:87 |com.alibaba.cloud.nacos.client.NacosPropertySourceBuilder |Ignore the empty nacos configuration and get it based on dataId[mail-product.yaml] & group[DEFAULT_GROUP]
2022-08-25 15:15:24 |WARN  |main |Logger.java:44 |org.mybatis.spring.mapper.ClassPathMapperScanner |Skipping MapperFactoryBean with name 'attrAttrgroupRelationDao' and 'com.junbin.mail.mailproduct.dao.AttrAttrgroupRelationDao' mapperInterface. Bean already defined with the same name!
2022-08-25 15:15:24 |WARN  |main |Logger.java:44 |org.mybatis.spring.mapper.ClassPathMapperScanner |Skipping MapperFactoryBean with name 'attrDao' and 'com.junbin.mail.mailproduct.dao.AttrDao' mapperInterface. Bean already defined with the same name!
2022-08-25 15:15:24 |WARN  |main |Logger.java:44 |org.mybatis.spring.mapper.ClassPathMapperScanner |Skipping MapperFactoryBean with name 'attrGroupDao' and 'com.junbin.mail.mailproduct.dao.AttrGroupDao' mapperInterface. Bean already defined with the same name!
2022-08-25 15:15:24 |WARN  |main |Logger.java:44 |org.mybatis.spring.mapper.ClassPathMapperScanner |Skipping MapperFactoryBean with name 'brandDao' and 'com.junbin.mail.mailproduct.dao.BrandDao' mapperInterface. Bean already defined with the same name!
2022-08-25 15:15:24 |WARN  |main |Logger.java:44 |org.mybatis.spring.mapper.ClassPathMapperScanner |Skipping MapperFactoryBean with name 'categoryBrandRelationDao' and 'com.junbin.mail.mailproduct.dao.CategoryBrandRelationDao' mapperInterface. Bean already defined with the same name!
2022-08-25 15:15:24 |WARN  |main |Logger.java:44 |org.mybatis.spring.mapper.ClassPathMapperScanner |Skipping MapperFactoryBean with name 'categoryDao' and 'com.junbin.mail.mailproduct.dao.CategoryDao' mapperInterface. Bean already defined with the same name!
2022-08-25 15:15:24 |WARN  |main |Logger.java:44 |org.mybatis.spring.mapper.ClassPathMapperScanner |Skipping MapperFactoryBean with name 'commentReplayDao' and 'com.junbin.mail.mailproduct.dao.CommentReplayDao' mapperInterface. Bean already defined with the same name!
2022-08-25 15:15:24 |WARN  |main |Logger.java:44 |org.mybatis.spring.mapper.ClassPathMapperScanner |Skipping MapperFactoryBean with name 'productAttrValueDao' and 'com.junbin.mail.mailproduct.dao.ProductAttrValueDao' mapperInterface. Bean already defined with the same name!
2022-08-25 15:15:24 |WARN  |main |Logger.java:44 |org.mybatis.spring.mapper.ClassPathMapperScanner |Skipping MapperFactoryBean with name 'skuImagesDao' and 'com.junbin.mail.mailproduct.dao.SkuImagesDao' mapperInterface. Bean already defined with the same name!
2022-08-25 15:15:24 |WARN  |main |Logger.java:44 |org.mybatis.spring.mapper.ClassPathMapperScanner |Skipping MapperFactoryBean with name 'skuInfoDao' and 'com.junbin.mail.mailproduct.dao.SkuInfoDao' mapperInterface. Bean already defined with the same name!
2022-08-25 15:15:24 |WARN  |main |Logger.java:44 |org.mybatis.spring.mapper.ClassPathMapperScanner |Skipping MapperFactoryBean with name 'skuSaleAttrValueDao' and 'com.junbin.mail.mailproduct.dao.SkuSaleAttrValueDao' mapperInterface. Bean already defined with the same name!
2022-08-25 15:15:24 |WARN  |main |Logger.java:44 |org.mybatis.spring.mapper.ClassPathMapperScanner |Skipping MapperFactoryBean with name 'spuCommentDao' and 'com.junbin.mail.mailproduct.dao.SpuCommentDao' mapperInterface. Bean already defined with the same name!
2022-08-25 15:15:24 |WARN  |main |Logger.java:44 |org.mybatis.spring.mapper.ClassPathMapperScanner |Skipping MapperFactoryBean with name 'spuImagesDao' and 'com.junbin.mail.mailproduct.dao.SpuImagesDao' mapperInterface. Bean already defined with the same name!
2022-08-25 15:15:24 |WARN  |main |Logger.java:44 |org.mybatis.spring.mapper.ClassPathMapperScanner |Skipping MapperFactoryBean with name 'spuInfoDao' and 'com.junbin.mail.mailproduct.dao.SpuInfoDao' mapperInterface. Bean already defined with the same name!
2022-08-25 15:15:24 |WARN  |main |Logger.java:44 |org.mybatis.spring.mapper.ClassPathMapperScanner |Skipping MapperFactoryBean with name 'spuInfoDescDao' and 'com.junbin.mail.mailproduct.dao.SpuInfoDescDao' mapperInterface. Bean already defined with the same name!
2022-08-25 15:15:24 |WARN  |main |Logger.java:44 |org.mybatis.spring.mapper.ClassPathMapperScanner |Skipping MapperFactoryBean with name 'undoLogDao' and 'com.junbin.mail.mailproduct.dao.UndoLogDao' mapperInterface. Bean already defined with the same name!
2022-08-25 15:15:24 |WARN  |main |Logger.java:44 |org.mybatis.spring.mapper.ClassPathMapperScanner |No MyBatis mapper was found in '[com.junbin.mail.mailproduct.dao]' package. Please check your configuration.
2022-08-25 15:15:29 |WARN  |main |LoadBalancerCacheAutoConfiguration.java:82 |org.springframework.cloud.loadbalancer.config.LoadBalancerCacheAutoConfiguration$LoadBalancerCaffeineWarnLogger |Spring Cloud LoadBalancer is currently working with the default cache. While this cache implementation is useful for development and tests, it's recommended to use Caffeine cache in production.You can switch to using Caffeine cache, by adding it and org.springframework.cache.caffeine.CaffeineCacheManager to the classpath.
2022-08-25 15:31:07 |WARN  |com.alibaba.nacos.client.naming.updater |HostReactor.java:177 |com.alibaba.nacos.client.naming |out of date data received, old-t: 1660572342569, new-t: 0
2022-08-25 15:34:08 |WARN  |main |NacosPropertySourceBuilder.java:87 |com.alibaba.cloud.nacos.client.NacosPropertySourceBuilder |Ignore the empty nacos configuration and get it based on dataId[mail-product] & group[DEFAULT_GROUP]
2022-08-25 15:34:08 |WARN  |main |NacosPropertySourceBuilder.java:87 |com.alibaba.cloud.nacos.client.NacosPropertySourceBuilder |Ignore the empty nacos configuration and get it based on dataId[mail-product.yaml] & group[DEFAULT_GROUP]
2022-08-25 15:34:09 |WARN  |main |Logger.java:44 |org.mybatis.spring.mapper.ClassPathMapperScanner |Skipping MapperFactoryBean with name 'attrAttrgroupRelationDao' and 'com.junbin.mail.mailproduct.dao.AttrAttrgroupRelationDao' mapperInterface. Bean already defined with the same name!
2022-08-25 15:34:09 |WARN  |main |Logger.java:44 |org.mybatis.spring.mapper.ClassPathMapperScanner |Skipping MapperFactoryBean with name 'attrDao' and 'com.junbin.mail.mailproduct.dao.AttrDao' mapperInterface. Bean already defined with the same name!
2022-08-25 15:34:09 |WARN  |main |Logger.java:44 |org.mybatis.spring.mapper.ClassPathMapperScanner |Skipping MapperFactoryBean with name 'attrGroupDao' and 'com.junbin.mail.mailproduct.dao.AttrGroupDao' mapperInterface. Bean already defined with the same name!
2022-08-25 15:34:09 |WARN  |main |Logger.java:44 |org.mybatis.spring.mapper.ClassPathMapperScanner |Skipping MapperFactoryBean with name 'brandDao' and 'com.junbin.mail.mailproduct.dao.BrandDao' mapperInterface. Bean already defined with the same name!
2022-08-25 15:34:09 |WARN  |main |Logger.java:44 |org.mybatis.spring.mapper.ClassPathMapperScanner |Skipping MapperFactoryBean with name 'categoryBrandRelationDao' and 'com.junbin.mail.mailproduct.dao.CategoryBrandRelationDao' mapperInterface. Bean already defined with the same name!
2022-08-25 15:34:09 |WARN  |main |Logger.java:44 |org.mybatis.spring.mapper.ClassPathMapperScanner |Skipping MapperFactoryBean with name 'categoryDao' and 'com.junbin.mail.mailproduct.dao.CategoryDao' mapperInterface. Bean already defined with the same name!
2022-08-25 15:34:09 |WARN  |main |Logger.java:44 |org.mybatis.spring.mapper.ClassPathMapperScanner |Skipping MapperFactoryBean with name 'commentReplayDao' and 'com.junbin.mail.mailproduct.dao.CommentReplayDao' mapperInterface. Bean already defined with the same name!
2022-08-25 15:34:09 |WARN  |main |Logger.java:44 |org.mybatis.spring.mapper.ClassPathMapperScanner |Skipping MapperFactoryBean with name 'productAttrValueDao' and 'com.junbin.mail.mailproduct.dao.ProductAttrValueDao' mapperInterface. Bean already defined with the same name!
2022-08-25 15:34:09 |WARN  |main |Logger.java:44 |org.mybatis.spring.mapper.ClassPathMapperScanner |Skipping MapperFactoryBean with name 'skuImagesDao' and 'com.junbin.mail.mailproduct.dao.SkuImagesDao' mapperInterface. Bean already defined with the same name!
2022-08-25 15:34:09 |WARN  |main |Logger.java:44 |org.mybatis.spring.mapper.ClassPathMapperScanner |Skipping MapperFactoryBean with name 'skuInfoDao' and 'com.junbin.mail.mailproduct.dao.SkuInfoDao' mapperInterface. Bean already defined with the same name!
2022-08-25 15:34:09 |WARN  |main |Logger.java:44 |org.mybatis.spring.mapper.ClassPathMapperScanner |Skipping MapperFactoryBean with name 'skuSaleAttrValueDao' and 'com.junbin.mail.mailproduct.dao.SkuSaleAttrValueDao' mapperInterface. Bean already defined with the same name!
2022-08-25 15:34:09 |WARN  |main |Logger.java:44 |org.mybatis.spring.mapper.ClassPathMapperScanner |Skipping MapperFactoryBean with name 'spuCommentDao' and 'com.junbin.mail.mailproduct.dao.SpuCommentDao' mapperInterface. Bean already defined with the same name!
2022-08-25 15:34:09 |WARN  |main |Logger.java:44 |org.mybatis.spring.mapper.ClassPathMapperScanner |Skipping MapperFactoryBean with name 'spuImagesDao' and 'com.junbin.mail.mailproduct.dao.SpuImagesDao' mapperInterface. Bean already defined with the same name!
2022-08-25 15:34:09 |WARN  |main |Logger.java:44 |org.mybatis.spring.mapper.ClassPathMapperScanner |Skipping MapperFactoryBean with name 'spuInfoDao' and 'com.junbin.mail.mailproduct.dao.SpuInfoDao' mapperInterface. Bean already defined with the same name!
2022-08-25 15:34:09 |WARN  |main |Logger.java:44 |org.mybatis.spring.mapper.ClassPathMapperScanner |Skipping MapperFactoryBean with name 'spuInfoDescDao' and 'com.junbin.mail.mailproduct.dao.SpuInfoDescDao' mapperInterface. Bean already defined with the same name!
2022-08-25 15:34:09 |WARN  |main |Logger.java:44 |org.mybatis.spring.mapper.ClassPathMapperScanner |Skipping MapperFactoryBean with name 'undoLogDao' and 'com.junbin.mail.mailproduct.dao.UndoLogDao' mapperInterface. Bean already defined with the same name!
2022-08-25 15:34:09 |WARN  |main |Logger.java:44 |org.mybatis.spring.mapper.ClassPathMapperScanner |No MyBatis mapper was found in '[com.junbin.mail.mailproduct.dao]' package. Please check your configuration.
2022-08-25 15:34:12 |WARN  |main |LoadBalancerCacheAutoConfiguration.java:82 |org.springframework.cloud.loadbalancer.config.LoadBalancerCacheAutoConfiguration$LoadBalancerCaffeineWarnLogger |Spring Cloud LoadBalancer is currently working with the default cache. While this cache implementation is useful for development and tests, it's recommended to use Caffeine cache in production.You can switch to using Caffeine cache, by adding it and org.springframework.cache.caffeine.CaffeineCacheManager to the classpath.
2022-08-25 15:37:22 |WARN  |HikariPool-1 housekeeper |HikariPool.java:788 |com.zaxxer.hikari.pool.HikariPool |HikariPool-1 - Thread starvation or clock leap detected (housekeeper delta=1m57s165ms690µs100ns).
2022-08-25 15:41:45 |WARN  |HikariPool-1 housekeeper |HikariPool.java:788 |com.zaxxer.hikari.pool.HikariPool |HikariPool-1 - Thread starvation or clock leap detected (housekeeper delta=4m22s405ms41µs300ns).
2022-08-25 15:44:01 |WARN  |HikariPool-1 housekeeper |HikariPool.java:788 |com.zaxxer.hikari.pool.HikariPool |HikariPool-1 - Thread starvation or clock leap detected (housekeeper delta=1m34s756ms992µs900ns).
2022-08-25 15:44:01 |WARN  |com.alibaba.nacos.client.naming.updater |HostReactor.java:177 |com.alibaba.nacos.client.naming |out of date data received, old-t: 1660572701471, new-t: 0
2022-08-25 15:45:23 |WARN  |HikariPool-1 housekeeper |HikariPool.java:788 |com.zaxxer.hikari.pool.HikariPool |HikariPool-1 - Thread starvation or clock leap detected (housekeeper delta=48s302ms454µs200ns).
2022-08-25 15:45:23 |WARN  |Thread-1 |HttpClientBeanHolder.java:108 |com.alibaba.nacos.common.http.HttpClientBeanHolder |[HttpClientBeanHolder] Start destroying common HttpClient
2022-08-25 15:45:23 |WARN  |Thread-1 |HttpClientBeanHolder.java:114 |com.alibaba.nacos.common.http.HttpClientBeanHolder |[HttpClientBeanHolder] Destruction of the end
2022-08-25 15:45:23 |WARN  |Thread-12 |NotifyCenter.java:145 |com.alibaba.nacos.common.notify.NotifyCenter |[NotifyCenter] Start destroying Publisher
2022-08-25 15:45:23 |WARN  |Thread-12 |NotifyCenter.java:162 |com.alibaba.nacos.common.notify.NotifyCenter |[NotifyCenter] Destruction of the end
2022-08-25 15:45:34 |WARN  |SpringApplicationShutdownHook |NamingHttpClientManager.java:72 |com.alibaba.nacos.client.naming |[NamingHttpClientManager] Start destroying NacosRestTemplate
2022-08-25 15:45:34 |WARN  |SpringApplicationShutdownHook |NamingHttpClientManager.java:79 |com.alibaba.nacos.client.naming |[NamingHttpClientManager] Destruction of the end
2022-08-25 15:45:34 |WARN  |SpringApplicationShutdownHook |DisposableBeanAdapter.java:326 |org.springframework.beans.factory.support.DisposableBeanAdapter |Custom destroy method 'close' on bean with name 'nacosServiceRegistry' threw an exception
java.lang.NullPointerException: null
	at com.alibaba.cloud.nacos.NacosServiceManager.nacosServiceShutDown(NacosServiceManager.java:115)
	at com.alibaba.cloud.nacos.registry.NacosServiceRegistry.close(NacosServiceRegistry.java:116)
	at java.base/jdk.internal.reflect.NativeMethodAccessorImpl.invoke0(Native Method)
	at java.base/jdk.internal.reflect.NativeMethodAccessorImpl.invoke(NativeMethodAccessorImpl.java:62)
	at java.base/jdk.internal.reflect.DelegatingMethodAccessorImpl.invoke(DelegatingMethodAccessorImpl.java:43)
	at java.base/java.lang.reflect.Method.invoke(Method.java:567)
	at org.springframework.beans.factory.support.DisposableBeanAdapter.invokeCustomDestroyMethod(DisposableBeanAdapter.java:319)
	at org.springframework.beans.factory.support.DisposableBeanAdapter.destroy(DisposableBeanAdapter.java:253)
	at org.springframework.beans.factory.support.DefaultSingletonBeanRegistry.destroyBean(DefaultSingletonBeanRegistry.java:587)
	at org.springframework.beans.factory.support.DefaultSingletonBeanRegistry.destroySingleton(DefaultSingletonBeanRegistry.java:559)
	at org.springframework.beans.factory.support.DefaultListableBeanFactory.destroySingleton(DefaultListableBeanFactory.java:1163)
	at org.springframework.beans.factory.support.DefaultSingletonBeanRegistry.destroySingletons(DefaultSingletonBeanRegistry.java:520)
	at org.springframework.beans.factory.support.DefaultListableBeanFactory.destroySingletons(DefaultListableBeanFactory.java:1156)
	at org.springframework.context.support.AbstractApplicationContext.destroyBeans(AbstractApplicationContext.java:1106)
	at org.springframework.context.support.AbstractApplicationContext.doClose(AbstractApplicationContext.java:1075)
	at org.springframework.boot.web.servlet.context.ServletWebServerApplicationContext.doClose(ServletWebServerApplicationContext.java:174)
	at org.springframework.context.support.AbstractApplicationContext.close(AbstractApplicationContext.java:1021)
	at org.springframework.boot.SpringApplicationShutdownHook.closeAndWait(SpringApplicationShutdownHook.java:145)
	at java.base/java.lang.Iterable.forEach(Iterable.java:75)
	at org.springframework.boot.SpringApplicationShutdownHook.run(SpringApplicationShutdownHook.java:114)
	at java.base/java.lang.Thread.run(Thread.java:835)
2022-08-25 15:45:48 |WARN  |main |NacosPropertySourceBuilder.java:87 |com.alibaba.cloud.nacos.client.NacosPropertySourceBuilder |Ignore the empty nacos configuration and get it based on dataId[mail-product] & group[DEFAULT_GROUP]
2022-08-25 15:45:48 |WARN  |main |NacosPropertySourceBuilder.java:87 |com.alibaba.cloud.nacos.client.NacosPropertySourceBuilder |Ignore the empty nacos configuration and get it based on dataId[mail-product.yaml] & group[DEFAULT_GROUP]
2022-08-25 15:45:49 |WARN  |main |Logger.java:44 |org.mybatis.spring.mapper.ClassPathMapperScanner |Skipping MapperFactoryBean with name 'attrAttrgroupRelationDao' and 'com.junbin.mail.mailproduct.dao.AttrAttrgroupRelationDao' mapperInterface. Bean already defined with the same name!
2022-08-25 15:45:49 |WARN  |main |Logger.java:44 |org.mybatis.spring.mapper.ClassPathMapperScanner |Skipping MapperFactoryBean with name 'attrDao' and 'com.junbin.mail.mailproduct.dao.AttrDao' mapperInterface. Bean already defined with the same name!
2022-08-25 15:45:49 |WARN  |main |Logger.java:44 |org.mybatis.spring.mapper.ClassPathMapperScanner |Skipping MapperFactoryBean with name 'attrGroupDao' and 'com.junbin.mail.mailproduct.dao.AttrGroupDao' mapperInterface. Bean already defined with the same name!
2022-08-25 15:45:49 |WARN  |main |Logger.java:44 |org.mybatis.spring.mapper.ClassPathMapperScanner |Skipping MapperFactoryBean with name 'brandDao' and 'com.junbin.mail.mailproduct.dao.BrandDao' mapperInterface. Bean already defined with the same name!
2022-08-25 15:45:49 |WARN  |main |Logger.java:44 |org.mybatis.spring.mapper.ClassPathMapperScanner |Skipping MapperFactoryBean with name 'categoryBrandRelationDao' and 'com.junbin.mail.mailproduct.dao.CategoryBrandRelationDao' mapperInterface. Bean already defined with the same name!
2022-08-25 15:45:49 |WARN  |main |Logger.java:44 |org.mybatis.spring.mapper.ClassPathMapperScanner |Skipping MapperFactoryBean with name 'categoryDao' and 'com.junbin.mail.mailproduct.dao.CategoryDao' mapperInterface. Bean already defined with the same name!
2022-08-25 15:45:49 |WARN  |main |Logger.java:44 |org.mybatis.spring.mapper.ClassPathMapperScanner |Skipping MapperFactoryBean with name 'commentReplayDao' and 'com.junbin.mail.mailproduct.dao.CommentReplayDao' mapperInterface. Bean already defined with the same name!
2022-08-25 15:45:49 |WARN  |main |Logger.java:44 |org.mybatis.spring.mapper.ClassPathMapperScanner |Skipping MapperFactoryBean with name 'productAttrValueDao' and 'com.junbin.mail.mailproduct.dao.ProductAttrValueDao' mapperInterface. Bean already defined with the same name!
2022-08-25 15:45:49 |WARN  |main |Logger.java:44 |org.mybatis.spring.mapper.ClassPathMapperScanner |Skipping MapperFactoryBean with name 'skuImagesDao' and 'com.junbin.mail.mailproduct.dao.SkuImagesDao' mapperInterface. Bean already defined with the same name!
2022-08-25 15:45:49 |WARN  |main |Logger.java:44 |org.mybatis.spring.mapper.ClassPathMapperScanner |Skipping MapperFactoryBean with name 'skuInfoDao' and 'com.junbin.mail.mailproduct.dao.SkuInfoDao' mapperInterface. Bean already defined with the same name!
2022-08-25 15:45:49 |WARN  |main |Logger.java:44 |org.mybatis.spring.mapper.ClassPathMapperScanner |Skipping MapperFactoryBean with name 'skuSaleAttrValueDao' and 'com.junbin.mail.mailproduct.dao.SkuSaleAttrValueDao' mapperInterface. Bean already defined with the same name!
2022-08-25 15:45:49 |WARN  |main |Logger.java:44 |org.mybatis.spring.mapper.ClassPathMapperScanner |Skipping MapperFactoryBean with name 'spuCommentDao' and 'com.junbin.mail.mailproduct.dao.SpuCommentDao' mapperInterface. Bean already defined with the same name!
2022-08-25 15:45:49 |WARN  |main |Logger.java:44 |org.mybatis.spring.mapper.ClassPathMapperScanner |Skipping MapperFactoryBean with name 'spuImagesDao' and 'com.junbin.mail.mailproduct.dao.SpuImagesDao' mapperInterface. Bean already defined with the same name!
2022-08-25 15:45:49 |WARN  |main |Logger.java:44 |org.mybatis.spring.mapper.ClassPathMapperScanner |Skipping MapperFactoryBean with name 'spuInfoDao' and 'com.junbin.mail.mailproduct.dao.SpuInfoDao' mapperInterface. Bean already defined with the same name!
2022-08-25 15:45:49 |WARN  |main |Logger.java:44 |org.mybatis.spring.mapper.ClassPathMapperScanner |Skipping MapperFactoryBean with name 'spuInfoDescDao' and 'com.junbin.mail.mailproduct.dao.SpuInfoDescDao' mapperInterface. Bean already defined with the same name!
2022-08-25 15:45:49 |WARN  |main |Logger.java:44 |org.mybatis.spring.mapper.ClassPathMapperScanner |Skipping MapperFactoryBean with name 'undoLogDao' and 'com.junbin.mail.mailproduct.dao.UndoLogDao' mapperInterface. Bean already defined with the same name!
2022-08-25 15:45:49 |WARN  |main |Logger.java:44 |org.mybatis.spring.mapper.ClassPathMapperScanner |No MyBatis mapper was found in '[com.junbin.mail.mailproduct.dao]' package. Please check your configuration.
2022-08-25 15:45:51 |WARN  |main |LoadBalancerCacheAutoConfiguration.java:82 |org.springframework.cloud.loadbalancer.config.LoadBalancerCacheAutoConfiguration$LoadBalancerCaffeineWarnLogger |Spring Cloud LoadBalancer is currently working with the default cache. While this cache implementation is useful for development and tests, it's recommended to use Caffeine cache in production.You can switch to using Caffeine cache, by adding it and org.springframework.cache.caffeine.CaffeineCacheManager to the classpath.
2022-08-25 16:30:32 |WARN  |main |NacosPropertySourceBuilder.java:87 |com.alibaba.cloud.nacos.client.NacosPropertySourceBuilder |Ignore the empty nacos configuration and get it based on dataId[mail-product] & group[DEFAULT_GROUP]
2022-08-25 16:30:32 |WARN  |main |NacosPropertySourceBuilder.java:87 |com.alibaba.cloud.nacos.client.NacosPropertySourceBuilder |Ignore the empty nacos configuration and get it based on dataId[mail-product.yaml] & group[DEFAULT_GROUP]
2022-08-25 16:30:33 |WARN  |main |Logger.java:44 |org.mybatis.spring.mapper.ClassPathMapperScanner |Skipping MapperFactoryBean with name 'attrAttrgroupRelationDao' and 'com.junbin.mail.mailproduct.dao.AttrAttrgroupRelationDao' mapperInterface. Bean already defined with the same name!
2022-08-25 16:30:33 |WARN  |main |Logger.java:44 |org.mybatis.spring.mapper.ClassPathMapperScanner |Skipping MapperFactoryBean with name 'attrDao' and 'com.junbin.mail.mailproduct.dao.AttrDao' mapperInterface. Bean already defined with the same name!
2022-08-25 16:30:33 |WARN  |main |Logger.java:44 |org.mybatis.spring.mapper.ClassPathMapperScanner |Skipping MapperFactoryBean with name 'attrGroupDao' and 'com.junbin.mail.mailproduct.dao.AttrGroupDao' mapperInterface. Bean already defined with the same name!
2022-08-25 16:30:33 |WARN  |main |Logger.java:44 |org.mybatis.spring.mapper.ClassPathMapperScanner |Skipping MapperFactoryBean with name 'brandDao' and 'com.junbin.mail.mailproduct.dao.BrandDao' mapperInterface. Bean already defined with the same name!
2022-08-25 16:30:33 |WARN  |main |Logger.java:44 |org.mybatis.spring.mapper.ClassPathMapperScanner |Skipping MapperFactoryBean with name 'categoryBrandRelationDao' and 'com.junbin.mail.mailproduct.dao.CategoryBrandRelationDao' mapperInterface. Bean already defined with the same name!
2022-08-25 16:30:33 |WARN  |main |Logger.java:44 |org.mybatis.spring.mapper.ClassPathMapperScanner |Skipping MapperFactoryBean with name 'categoryDao' and 'com.junbin.mail.mailproduct.dao.CategoryDao' mapperInterface. Bean already defined with the same name!
2022-08-25 16:30:33 |WARN  |main |Logger.java:44 |org.mybatis.spring.mapper.ClassPathMapperScanner |Skipping MapperFactoryBean with name 'commentReplayDao' and 'com.junbin.mail.mailproduct.dao.CommentReplayDao' mapperInterface. Bean already defined with the same name!
2022-08-25 16:30:33 |WARN  |main |Logger.java:44 |org.mybatis.spring.mapper.ClassPathMapperScanner |Skipping MapperFactoryBean with name 'productAttrValueDao' and 'com.junbin.mail.mailproduct.dao.ProductAttrValueDao' mapperInterface. Bean already defined with the same name!
2022-08-25 16:30:33 |WARN  |main |Logger.java:44 |org.mybatis.spring.mapper.ClassPathMapperScanner |Skipping MapperFactoryBean with name 'skuImagesDao' and 'com.junbin.mail.mailproduct.dao.SkuImagesDao' mapperInterface. Bean already defined with the same name!
2022-08-25 16:30:33 |WARN  |main |Logger.java:44 |org.mybatis.spring.mapper.ClassPathMapperScanner |Skipping MapperFactoryBean with name 'skuInfoDao' and 'com.junbin.mail.mailproduct.dao.SkuInfoDao' mapperInterface. Bean already defined with the same name!
2022-08-25 16:30:33 |WARN  |main |Logger.java:44 |org.mybatis.spring.mapper.ClassPathMapperScanner |Skipping MapperFactoryBean with name 'skuSaleAttrValueDao' and 'com.junbin.mail.mailproduct.dao.SkuSaleAttrValueDao' mapperInterface. Bean already defined with the same name!
2022-08-25 16:30:33 |WARN  |main |Logger.java:44 |org.mybatis.spring.mapper.ClassPathMapperScanner |Skipping MapperFactoryBean with name 'spuCommentDao' and 'com.junbin.mail.mailproduct.dao.SpuCommentDao' mapperInterface. Bean already defined with the same name!
2022-08-25 16:30:33 |WARN  |main |Logger.java:44 |org.mybatis.spring.mapper.ClassPathMapperScanner |Skipping MapperFactoryBean with name 'spuImagesDao' and 'com.junbin.mail.mailproduct.dao.SpuImagesDao' mapperInterface. Bean already defined with the same name!
2022-08-25 16:30:33 |WARN  |main |Logger.java:44 |org.mybatis.spring.mapper.ClassPathMapperScanner |Skipping MapperFactoryBean with name 'spuInfoDao' and 'com.junbin.mail.mailproduct.dao.SpuInfoDao' mapperInterface. Bean already defined with the same name!
2022-08-25 16:30:33 |WARN  |main |Logger.java:44 |org.mybatis.spring.mapper.ClassPathMapperScanner |Skipping MapperFactoryBean with name 'spuInfoDescDao' and 'com.junbin.mail.mailproduct.dao.SpuInfoDescDao' mapperInterface. Bean already defined with the same name!
2022-08-25 16:30:33 |WARN  |main |Logger.java:44 |org.mybatis.spring.mapper.ClassPathMapperScanner |Skipping MapperFactoryBean with name 'undoLogDao' and 'com.junbin.mail.mailproduct.dao.UndoLogDao' mapperInterface. Bean already defined with the same name!
2022-08-25 16:30:33 |WARN  |main |Logger.java:44 |org.mybatis.spring.mapper.ClassPathMapperScanner |No MyBatis mapper was found in '[com.junbin.mail.mailproduct.dao]' package. Please check your configuration.
2022-08-25 16:30:36 |WARN  |main |LoadBalancerCacheAutoConfiguration.java:82 |org.springframework.cloud.loadbalancer.config.LoadBalancerCacheAutoConfiguration$LoadBalancerCaffeineWarnLogger |Spring Cloud LoadBalancer is currently working with the default cache. While this cache implementation is useful for development and tests, it's recommended to use Caffeine cache in production.You can switch to using Caffeine cache, by adding it and org.springframework.cache.caffeine.CaffeineCacheManager to the classpath.
