2022-08-19 08:15:18 |WARN  |main |NacosPropertySourceBuilder.java:87 |com.alibaba.cloud.nacos.client.NacosPropertySourceBuilder |Ignore the empty nacos configuration and get it based on dataId[mail-product] & group[DEFAULT_GROUP]
2022-08-19 08:15:18 |WARN  |main |NacosPropertySourceBuilder.java:87 |com.alibaba.cloud.nacos.client.NacosPropertySourceBuilder |Ignore the empty nacos configuration and get it based on dataId[mail-product.yaml] & group[DEFAULT_GROUP]
2022-08-19 08:15:19 |WARN  |main |Logger.java:44 |org.mybatis.spring.mapper.ClassPathMapperScanner |Skipping MapperFactoryBean with name 'attrAttrgroupRelationDao' and 'com.junbin.mail.mailproduct.dao.AttrAttrgroupRelationDao' mapperInterface. Bean already defined with the same name!
2022-08-19 08:15:19 |WARN  |main |Logger.java:44 |org.mybatis.spring.mapper.ClassPathMapperScanner |Skipping MapperFactoryBean with name 'attrDao' and 'com.junbin.mail.mailproduct.dao.AttrDao' mapperInterface. Bean already defined with the same name!
2022-08-19 08:15:19 |WARN  |main |Logger.java:44 |org.mybatis.spring.mapper.ClassPathMapperScanner |Skipping MapperFactoryBean with name 'attrGroupDao' and 'com.junbin.mail.mailproduct.dao.AttrGroupDao' mapperInterface. Bean already defined with the same name!
2022-08-19 08:15:19 |WARN  |main |Logger.java:44 |org.mybatis.spring.mapper.ClassPathMapperScanner |Skipping MapperFactoryBean with name 'brandDao' and 'com.junbin.mail.mailproduct.dao.BrandDao' mapperInterface. Bean already defined with the same name!
2022-08-19 08:15:19 |WARN  |main |Logger.java:44 |org.mybatis.spring.mapper.ClassPathMapperScanner |Skipping MapperFactoryBean with name 'categoryBrandRelationDao' and 'com.junbin.mail.mailproduct.dao.CategoryBrandRelationDao' mapperInterface. Bean already defined with the same name!
2022-08-19 08:15:19 |WARN  |main |Logger.java:44 |org.mybatis.spring.mapper.ClassPathMapperScanner |Skipping MapperFactoryBean with name 'categoryDao' and 'com.junbin.mail.mailproduct.dao.CategoryDao' mapperInterface. Bean already defined with the same name!
2022-08-19 08:15:19 |WARN  |main |Logger.java:44 |org.mybatis.spring.mapper.ClassPathMapperScanner |Skipping MapperFactoryBean with name 'commentReplayDao' and 'com.junbin.mail.mailproduct.dao.CommentReplayDao' mapperInterface. Bean already defined with the same name!
2022-08-19 08:15:19 |WARN  |main |Logger.java:44 |org.mybatis.spring.mapper.ClassPathMapperScanner |Skipping MapperFactoryBean with name 'productAttrValueDao' and 'com.junbin.mail.mailproduct.dao.ProductAttrValueDao' mapperInterface. Bean already defined with the same name!
2022-08-19 08:15:19 |WARN  |main |Logger.java:44 |org.mybatis.spring.mapper.ClassPathMapperScanner |Skipping MapperFactoryBean with name 'skuImagesDao' and 'com.junbin.mail.mailproduct.dao.SkuImagesDao' mapperInterface. Bean already defined with the same name!
2022-08-19 08:15:19 |WARN  |main |Logger.java:44 |org.mybatis.spring.mapper.ClassPathMapperScanner |Skipping MapperFactoryBean with name 'skuInfoDao' and 'com.junbin.mail.mailproduct.dao.SkuInfoDao' mapperInterface. Bean already defined with the same name!
2022-08-19 08:15:19 |WARN  |main |Logger.java:44 |org.mybatis.spring.mapper.ClassPathMapperScanner |Skipping MapperFactoryBean with name 'skuSaleAttrValueDao' and 'com.junbin.mail.mailproduct.dao.SkuSaleAttrValueDao' mapperInterface. Bean already defined with the same name!
2022-08-19 08:15:19 |WARN  |main |Logger.java:44 |org.mybatis.spring.mapper.ClassPathMapperScanner |Skipping MapperFactoryBean with name 'spuCommentDao' and 'com.junbin.mail.mailproduct.dao.SpuCommentDao' mapperInterface. Bean already defined with the same name!
2022-08-19 08:15:19 |WARN  |main |Logger.java:44 |org.mybatis.spring.mapper.ClassPathMapperScanner |Skipping MapperFactoryBean with name 'spuImagesDao' and 'com.junbin.mail.mailproduct.dao.SpuImagesDao' mapperInterface. Bean already defined with the same name!
2022-08-19 08:15:19 |WARN  |main |Logger.java:44 |org.mybatis.spring.mapper.ClassPathMapperScanner |Skipping MapperFactoryBean with name 'spuInfoDao' and 'com.junbin.mail.mailproduct.dao.SpuInfoDao' mapperInterface. Bean already defined with the same name!
2022-08-19 08:15:19 |WARN  |main |Logger.java:44 |org.mybatis.spring.mapper.ClassPathMapperScanner |Skipping MapperFactoryBean with name 'spuInfoDescDao' and 'com.junbin.mail.mailproduct.dao.SpuInfoDescDao' mapperInterface. Bean already defined with the same name!
2022-08-19 08:15:19 |WARN  |main |Logger.java:44 |org.mybatis.spring.mapper.ClassPathMapperScanner |Skipping MapperFactoryBean with name 'undoLogDao' and 'com.junbin.mail.mailproduct.dao.UndoLogDao' mapperInterface. Bean already defined with the same name!
2022-08-19 08:15:19 |WARN  |main |Logger.java:44 |org.mybatis.spring.mapper.ClassPathMapperScanner |No MyBatis mapper was found in '[com.junbin.mail.mailproduct.dao]' package. Please check your configuration.
2022-08-19 08:15:22 |WARN  |main |URLConfigurationSource.java:121 |com.netflix.config.sources.URLConfigurationSource |No URLs will be polled as dynamic configuration sources.
2022-08-19 08:15:22 |WARN  |main |URLConfigurationSource.java:121 |com.netflix.config.sources.URLConfigurationSource |No URLs will be polled as dynamic configuration sources.
2022-08-19 08:15:25 |WARN  |main |LoadBalancerCacheAutoConfiguration.java:82 |org.springframework.cloud.loadbalancer.config.LoadBalancerCacheAutoConfiguration$LoadBalancerCaffeineWarnLogger |Spring Cloud LoadBalancer is currently working with the default cache. While this cache implementation is useful for development and tests, it's recommended to use Caffeine cache in production.You can switch to using Caffeine cache, by adding it and org.springframework.cache.caffeine.CaffeineCacheManager to the classpath.
2022-08-19 08:21:44 |WARN  |main |NacosPropertySourceBuilder.java:87 |com.alibaba.cloud.nacos.client.NacosPropertySourceBuilder |Ignore the empty nacos configuration and get it based on dataId[mail-product] & group[DEFAULT_GROUP]
2022-08-19 08:21:44 |WARN  |main |NacosPropertySourceBuilder.java:87 |com.alibaba.cloud.nacos.client.NacosPropertySourceBuilder |Ignore the empty nacos configuration and get it based on dataId[mail-product.yaml] & group[DEFAULT_GROUP]
2022-08-19 08:21:45 |WARN  |main |Logger.java:44 |org.mybatis.spring.mapper.ClassPathMapperScanner |Skipping MapperFactoryBean with name 'attrAttrgroupRelationDao' and 'com.junbin.mail.mailproduct.dao.AttrAttrgroupRelationDao' mapperInterface. Bean already defined with the same name!
2022-08-19 08:21:45 |WARN  |main |Logger.java:44 |org.mybatis.spring.mapper.ClassPathMapperScanner |Skipping MapperFactoryBean with name 'attrDao' and 'com.junbin.mail.mailproduct.dao.AttrDao' mapperInterface. Bean already defined with the same name!
2022-08-19 08:21:45 |WARN  |main |Logger.java:44 |org.mybatis.spring.mapper.ClassPathMapperScanner |Skipping MapperFactoryBean with name 'attrGroupDao' and 'com.junbin.mail.mailproduct.dao.AttrGroupDao' mapperInterface. Bean already defined with the same name!
2022-08-19 08:21:45 |WARN  |main |Logger.java:44 |org.mybatis.spring.mapper.ClassPathMapperScanner |Skipping MapperFactoryBean with name 'brandDao' and 'com.junbin.mail.mailproduct.dao.BrandDao' mapperInterface. Bean already defined with the same name!
2022-08-19 08:21:45 |WARN  |main |Logger.java:44 |org.mybatis.spring.mapper.ClassPathMapperScanner |Skipping MapperFactoryBean with name 'categoryBrandRelationDao' and 'com.junbin.mail.mailproduct.dao.CategoryBrandRelationDao' mapperInterface. Bean already defined with the same name!
2022-08-19 08:21:45 |WARN  |main |Logger.java:44 |org.mybatis.spring.mapper.ClassPathMapperScanner |Skipping MapperFactoryBean with name 'categoryDao' and 'com.junbin.mail.mailproduct.dao.CategoryDao' mapperInterface. Bean already defined with the same name!
2022-08-19 08:21:45 |WARN  |main |Logger.java:44 |org.mybatis.spring.mapper.ClassPathMapperScanner |Skipping MapperFactoryBean with name 'commentReplayDao' and 'com.junbin.mail.mailproduct.dao.CommentReplayDao' mapperInterface. Bean already defined with the same name!
2022-08-19 08:21:45 |WARN  |main |Logger.java:44 |org.mybatis.spring.mapper.ClassPathMapperScanner |Skipping MapperFactoryBean with name 'productAttrValueDao' and 'com.junbin.mail.mailproduct.dao.ProductAttrValueDao' mapperInterface. Bean already defined with the same name!
2022-08-19 08:21:45 |WARN  |main |Logger.java:44 |org.mybatis.spring.mapper.ClassPathMapperScanner |Skipping MapperFactoryBean with name 'skuImagesDao' and 'com.junbin.mail.mailproduct.dao.SkuImagesDao' mapperInterface. Bean already defined with the same name!
2022-08-19 08:21:45 |WARN  |main |Logger.java:44 |org.mybatis.spring.mapper.ClassPathMapperScanner |Skipping MapperFactoryBean with name 'skuInfoDao' and 'com.junbin.mail.mailproduct.dao.SkuInfoDao' mapperInterface. Bean already defined with the same name!
2022-08-19 08:21:45 |WARN  |main |Logger.java:44 |org.mybatis.spring.mapper.ClassPathMapperScanner |Skipping MapperFactoryBean with name 'skuSaleAttrValueDao' and 'com.junbin.mail.mailproduct.dao.SkuSaleAttrValueDao' mapperInterface. Bean already defined with the same name!
2022-08-19 08:21:45 |WARN  |main |Logger.java:44 |org.mybatis.spring.mapper.ClassPathMapperScanner |Skipping MapperFactoryBean with name 'spuCommentDao' and 'com.junbin.mail.mailproduct.dao.SpuCommentDao' mapperInterface. Bean already defined with the same name!
2022-08-19 08:21:45 |WARN  |main |Logger.java:44 |org.mybatis.spring.mapper.ClassPathMapperScanner |Skipping MapperFactoryBean with name 'spuImagesDao' and 'com.junbin.mail.mailproduct.dao.SpuImagesDao' mapperInterface. Bean already defined with the same name!
2022-08-19 08:21:45 |WARN  |main |Logger.java:44 |org.mybatis.spring.mapper.ClassPathMapperScanner |Skipping MapperFactoryBean with name 'spuInfoDao' and 'com.junbin.mail.mailproduct.dao.SpuInfoDao' mapperInterface. Bean already defined with the same name!
2022-08-19 08:21:45 |WARN  |main |Logger.java:44 |org.mybatis.spring.mapper.ClassPathMapperScanner |Skipping MapperFactoryBean with name 'spuInfoDescDao' and 'com.junbin.mail.mailproduct.dao.SpuInfoDescDao' mapperInterface. Bean already defined with the same name!
2022-08-19 08:21:45 |WARN  |main |Logger.java:44 |org.mybatis.spring.mapper.ClassPathMapperScanner |Skipping MapperFactoryBean with name 'undoLogDao' and 'com.junbin.mail.mailproduct.dao.UndoLogDao' mapperInterface. Bean already defined with the same name!
2022-08-19 08:21:45 |WARN  |main |Logger.java:44 |org.mybatis.spring.mapper.ClassPathMapperScanner |No MyBatis mapper was found in '[com.junbin.mail.mailproduct.dao]' package. Please check your configuration.
2022-08-19 08:21:46 |WARN  |main |URLConfigurationSource.java:121 |com.netflix.config.sources.URLConfigurationSource |No URLs will be polled as dynamic configuration sources.
2022-08-19 08:21:46 |WARN  |main |URLConfigurationSource.java:121 |com.netflix.config.sources.URLConfigurationSource |No URLs will be polled as dynamic configuration sources.
2022-08-19 08:21:47 |WARN  |main |LoadBalancerCacheAutoConfiguration.java:82 |org.springframework.cloud.loadbalancer.config.LoadBalancerCacheAutoConfiguration$LoadBalancerCaffeineWarnLogger |Spring Cloud LoadBalancer is currently working with the default cache. While this cache implementation is useful for development and tests, it's recommended to use Caffeine cache in production.You can switch to using Caffeine cache, by adding it and org.springframework.cache.caffeine.CaffeineCacheManager to the classpath.
2022-08-19 08:26:24 |WARN  |main |NacosPropertySourceBuilder.java:87 |com.alibaba.cloud.nacos.client.NacosPropertySourceBuilder |Ignore the empty nacos configuration and get it based on dataId[mail-product] & group[DEFAULT_GROUP]
2022-08-19 08:26:24 |WARN  |main |NacosPropertySourceBuilder.java:87 |com.alibaba.cloud.nacos.client.NacosPropertySourceBuilder |Ignore the empty nacos configuration and get it based on dataId[mail-product.yaml] & group[DEFAULT_GROUP]
2022-08-19 08:26:25 |WARN  |main |Logger.java:44 |org.mybatis.spring.mapper.ClassPathMapperScanner |Skipping MapperFactoryBean with name 'attrAttrgroupRelationDao' and 'com.junbin.mail.mailproduct.dao.AttrAttrgroupRelationDao' mapperInterface. Bean already defined with the same name!
2022-08-19 08:26:25 |WARN  |main |Logger.java:44 |org.mybatis.spring.mapper.ClassPathMapperScanner |Skipping MapperFactoryBean with name 'attrDao' and 'com.junbin.mail.mailproduct.dao.AttrDao' mapperInterface. Bean already defined with the same name!
2022-08-19 08:26:25 |WARN  |main |Logger.java:44 |org.mybatis.spring.mapper.ClassPathMapperScanner |Skipping MapperFactoryBean with name 'attrGroupDao' and 'com.junbin.mail.mailproduct.dao.AttrGroupDao' mapperInterface. Bean already defined with the same name!
2022-08-19 08:26:25 |WARN  |main |Logger.java:44 |org.mybatis.spring.mapper.ClassPathMapperScanner |Skipping MapperFactoryBean with name 'brandDao' and 'com.junbin.mail.mailproduct.dao.BrandDao' mapperInterface. Bean already defined with the same name!
2022-08-19 08:26:25 |WARN  |main |Logger.java:44 |org.mybatis.spring.mapper.ClassPathMapperScanner |Skipping MapperFactoryBean with name 'categoryBrandRelationDao' and 'com.junbin.mail.mailproduct.dao.CategoryBrandRelationDao' mapperInterface. Bean already defined with the same name!
2022-08-19 08:26:25 |WARN  |main |Logger.java:44 |org.mybatis.spring.mapper.ClassPathMapperScanner |Skipping MapperFactoryBean with name 'categoryDao' and 'com.junbin.mail.mailproduct.dao.CategoryDao' mapperInterface. Bean already defined with the same name!
2022-08-19 08:26:25 |WARN  |main |Logger.java:44 |org.mybatis.spring.mapper.ClassPathMapperScanner |Skipping MapperFactoryBean with name 'commentReplayDao' and 'com.junbin.mail.mailproduct.dao.CommentReplayDao' mapperInterface. Bean already defined with the same name!
2022-08-19 08:26:25 |WARN  |main |Logger.java:44 |org.mybatis.spring.mapper.ClassPathMapperScanner |Skipping MapperFactoryBean with name 'productAttrValueDao' and 'com.junbin.mail.mailproduct.dao.ProductAttrValueDao' mapperInterface. Bean already defined with the same name!
2022-08-19 08:26:25 |WARN  |main |Logger.java:44 |org.mybatis.spring.mapper.ClassPathMapperScanner |Skipping MapperFactoryBean with name 'skuImagesDao' and 'com.junbin.mail.mailproduct.dao.SkuImagesDao' mapperInterface. Bean already defined with the same name!
2022-08-19 08:26:25 |WARN  |main |Logger.java:44 |org.mybatis.spring.mapper.ClassPathMapperScanner |Skipping MapperFactoryBean with name 'skuInfoDao' and 'com.junbin.mail.mailproduct.dao.SkuInfoDao' mapperInterface. Bean already defined with the same name!
2022-08-19 08:26:25 |WARN  |main |Logger.java:44 |org.mybatis.spring.mapper.ClassPathMapperScanner |Skipping MapperFactoryBean with name 'skuSaleAttrValueDao' and 'com.junbin.mail.mailproduct.dao.SkuSaleAttrValueDao' mapperInterface. Bean already defined with the same name!
2022-08-19 08:26:25 |WARN  |main |Logger.java:44 |org.mybatis.spring.mapper.ClassPathMapperScanner |Skipping MapperFactoryBean with name 'spuCommentDao' and 'com.junbin.mail.mailproduct.dao.SpuCommentDao' mapperInterface. Bean already defined with the same name!
2022-08-19 08:26:25 |WARN  |main |Logger.java:44 |org.mybatis.spring.mapper.ClassPathMapperScanner |Skipping MapperFactoryBean with name 'spuImagesDao' and 'com.junbin.mail.mailproduct.dao.SpuImagesDao' mapperInterface. Bean already defined with the same name!
2022-08-19 08:26:25 |WARN  |main |Logger.java:44 |org.mybatis.spring.mapper.ClassPathMapperScanner |Skipping MapperFactoryBean with name 'spuInfoDao' and 'com.junbin.mail.mailproduct.dao.SpuInfoDao' mapperInterface. Bean already defined with the same name!
2022-08-19 08:26:25 |WARN  |main |Logger.java:44 |org.mybatis.spring.mapper.ClassPathMapperScanner |Skipping MapperFactoryBean with name 'spuInfoDescDao' and 'com.junbin.mail.mailproduct.dao.SpuInfoDescDao' mapperInterface. Bean already defined with the same name!
2022-08-19 08:26:25 |WARN  |main |Logger.java:44 |org.mybatis.spring.mapper.ClassPathMapperScanner |Skipping MapperFactoryBean with name 'undoLogDao' and 'com.junbin.mail.mailproduct.dao.UndoLogDao' mapperInterface. Bean already defined with the same name!
2022-08-19 08:26:25 |WARN  |main |Logger.java:44 |org.mybatis.spring.mapper.ClassPathMapperScanner |No MyBatis mapper was found in '[com.junbin.mail.mailproduct.dao]' package. Please check your configuration.
2022-08-19 08:26:26 |WARN  |main |URLConfigurationSource.java:121 |com.netflix.config.sources.URLConfigurationSource |No URLs will be polled as dynamic configuration sources.
2022-08-19 08:26:26 |WARN  |main |URLConfigurationSource.java:121 |com.netflix.config.sources.URLConfigurationSource |No URLs will be polled as dynamic configuration sources.
2022-08-19 08:26:27 |WARN  |main |LoadBalancerCacheAutoConfiguration.java:82 |org.springframework.cloud.loadbalancer.config.LoadBalancerCacheAutoConfiguration$LoadBalancerCaffeineWarnLogger |Spring Cloud LoadBalancer is currently working with the default cache. While this cache implementation is useful for development and tests, it's recommended to use Caffeine cache in production.You can switch to using Caffeine cache, by adding it and org.springframework.cache.caffeine.CaffeineCacheManager to the classpath.
2022-08-19 09:18:57 |WARN  |main |NacosPropertySourceBuilder.java:87 |com.alibaba.cloud.nacos.client.NacosPropertySourceBuilder |Ignore the empty nacos configuration and get it based on dataId[mail-product] & group[DEFAULT_GROUP]
2022-08-19 09:18:57 |WARN  |main |NacosPropertySourceBuilder.java:87 |com.alibaba.cloud.nacos.client.NacosPropertySourceBuilder |Ignore the empty nacos configuration and get it based on dataId[mail-product.yaml] & group[DEFAULT_GROUP]
2022-08-19 09:18:58 |WARN  |main |Logger.java:44 |org.mybatis.spring.mapper.ClassPathMapperScanner |Skipping MapperFactoryBean with name 'attrAttrgroupRelationDao' and 'com.junbin.mail.mailproduct.dao.AttrAttrgroupRelationDao' mapperInterface. Bean already defined with the same name!
2022-08-19 09:18:58 |WARN  |main |Logger.java:44 |org.mybatis.spring.mapper.ClassPathMapperScanner |Skipping MapperFactoryBean with name 'attrDao' and 'com.junbin.mail.mailproduct.dao.AttrDao' mapperInterface. Bean already defined with the same name!
2022-08-19 09:18:58 |WARN  |main |Logger.java:44 |org.mybatis.spring.mapper.ClassPathMapperScanner |Skipping MapperFactoryBean with name 'attrGroupDao' and 'com.junbin.mail.mailproduct.dao.AttrGroupDao' mapperInterface. Bean already defined with the same name!
2022-08-19 09:18:58 |WARN  |main |Logger.java:44 |org.mybatis.spring.mapper.ClassPathMapperScanner |Skipping MapperFactoryBean with name 'brandDao' and 'com.junbin.mail.mailproduct.dao.BrandDao' mapperInterface. Bean already defined with the same name!
2022-08-19 09:18:58 |WARN  |main |Logger.java:44 |org.mybatis.spring.mapper.ClassPathMapperScanner |Skipping MapperFactoryBean with name 'categoryBrandRelationDao' and 'com.junbin.mail.mailproduct.dao.CategoryBrandRelationDao' mapperInterface. Bean already defined with the same name!
2022-08-19 09:18:58 |WARN  |main |Logger.java:44 |org.mybatis.spring.mapper.ClassPathMapperScanner |Skipping MapperFactoryBean with name 'categoryDao' and 'com.junbin.mail.mailproduct.dao.CategoryDao' mapperInterface. Bean already defined with the same name!
2022-08-19 09:18:58 |WARN  |main |Logger.java:44 |org.mybatis.spring.mapper.ClassPathMapperScanner |Skipping MapperFactoryBean with name 'commentReplayDao' and 'com.junbin.mail.mailproduct.dao.CommentReplayDao' mapperInterface. Bean already defined with the same name!
2022-08-19 09:18:58 |WARN  |main |Logger.java:44 |org.mybatis.spring.mapper.ClassPathMapperScanner |Skipping MapperFactoryBean with name 'productAttrValueDao' and 'com.junbin.mail.mailproduct.dao.ProductAttrValueDao' mapperInterface. Bean already defined with the same name!
2022-08-19 09:18:58 |WARN  |main |Logger.java:44 |org.mybatis.spring.mapper.ClassPathMapperScanner |Skipping MapperFactoryBean with name 'skuImagesDao' and 'com.junbin.mail.mailproduct.dao.SkuImagesDao' mapperInterface. Bean already defined with the same name!
2022-08-19 09:18:58 |WARN  |main |Logger.java:44 |org.mybatis.spring.mapper.ClassPathMapperScanner |Skipping MapperFactoryBean with name 'skuInfoDao' and 'com.junbin.mail.mailproduct.dao.SkuInfoDao' mapperInterface. Bean already defined with the same name!
2022-08-19 09:18:58 |WARN  |main |Logger.java:44 |org.mybatis.spring.mapper.ClassPathMapperScanner |Skipping MapperFactoryBean with name 'skuSaleAttrValueDao' and 'com.junbin.mail.mailproduct.dao.SkuSaleAttrValueDao' mapperInterface. Bean already defined with the same name!
2022-08-19 09:18:58 |WARN  |main |Logger.java:44 |org.mybatis.spring.mapper.ClassPathMapperScanner |Skipping MapperFactoryBean with name 'spuCommentDao' and 'com.junbin.mail.mailproduct.dao.SpuCommentDao' mapperInterface. Bean already defined with the same name!
2022-08-19 09:18:58 |WARN  |main |Logger.java:44 |org.mybatis.spring.mapper.ClassPathMapperScanner |Skipping MapperFactoryBean with name 'spuImagesDao' and 'com.junbin.mail.mailproduct.dao.SpuImagesDao' mapperInterface. Bean already defined with the same name!
2022-08-19 09:18:58 |WARN  |main |Logger.java:44 |org.mybatis.spring.mapper.ClassPathMapperScanner |Skipping MapperFactoryBean with name 'spuInfoDao' and 'com.junbin.mail.mailproduct.dao.SpuInfoDao' mapperInterface. Bean already defined with the same name!
2022-08-19 09:18:58 |WARN  |main |Logger.java:44 |org.mybatis.spring.mapper.ClassPathMapperScanner |Skipping MapperFactoryBean with name 'spuInfoDescDao' and 'com.junbin.mail.mailproduct.dao.SpuInfoDescDao' mapperInterface. Bean already defined with the same name!
2022-08-19 09:18:58 |WARN  |main |Logger.java:44 |org.mybatis.spring.mapper.ClassPathMapperScanner |Skipping MapperFactoryBean with name 'undoLogDao' and 'com.junbin.mail.mailproduct.dao.UndoLogDao' mapperInterface. Bean already defined with the same name!
2022-08-19 09:18:58 |WARN  |main |Logger.java:44 |org.mybatis.spring.mapper.ClassPathMapperScanner |No MyBatis mapper was found in '[com.junbin.mail.mailproduct.dao]' package. Please check your configuration.
2022-08-19 09:18:59 |WARN  |main |URLConfigurationSource.java:121 |com.netflix.config.sources.URLConfigurationSource |No URLs will be polled as dynamic configuration sources.
2022-08-19 09:18:59 |WARN  |main |URLConfigurationSource.java:121 |com.netflix.config.sources.URLConfigurationSource |No URLs will be polled as dynamic configuration sources.
2022-08-19 09:19:01 |WARN  |main |LoadBalancerCacheAutoConfiguration.java:82 |org.springframework.cloud.loadbalancer.config.LoadBalancerCacheAutoConfiguration$LoadBalancerCaffeineWarnLogger |Spring Cloud LoadBalancer is currently working with the default cache. While this cache implementation is useful for development and tests, it's recommended to use Caffeine cache in production.You can switch to using Caffeine cache, by adding it and org.springframework.cache.caffeine.CaffeineCacheManager to the classpath.
2022-08-19 09:19:54 |WARN  |main |NacosPropertySourceBuilder.java:87 |com.alibaba.cloud.nacos.client.NacosPropertySourceBuilder |Ignore the empty nacos configuration and get it based on dataId[mail-product] & group[DEFAULT_GROUP]
2022-08-19 09:19:54 |WARN  |main |NacosPropertySourceBuilder.java:87 |com.alibaba.cloud.nacos.client.NacosPropertySourceBuilder |Ignore the empty nacos configuration and get it based on dataId[mail-product.yaml] & group[DEFAULT_GROUP]
2022-08-19 09:19:54 |WARN  |main |Logger.java:44 |org.mybatis.spring.mapper.ClassPathMapperScanner |Skipping MapperFactoryBean with name 'attrAttrgroupRelationDao' and 'com.junbin.mail.mailproduct.dao.AttrAttrgroupRelationDao' mapperInterface. Bean already defined with the same name!
2022-08-19 09:19:54 |WARN  |main |Logger.java:44 |org.mybatis.spring.mapper.ClassPathMapperScanner |Skipping MapperFactoryBean with name 'attrDao' and 'com.junbin.mail.mailproduct.dao.AttrDao' mapperInterface. Bean already defined with the same name!
2022-08-19 09:19:54 |WARN  |main |Logger.java:44 |org.mybatis.spring.mapper.ClassPathMapperScanner |Skipping MapperFactoryBean with name 'attrGroupDao' and 'com.junbin.mail.mailproduct.dao.AttrGroupDao' mapperInterface. Bean already defined with the same name!
2022-08-19 09:19:54 |WARN  |main |Logger.java:44 |org.mybatis.spring.mapper.ClassPathMapperScanner |Skipping MapperFactoryBean with name 'brandDao' and 'com.junbin.mail.mailproduct.dao.BrandDao' mapperInterface. Bean already defined with the same name!
2022-08-19 09:19:54 |WARN  |main |Logger.java:44 |org.mybatis.spring.mapper.ClassPathMapperScanner |Skipping MapperFactoryBean with name 'categoryBrandRelationDao' and 'com.junbin.mail.mailproduct.dao.CategoryBrandRelationDao' mapperInterface. Bean already defined with the same name!
2022-08-19 09:19:54 |WARN  |main |Logger.java:44 |org.mybatis.spring.mapper.ClassPathMapperScanner |Skipping MapperFactoryBean with name 'categoryDao' and 'com.junbin.mail.mailproduct.dao.CategoryDao' mapperInterface. Bean already defined with the same name!
2022-08-19 09:19:54 |WARN  |main |Logger.java:44 |org.mybatis.spring.mapper.ClassPathMapperScanner |Skipping MapperFactoryBean with name 'commentReplayDao' and 'com.junbin.mail.mailproduct.dao.CommentReplayDao' mapperInterface. Bean already defined with the same name!
2022-08-19 09:19:54 |WARN  |main |Logger.java:44 |org.mybatis.spring.mapper.ClassPathMapperScanner |Skipping MapperFactoryBean with name 'productAttrValueDao' and 'com.junbin.mail.mailproduct.dao.ProductAttrValueDao' mapperInterface. Bean already defined with the same name!
2022-08-19 09:19:54 |WARN  |main |Logger.java:44 |org.mybatis.spring.mapper.ClassPathMapperScanner |Skipping MapperFactoryBean with name 'skuImagesDao' and 'com.junbin.mail.mailproduct.dao.SkuImagesDao' mapperInterface. Bean already defined with the same name!
2022-08-19 09:19:54 |WARN  |main |Logger.java:44 |org.mybatis.spring.mapper.ClassPathMapperScanner |Skipping MapperFactoryBean with name 'skuInfoDao' and 'com.junbin.mail.mailproduct.dao.SkuInfoDao' mapperInterface. Bean already defined with the same name!
2022-08-19 09:19:54 |WARN  |main |Logger.java:44 |org.mybatis.spring.mapper.ClassPathMapperScanner |Skipping MapperFactoryBean with name 'skuSaleAttrValueDao' and 'com.junbin.mail.mailproduct.dao.SkuSaleAttrValueDao' mapperInterface. Bean already defined with the same name!
2022-08-19 09:19:54 |WARN  |main |Logger.java:44 |org.mybatis.spring.mapper.ClassPathMapperScanner |Skipping MapperFactoryBean with name 'spuCommentDao' and 'com.junbin.mail.mailproduct.dao.SpuCommentDao' mapperInterface. Bean already defined with the same name!
2022-08-19 09:19:54 |WARN  |main |Logger.java:44 |org.mybatis.spring.mapper.ClassPathMapperScanner |Skipping MapperFactoryBean with name 'spuImagesDao' and 'com.junbin.mail.mailproduct.dao.SpuImagesDao' mapperInterface. Bean already defined with the same name!
2022-08-19 09:19:54 |WARN  |main |Logger.java:44 |org.mybatis.spring.mapper.ClassPathMapperScanner |Skipping MapperFactoryBean with name 'spuInfoDao' and 'com.junbin.mail.mailproduct.dao.SpuInfoDao' mapperInterface. Bean already defined with the same name!
2022-08-19 09:19:54 |WARN  |main |Logger.java:44 |org.mybatis.spring.mapper.ClassPathMapperScanner |Skipping MapperFactoryBean with name 'spuInfoDescDao' and 'com.junbin.mail.mailproduct.dao.SpuInfoDescDao' mapperInterface. Bean already defined with the same name!
2022-08-19 09:19:54 |WARN  |main |Logger.java:44 |org.mybatis.spring.mapper.ClassPathMapperScanner |Skipping MapperFactoryBean with name 'undoLogDao' and 'com.junbin.mail.mailproduct.dao.UndoLogDao' mapperInterface. Bean already defined with the same name!
2022-08-19 09:19:54 |WARN  |main |Logger.java:44 |org.mybatis.spring.mapper.ClassPathMapperScanner |No MyBatis mapper was found in '[com.junbin.mail.mailproduct.dao]' package. Please check your configuration.
2022-08-19 09:19:56 |WARN  |main |URLConfigurationSource.java:121 |com.netflix.config.sources.URLConfigurationSource |No URLs will be polled as dynamic configuration sources.
2022-08-19 09:19:56 |WARN  |main |URLConfigurationSource.java:121 |com.netflix.config.sources.URLConfigurationSource |No URLs will be polled as dynamic configuration sources.
2022-08-19 09:19:58 |WARN  |main |LoadBalancerCacheAutoConfiguration.java:82 |org.springframework.cloud.loadbalancer.config.LoadBalancerCacheAutoConfiguration$LoadBalancerCaffeineWarnLogger |Spring Cloud LoadBalancer is currently working with the default cache. While this cache implementation is useful for development and tests, it's recommended to use Caffeine cache in production.You can switch to using Caffeine cache, by adding it and org.springframework.cache.caffeine.CaffeineCacheManager to the classpath.
2022-08-19 09:28:26 |WARN  |main |NacosPropertySourceBuilder.java:87 |com.alibaba.cloud.nacos.client.NacosPropertySourceBuilder |Ignore the empty nacos configuration and get it based on dataId[mail-product] & group[DEFAULT_GROUP]
2022-08-19 09:28:26 |WARN  |main |NacosPropertySourceBuilder.java:87 |com.alibaba.cloud.nacos.client.NacosPropertySourceBuilder |Ignore the empty nacos configuration and get it based on dataId[mail-product.yaml] & group[DEFAULT_GROUP]
2022-08-19 09:28:26 |WARN  |main |Logger.java:44 |org.mybatis.spring.mapper.ClassPathMapperScanner |Skipping MapperFactoryBean with name 'attrAttrgroupRelationDao' and 'com.junbin.mail.mailproduct.dao.AttrAttrgroupRelationDao' mapperInterface. Bean already defined with the same name!
2022-08-19 09:28:26 |WARN  |main |Logger.java:44 |org.mybatis.spring.mapper.ClassPathMapperScanner |Skipping MapperFactoryBean with name 'attrDao' and 'com.junbin.mail.mailproduct.dao.AttrDao' mapperInterface. Bean already defined with the same name!
2022-08-19 09:28:26 |WARN  |main |Logger.java:44 |org.mybatis.spring.mapper.ClassPathMapperScanner |Skipping MapperFactoryBean with name 'attrGroupDao' and 'com.junbin.mail.mailproduct.dao.AttrGroupDao' mapperInterface. Bean already defined with the same name!
2022-08-19 09:28:26 |WARN  |main |Logger.java:44 |org.mybatis.spring.mapper.ClassPathMapperScanner |Skipping MapperFactoryBean with name 'brandDao' and 'com.junbin.mail.mailproduct.dao.BrandDao' mapperInterface. Bean already defined with the same name!
2022-08-19 09:28:26 |WARN  |main |Logger.java:44 |org.mybatis.spring.mapper.ClassPathMapperScanner |Skipping MapperFactoryBean with name 'categoryBrandRelationDao' and 'com.junbin.mail.mailproduct.dao.CategoryBrandRelationDao' mapperInterface. Bean already defined with the same name!
2022-08-19 09:28:26 |WARN  |main |Logger.java:44 |org.mybatis.spring.mapper.ClassPathMapperScanner |Skipping MapperFactoryBean with name 'categoryDao' and 'com.junbin.mail.mailproduct.dao.CategoryDao' mapperInterface. Bean already defined with the same name!
2022-08-19 09:28:26 |WARN  |main |Logger.java:44 |org.mybatis.spring.mapper.ClassPathMapperScanner |Skipping MapperFactoryBean with name 'commentReplayDao' and 'com.junbin.mail.mailproduct.dao.CommentReplayDao' mapperInterface. Bean already defined with the same name!
2022-08-19 09:28:26 |WARN  |main |Logger.java:44 |org.mybatis.spring.mapper.ClassPathMapperScanner |Skipping MapperFactoryBean with name 'productAttrValueDao' and 'com.junbin.mail.mailproduct.dao.ProductAttrValueDao' mapperInterface. Bean already defined with the same name!
2022-08-19 09:28:26 |WARN  |main |Logger.java:44 |org.mybatis.spring.mapper.ClassPathMapperScanner |Skipping MapperFactoryBean with name 'skuImagesDao' and 'com.junbin.mail.mailproduct.dao.SkuImagesDao' mapperInterface. Bean already defined with the same name!
2022-08-19 09:28:26 |WARN  |main |Logger.java:44 |org.mybatis.spring.mapper.ClassPathMapperScanner |Skipping MapperFactoryBean with name 'skuInfoDao' and 'com.junbin.mail.mailproduct.dao.SkuInfoDao' mapperInterface. Bean already defined with the same name!
2022-08-19 09:28:26 |WARN  |main |Logger.java:44 |org.mybatis.spring.mapper.ClassPathMapperScanner |Skipping MapperFactoryBean with name 'skuSaleAttrValueDao' and 'com.junbin.mail.mailproduct.dao.SkuSaleAttrValueDao' mapperInterface. Bean already defined with the same name!
2022-08-19 09:28:26 |WARN  |main |Logger.java:44 |org.mybatis.spring.mapper.ClassPathMapperScanner |Skipping MapperFactoryBean with name 'spuCommentDao' and 'com.junbin.mail.mailproduct.dao.SpuCommentDao' mapperInterface. Bean already defined with the same name!
2022-08-19 09:28:26 |WARN  |main |Logger.java:44 |org.mybatis.spring.mapper.ClassPathMapperScanner |Skipping MapperFactoryBean with name 'spuImagesDao' and 'com.junbin.mail.mailproduct.dao.SpuImagesDao' mapperInterface. Bean already defined with the same name!
2022-08-19 09:28:26 |WARN  |main |Logger.java:44 |org.mybatis.spring.mapper.ClassPathMapperScanner |Skipping MapperFactoryBean with name 'spuInfoDao' and 'com.junbin.mail.mailproduct.dao.SpuInfoDao' mapperInterface. Bean already defined with the same name!
2022-08-19 09:28:26 |WARN  |main |Logger.java:44 |org.mybatis.spring.mapper.ClassPathMapperScanner |Skipping MapperFactoryBean with name 'spuInfoDescDao' and 'com.junbin.mail.mailproduct.dao.SpuInfoDescDao' mapperInterface. Bean already defined with the same name!
2022-08-19 09:28:26 |WARN  |main |Logger.java:44 |org.mybatis.spring.mapper.ClassPathMapperScanner |Skipping MapperFactoryBean with name 'undoLogDao' and 'com.junbin.mail.mailproduct.dao.UndoLogDao' mapperInterface. Bean already defined with the same name!
2022-08-19 09:28:26 |WARN  |main |Logger.java:44 |org.mybatis.spring.mapper.ClassPathMapperScanner |No MyBatis mapper was found in '[com.junbin.mail.mailproduct.dao]' package. Please check your configuration.
2022-08-19 09:28:28 |WARN  |main |URLConfigurationSource.java:121 |com.netflix.config.sources.URLConfigurationSource |No URLs will be polled as dynamic configuration sources.
2022-08-19 09:28:28 |WARN  |main |URLConfigurationSource.java:121 |com.netflix.config.sources.URLConfigurationSource |No URLs will be polled as dynamic configuration sources.
2022-08-19 09:28:29 |WARN  |main |LoadBalancerCacheAutoConfiguration.java:82 |org.springframework.cloud.loadbalancer.config.LoadBalancerCacheAutoConfiguration$LoadBalancerCaffeineWarnLogger |Spring Cloud LoadBalancer is currently working with the default cache. While this cache implementation is useful for development and tests, it's recommended to use Caffeine cache in production.You can switch to using Caffeine cache, by adding it and org.springframework.cache.caffeine.CaffeineCacheManager to the classpath.
2022-08-19 09:30:31 |WARN  |HikariPool-1 housekeeper |HikariPool.java:788 |com.zaxxer.hikari.pool.HikariPool |HikariPool-1 - Thread starvation or clock leap detected (housekeeper delta=1m7s594ms723µs500ns).
2022-08-19 09:30:31 |WARN  |Thread-12 |NotifyCenter.java:145 |com.alibaba.nacos.common.notify.NotifyCenter |[NotifyCenter] Start destroying Publisher
2022-08-19 09:30:31 |WARN  |Thread-1 |HttpClientBeanHolder.java:108 |com.alibaba.nacos.common.http.HttpClientBeanHolder |[HttpClientBeanHolder] Start destroying common HttpClient
2022-08-19 09:30:31 |WARN  |Thread-12 |NotifyCenter.java:162 |com.alibaba.nacos.common.notify.NotifyCenter |[NotifyCenter] Destruction of the end
2022-08-19 09:30:31 |WARN  |Thread-1 |HttpClientBeanHolder.java:114 |com.alibaba.nacos.common.http.HttpClientBeanHolder |[HttpClientBeanHolder] Destruction of the end
2022-08-19 09:30:40 |WARN  |SpringApplicationShutdownHook |NamingHttpClientManager.java:72 |com.alibaba.nacos.client.naming |[NamingHttpClientManager] Start destroying NacosRestTemplate
2022-08-19 09:30:40 |WARN  |SpringApplicationShutdownHook |NamingHttpClientManager.java:79 |com.alibaba.nacos.client.naming |[NamingHttpClientManager] Destruction of the end
2022-08-19 09:30:40 |WARN  |SpringApplicationShutdownHook |DisposableBeanAdapter.java:326 |org.springframework.beans.factory.support.DisposableBeanAdapter |Custom destroy method 'close' on bean with name 'nacosServiceRegistry' threw an exception
java.lang.NullPointerException: null
	at com.alibaba.cloud.nacos.NacosServiceManager.nacosServiceShutDown(NacosServiceManager.java:115)
	at com.alibaba.cloud.nacos.registry.NacosServiceRegistry.close(NacosServiceRegistry.java:116)
	at java.base/jdk.internal.reflect.NativeMethodAccessorImpl.invoke0(Native Method)
	at java.base/jdk.internal.reflect.NativeMethodAccessorImpl.invoke(NativeMethodAccessorImpl.java:62)
	at java.base/jdk.internal.reflect.DelegatingMethodAccessorImpl.invoke(DelegatingMethodAccessorImpl.java:43)
	at java.base/java.lang.reflect.Method.invoke(Method.java:567)
	at org.springframework.beans.factory.support.DisposableBeanAdapter.invokeCustomDestroyMethod(DisposableBeanAdapter.java:319)
	at org.springframework.beans.factory.support.DisposableBeanAdapter.destroy(DisposableBeanAdapter.java:253)
	at org.springframework.beans.factory.support.DefaultSingletonBeanRegistry.destroyBean(DefaultSingletonBeanRegistry.java:587)
	at org.springframework.beans.factory.support.DefaultSingletonBeanRegistry.destroySingleton(DefaultSingletonBeanRegistry.java:559)
	at org.springframework.beans.factory.support.DefaultListableBeanFactory.destroySingleton(DefaultListableBeanFactory.java:1163)
	at org.springframework.beans.factory.support.DefaultSingletonBeanRegistry.destroySingletons(DefaultSingletonBeanRegistry.java:520)
	at org.springframework.beans.factory.support.DefaultListableBeanFactory.destroySingletons(DefaultListableBeanFactory.java:1156)
	at org.springframework.context.support.AbstractApplicationContext.destroyBeans(AbstractApplicationContext.java:1106)
	at org.springframework.context.support.AbstractApplicationContext.doClose(AbstractApplicationContext.java:1075)
	at org.springframework.boot.web.servlet.context.ServletWebServerApplicationContext.doClose(ServletWebServerApplicationContext.java:174)
	at org.springframework.context.support.AbstractApplicationContext.close(AbstractApplicationContext.java:1021)
	at org.springframework.boot.SpringApplicationShutdownHook.closeAndWait(SpringApplicationShutdownHook.java:145)
	at java.base/java.lang.Iterable.forEach(Iterable.java:75)
	at org.springframework.boot.SpringApplicationShutdownHook.run(SpringApplicationShutdownHook.java:114)
	at java.base/java.lang.Thread.run(Thread.java:835)
2022-08-19 09:33:07 |WARN  |main |NacosPropertySourceBuilder.java:87 |com.alibaba.cloud.nacos.client.NacosPropertySourceBuilder |Ignore the empty nacos configuration and get it based on dataId[mail-product] & group[DEFAULT_GROUP]
2022-08-19 09:33:07 |WARN  |main |NacosPropertySourceBuilder.java:87 |com.alibaba.cloud.nacos.client.NacosPropertySourceBuilder |Ignore the empty nacos configuration and get it based on dataId[mail-product.yaml] & group[DEFAULT_GROUP]
2022-08-19 09:33:08 |WARN  |main |Logger.java:44 |org.mybatis.spring.mapper.ClassPathMapperScanner |Skipping MapperFactoryBean with name 'attrAttrgroupRelationDao' and 'com.junbin.mail.mailproduct.dao.AttrAttrgroupRelationDao' mapperInterface. Bean already defined with the same name!
2022-08-19 09:33:08 |WARN  |main |Logger.java:44 |org.mybatis.spring.mapper.ClassPathMapperScanner |Skipping MapperFactoryBean with name 'attrDao' and 'com.junbin.mail.mailproduct.dao.AttrDao' mapperInterface. Bean already defined with the same name!
2022-08-19 09:33:08 |WARN  |main |Logger.java:44 |org.mybatis.spring.mapper.ClassPathMapperScanner |Skipping MapperFactoryBean with name 'attrGroupDao' and 'com.junbin.mail.mailproduct.dao.AttrGroupDao' mapperInterface. Bean already defined with the same name!
2022-08-19 09:33:08 |WARN  |main |Logger.java:44 |org.mybatis.spring.mapper.ClassPathMapperScanner |Skipping MapperFactoryBean with name 'brandDao' and 'com.junbin.mail.mailproduct.dao.BrandDao' mapperInterface. Bean already defined with the same name!
2022-08-19 09:33:08 |WARN  |main |Logger.java:44 |org.mybatis.spring.mapper.ClassPathMapperScanner |Skipping MapperFactoryBean with name 'categoryBrandRelationDao' and 'com.junbin.mail.mailproduct.dao.CategoryBrandRelationDao' mapperInterface. Bean already defined with the same name!
2022-08-19 09:33:08 |WARN  |main |Logger.java:44 |org.mybatis.spring.mapper.ClassPathMapperScanner |Skipping MapperFactoryBean with name 'categoryDao' and 'com.junbin.mail.mailproduct.dao.CategoryDao' mapperInterface. Bean already defined with the same name!
2022-08-19 09:33:08 |WARN  |main |Logger.java:44 |org.mybatis.spring.mapper.ClassPathMapperScanner |Skipping MapperFactoryBean with name 'commentReplayDao' and 'com.junbin.mail.mailproduct.dao.CommentReplayDao' mapperInterface. Bean already defined with the same name!
2022-08-19 09:33:08 |WARN  |main |Logger.java:44 |org.mybatis.spring.mapper.ClassPathMapperScanner |Skipping MapperFactoryBean with name 'productAttrValueDao' and 'com.junbin.mail.mailproduct.dao.ProductAttrValueDao' mapperInterface. Bean already defined with the same name!
2022-08-19 09:33:08 |WARN  |main |Logger.java:44 |org.mybatis.spring.mapper.ClassPathMapperScanner |Skipping MapperFactoryBean with name 'skuImagesDao' and 'com.junbin.mail.mailproduct.dao.SkuImagesDao' mapperInterface. Bean already defined with the same name!
2022-08-19 09:33:08 |WARN  |main |Logger.java:44 |org.mybatis.spring.mapper.ClassPathMapperScanner |Skipping MapperFactoryBean with name 'skuInfoDao' and 'com.junbin.mail.mailproduct.dao.SkuInfoDao' mapperInterface. Bean already defined with the same name!
2022-08-19 09:33:08 |WARN  |main |Logger.java:44 |org.mybatis.spring.mapper.ClassPathMapperScanner |Skipping MapperFactoryBean with name 'skuSaleAttrValueDao' and 'com.junbin.mail.mailproduct.dao.SkuSaleAttrValueDao' mapperInterface. Bean already defined with the same name!
2022-08-19 09:33:08 |WARN  |main |Logger.java:44 |org.mybatis.spring.mapper.ClassPathMapperScanner |Skipping MapperFactoryBean with name 'spuCommentDao' and 'com.junbin.mail.mailproduct.dao.SpuCommentDao' mapperInterface. Bean already defined with the same name!
2022-08-19 09:33:08 |WARN  |main |Logger.java:44 |org.mybatis.spring.mapper.ClassPathMapperScanner |Skipping MapperFactoryBean with name 'spuImagesDao' and 'com.junbin.mail.mailproduct.dao.SpuImagesDao' mapperInterface. Bean already defined with the same name!
2022-08-19 09:33:08 |WARN  |main |Logger.java:44 |org.mybatis.spring.mapper.ClassPathMapperScanner |Skipping MapperFactoryBean with name 'spuInfoDao' and 'com.junbin.mail.mailproduct.dao.SpuInfoDao' mapperInterface. Bean already defined with the same name!
2022-08-19 09:33:08 |WARN  |main |Logger.java:44 |org.mybatis.spring.mapper.ClassPathMapperScanner |Skipping MapperFactoryBean with name 'spuInfoDescDao' and 'com.junbin.mail.mailproduct.dao.SpuInfoDescDao' mapperInterface. Bean already defined with the same name!
2022-08-19 09:33:08 |WARN  |main |Logger.java:44 |org.mybatis.spring.mapper.ClassPathMapperScanner |Skipping MapperFactoryBean with name 'undoLogDao' and 'com.junbin.mail.mailproduct.dao.UndoLogDao' mapperInterface. Bean already defined with the same name!
2022-08-19 09:33:08 |WARN  |main |Logger.java:44 |org.mybatis.spring.mapper.ClassPathMapperScanner |No MyBatis mapper was found in '[com.junbin.mail.mailproduct.dao]' package. Please check your configuration.
2022-08-19 09:33:09 |WARN  |main |URLConfigurationSource.java:121 |com.netflix.config.sources.URLConfigurationSource |No URLs will be polled as dynamic configuration sources.
2022-08-19 09:33:09 |WARN  |main |URLConfigurationSource.java:121 |com.netflix.config.sources.URLConfigurationSource |No URLs will be polled as dynamic configuration sources.
2022-08-19 09:33:11 |WARN  |main |LoadBalancerCacheAutoConfiguration.java:82 |org.springframework.cloud.loadbalancer.config.LoadBalancerCacheAutoConfiguration$LoadBalancerCaffeineWarnLogger |Spring Cloud LoadBalancer is currently working with the default cache. While this cache implementation is useful for development and tests, it's recommended to use Caffeine cache in production.You can switch to using Caffeine cache, by adding it and org.springframework.cache.caffeine.CaffeineCacheManager to the classpath.
2022-08-19 09:38:33 |WARN  |main |NacosPropertySourceBuilder.java:87 |com.alibaba.cloud.nacos.client.NacosPropertySourceBuilder |Ignore the empty nacos configuration and get it based on dataId[mail-product] & group[DEFAULT_GROUP]
2022-08-19 09:38:33 |WARN  |main |NacosPropertySourceBuilder.java:87 |com.alibaba.cloud.nacos.client.NacosPropertySourceBuilder |Ignore the empty nacos configuration and get it based on dataId[mail-product.yaml] & group[DEFAULT_GROUP]
2022-08-19 09:38:34 |WARN  |main |Logger.java:44 |org.mybatis.spring.mapper.ClassPathMapperScanner |Skipping MapperFactoryBean with name 'attrAttrgroupRelationDao' and 'com.junbin.mail.mailproduct.dao.AttrAttrgroupRelationDao' mapperInterface. Bean already defined with the same name!
2022-08-19 09:38:34 |WARN  |main |Logger.java:44 |org.mybatis.spring.mapper.ClassPathMapperScanner |Skipping MapperFactoryBean with name 'attrDao' and 'com.junbin.mail.mailproduct.dao.AttrDao' mapperInterface. Bean already defined with the same name!
2022-08-19 09:38:34 |WARN  |main |Logger.java:44 |org.mybatis.spring.mapper.ClassPathMapperScanner |Skipping MapperFactoryBean with name 'attrGroupDao' and 'com.junbin.mail.mailproduct.dao.AttrGroupDao' mapperInterface. Bean already defined with the same name!
2022-08-19 09:38:34 |WARN  |main |Logger.java:44 |org.mybatis.spring.mapper.ClassPathMapperScanner |Skipping MapperFactoryBean with name 'brandDao' and 'com.junbin.mail.mailproduct.dao.BrandDao' mapperInterface. Bean already defined with the same name!
2022-08-19 09:38:34 |WARN  |main |Logger.java:44 |org.mybatis.spring.mapper.ClassPathMapperScanner |Skipping MapperFactoryBean with name 'categoryBrandRelationDao' and 'com.junbin.mail.mailproduct.dao.CategoryBrandRelationDao' mapperInterface. Bean already defined with the same name!
2022-08-19 09:38:34 |WARN  |main |Logger.java:44 |org.mybatis.spring.mapper.ClassPathMapperScanner |Skipping MapperFactoryBean with name 'categoryDao' and 'com.junbin.mail.mailproduct.dao.CategoryDao' mapperInterface. Bean already defined with the same name!
2022-08-19 09:38:34 |WARN  |main |Logger.java:44 |org.mybatis.spring.mapper.ClassPathMapperScanner |Skipping MapperFactoryBean with name 'commentReplayDao' and 'com.junbin.mail.mailproduct.dao.CommentReplayDao' mapperInterface. Bean already defined with the same name!
2022-08-19 09:38:34 |WARN  |main |Logger.java:44 |org.mybatis.spring.mapper.ClassPathMapperScanner |Skipping MapperFactoryBean with name 'productAttrValueDao' and 'com.junbin.mail.mailproduct.dao.ProductAttrValueDao' mapperInterface. Bean already defined with the same name!
2022-08-19 09:38:34 |WARN  |main |Logger.java:44 |org.mybatis.spring.mapper.ClassPathMapperScanner |Skipping MapperFactoryBean with name 'skuImagesDao' and 'com.junbin.mail.mailproduct.dao.SkuImagesDao' mapperInterface. Bean already defined with the same name!
2022-08-19 09:38:34 |WARN  |main |Logger.java:44 |org.mybatis.spring.mapper.ClassPathMapperScanner |Skipping MapperFactoryBean with name 'skuInfoDao' and 'com.junbin.mail.mailproduct.dao.SkuInfoDao' mapperInterface. Bean already defined with the same name!
2022-08-19 09:38:34 |WARN  |main |Logger.java:44 |org.mybatis.spring.mapper.ClassPathMapperScanner |Skipping MapperFactoryBean with name 'skuSaleAttrValueDao' and 'com.junbin.mail.mailproduct.dao.SkuSaleAttrValueDao' mapperInterface. Bean already defined with the same name!
2022-08-19 09:38:34 |WARN  |main |Logger.java:44 |org.mybatis.spring.mapper.ClassPathMapperScanner |Skipping MapperFactoryBean with name 'spuCommentDao' and 'com.junbin.mail.mailproduct.dao.SpuCommentDao' mapperInterface. Bean already defined with the same name!
2022-08-19 09:38:34 |WARN  |main |Logger.java:44 |org.mybatis.spring.mapper.ClassPathMapperScanner |Skipping MapperFactoryBean with name 'spuImagesDao' and 'com.junbin.mail.mailproduct.dao.SpuImagesDao' mapperInterface. Bean already defined with the same name!
2022-08-19 09:38:34 |WARN  |main |Logger.java:44 |org.mybatis.spring.mapper.ClassPathMapperScanner |Skipping MapperFactoryBean with name 'spuInfoDao' and 'com.junbin.mail.mailproduct.dao.SpuInfoDao' mapperInterface. Bean already defined with the same name!
2022-08-19 09:38:34 |WARN  |main |Logger.java:44 |org.mybatis.spring.mapper.ClassPathMapperScanner |Skipping MapperFactoryBean with name 'spuInfoDescDao' and 'com.junbin.mail.mailproduct.dao.SpuInfoDescDao' mapperInterface. Bean already defined with the same name!
2022-08-19 09:38:34 |WARN  |main |Logger.java:44 |org.mybatis.spring.mapper.ClassPathMapperScanner |Skipping MapperFactoryBean with name 'undoLogDao' and 'com.junbin.mail.mailproduct.dao.UndoLogDao' mapperInterface. Bean already defined with the same name!
2022-08-19 09:38:34 |WARN  |main |Logger.java:44 |org.mybatis.spring.mapper.ClassPathMapperScanner |No MyBatis mapper was found in '[com.junbin.mail.mailproduct.dao]' package. Please check your configuration.
2022-08-19 09:38:35 |WARN  |main |URLConfigurationSource.java:121 |com.netflix.config.sources.URLConfigurationSource |No URLs will be polled as dynamic configuration sources.
2022-08-19 09:38:35 |WARN  |main |URLConfigurationSource.java:121 |com.netflix.config.sources.URLConfigurationSource |No URLs will be polled as dynamic configuration sources.
2022-08-19 09:38:37 |WARN  |main |LoadBalancerCacheAutoConfiguration.java:82 |org.springframework.cloud.loadbalancer.config.LoadBalancerCacheAutoConfiguration$LoadBalancerCaffeineWarnLogger |Spring Cloud LoadBalancer is currently working with the default cache. While this cache implementation is useful for development and tests, it's recommended to use Caffeine cache in production.You can switch to using Caffeine cache, by adding it and org.springframework.cache.caffeine.CaffeineCacheManager to the classpath.
