2022-08-29 00:46:26 |WARN  |main |NacosPropertySourceBuilder.java:87 |com.alibaba.cloud.nacos.client.NacosPropertySourceBuilder |Ignore the empty nacos configuration and get it based on dataId[service-oss] & group[DEFAULT_GROUP]
2022-08-29 00:46:26 |WARN  |main |NacosPropertySourceBuilder.java:87 |com.alibaba.cloud.nacos.client.NacosPropertySourceBuilder |Ignore the empty nacos configuration and get it based on dataId[service-oss.yaml] & group[DEFAULT_GROUP]
2022-08-29 00:46:29 |WARN  |main |LoadBalancerCacheAutoConfiguration.java:82 |org.springframework.cloud.loadbalancer.config.LoadBalancerCacheAutoConfiguration$LoadBalancerCaffeineWarnLogger |Spring Cloud LoadBalancer is currently working with the default cache. While this cache implementation is useful for development and tests, it's recommended to use Caffeine cache in production.You can switch to using Caffeine cache, by adding it and org.springframework.cache.caffeine.CaffeineCacheManager to the classpath.
2022-08-29 00:46:29 |WARN  |main |AbstractApplicationContext.java:591 |org.springframework.boot.web.servlet.context.AnnotationConfigServletWebServerApplicationContext |Exception encountered during context initialization - cancelling refresh attempt: org.springframework.context.ApplicationContextException: Failed to start bean 'webServerStartStop'; nested exception is org.springframework.boot.web.server.PortInUseException: Port 8050 is already in use
2022-08-29 00:46:36 |WARN  |main |NamingHttpClientManager.java:72 |com.alibaba.nacos.client.naming |[NamingHttpClientManager] Start destroying NacosRestTemplate
2022-08-29 00:46:36 |WARN  |main |NamingHttpClientManager.java:79 |com.alibaba.nacos.client.naming |[NamingHttpClientManager] Destruction of the end
2022-08-29 01:24:01 |WARN  |main |NacosPropertySourceBuilder.java:87 |com.alibaba.cloud.nacos.client.NacosPropertySourceBuilder |Ignore the empty nacos configuration and get it based on dataId[service-oss] & group[DEFAULT_GROUP]
2022-08-29 01:24:01 |WARN  |main |NacosPropertySourceBuilder.java:87 |com.alibaba.cloud.nacos.client.NacosPropertySourceBuilder |Ignore the empty nacos configuration and get it based on dataId[service-oss.yaml] & group[DEFAULT_GROUP]
2022-08-29 01:24:04 |WARN  |main |LoadBalancerCacheAutoConfiguration.java:82 |org.springframework.cloud.loadbalancer.config.LoadBalancerCacheAutoConfiguration$LoadBalancerCaffeineWarnLogger |Spring Cloud LoadBalancer is currently working with the default cache. While this cache implementation is useful for development and tests, it's recommended to use Caffeine cache in production.You can switch to using Caffeine cache, by adding it and org.springframework.cache.caffeine.CaffeineCacheManager to the classpath.
2022-08-29 01:24:04 |WARN  |main |AbstractApplicationContext.java:591 |org.springframework.boot.web.servlet.context.AnnotationConfigServletWebServerApplicationContext |Exception encountered during context initialization - cancelling refresh attempt: org.springframework.context.ApplicationContextException: Failed to start bean 'webServerStartStop'; nested exception is org.springframework.boot.web.server.PortInUseException: Port 8050 is already in use
2022-08-29 01:24:11 |WARN  |main |NamingHttpClientManager.java:72 |com.alibaba.nacos.client.naming |[NamingHttpClientManager] Start destroying NacosRestTemplate
2022-08-29 01:24:11 |WARN  |main |NamingHttpClientManager.java:79 |com.alibaba.nacos.client.naming |[NamingHttpClientManager] Destruction of the end
2022-08-29 01:38:19 |WARN  |main |NacosPropertySourceBuilder.java:87 |com.alibaba.cloud.nacos.client.NacosPropertySourceBuilder |Ignore the empty nacos configuration and get it based on dataId[service-oss] & group[DEFAULT_GROUP]
2022-08-29 01:38:19 |WARN  |main |NacosPropertySourceBuilder.java:87 |com.alibaba.cloud.nacos.client.NacosPropertySourceBuilder |Ignore the empty nacos configuration and get it based on dataId[service-oss.yaml] & group[DEFAULT_GROUP]
2022-08-29 01:38:21 |WARN  |main |LoadBalancerCacheAutoConfiguration.java:82 |org.springframework.cloud.loadbalancer.config.LoadBalancerCacheAutoConfiguration$LoadBalancerCaffeineWarnLogger |Spring Cloud LoadBalancer is currently working with the default cache. While this cache implementation is useful for development and tests, it's recommended to use Caffeine cache in production.You can switch to using Caffeine cache, by adding it and org.springframework.cache.caffeine.CaffeineCacheManager to the classpath.
2022-08-29 01:38:21 |WARN  |main |AbstractApplicationContext.java:591 |org.springframework.boot.web.servlet.context.AnnotationConfigServletWebServerApplicationContext |Exception encountered during context initialization - cancelling refresh attempt: org.springframework.context.ApplicationContextException: Failed to start bean 'webServerStartStop'; nested exception is org.springframework.boot.web.server.PortInUseException: Port 8050 is already in use
2022-08-29 01:38:28 |WARN  |main |NamingHttpClientManager.java:72 |com.alibaba.nacos.client.naming |[NamingHttpClientManager] Start destroying NacosRestTemplate
2022-08-29 01:38:28 |WARN  |main |NamingHttpClientManager.java:79 |com.alibaba.nacos.client.naming |[NamingHttpClientManager] Destruction of the end
2022-08-29 01:41:48 |WARN  |main |NacosPropertySourceBuilder.java:87 |com.alibaba.cloud.nacos.client.NacosPropertySourceBuilder |Ignore the empty nacos configuration and get it based on dataId[service-oss] & group[DEFAULT_GROUP]
2022-08-29 01:41:48 |WARN  |main |NacosPropertySourceBuilder.java:87 |com.alibaba.cloud.nacos.client.NacosPropertySourceBuilder |Ignore the empty nacos configuration and get it based on dataId[service-oss.yaml] & group[DEFAULT_GROUP]
2022-08-29 01:41:50 |WARN  |main |LoadBalancerCacheAutoConfiguration.java:82 |org.springframework.cloud.loadbalancer.config.LoadBalancerCacheAutoConfiguration$LoadBalancerCaffeineWarnLogger |Spring Cloud LoadBalancer is currently working with the default cache. While this cache implementation is useful for development and tests, it's recommended to use Caffeine cache in production.You can switch to using Caffeine cache, by adding it and org.springframework.cache.caffeine.CaffeineCacheManager to the classpath.
2022-08-29 07:23:22 |WARN  |main |NacosPropertySourceBuilder.java:87 |com.alibaba.cloud.nacos.client.NacosPropertySourceBuilder |Ignore the empty nacos configuration and get it based on dataId[service-oss] & group[DEFAULT_GROUP]
2022-08-29 07:23:22 |WARN  |main |NacosPropertySourceBuilder.java:87 |com.alibaba.cloud.nacos.client.NacosPropertySourceBuilder |Ignore the empty nacos configuration and get it based on dataId[service-oss.yaml] & group[DEFAULT_GROUP]
2022-08-29 07:23:26 |WARN  |main |LoadBalancerCacheAutoConfiguration.java:82 |org.springframework.cloud.loadbalancer.config.LoadBalancerCacheAutoConfiguration$LoadBalancerCaffeineWarnLogger |Spring Cloud LoadBalancer is currently working with the default cache. While this cache implementation is useful for development and tests, it's recommended to use Caffeine cache in production.You can switch to using Caffeine cache, by adding it and org.springframework.cache.caffeine.CaffeineCacheManager to the classpath.
2022-08-29 15:55:20 |WARN  |main |NacosPropertySourceBuilder.java:87 |com.alibaba.cloud.nacos.client.NacosPropertySourceBuilder |Ignore the empty nacos configuration and get it based on dataId[service-oss] & group[DEFAULT_GROUP]
2022-08-29 15:55:20 |WARN  |main |NacosPropertySourceBuilder.java:87 |com.alibaba.cloud.nacos.client.NacosPropertySourceBuilder |Ignore the empty nacos configuration and get it based on dataId[service-oss.yaml] & group[DEFAULT_GROUP]
2022-08-29 15:55:24 |WARN  |main |LoadBalancerCacheAutoConfiguration.java:82 |org.springframework.cloud.loadbalancer.config.LoadBalancerCacheAutoConfiguration$LoadBalancerCaffeineWarnLogger |Spring Cloud LoadBalancer is currently working with the default cache. While this cache implementation is useful for development and tests, it's recommended to use Caffeine cache in production.You can switch to using Caffeine cache, by adding it and org.springframework.cache.caffeine.CaffeineCacheManager to the classpath.
2022-08-29 20:42:54 |WARN  |com.alibaba.nacos.client.naming.updater |HostReactor.java:484 |com.alibaba.nacos.client.naming |[NA] failed to update serviceName: DEFAULT_GROUP@@service-oss
com.alibaba.nacos.api.exception.NacosException: failed to req API:/nacos/v1/ns/instance/list after all servers([192.168.56.10:8848]) tried: java.net.NoRouteToHostException: No route to host: connect
	at com.alibaba.nacos.client.naming.net.NamingProxy.reqApi(NamingProxy.java:556)
	at com.alibaba.nacos.client.naming.net.NamingProxy.reqApi(NamingProxy.java:498)
	at com.alibaba.nacos.client.naming.net.NamingProxy.reqApi(NamingProxy.java:493)
	at com.alibaba.nacos.client.naming.net.NamingProxy.queryList(NamingProxy.java:407)
	at com.alibaba.nacos.client.naming.core.HostReactor.updateService(HostReactor.java:378)
	at com.alibaba.nacos.client.naming.core.HostReactor$UpdateTask.run(HostReactor.java:460)
	at java.base/java.util.concurrent.Executors$RunnableAdapter.call(Executors.java:515)
	at java.base/java.util.concurrent.FutureTask.run(FutureTask.java:264)
	at java.base/java.util.concurrent.ScheduledThreadPoolExecutor$ScheduledFutureTask.run(ScheduledThreadPoolExecutor.java:304)
	at java.base/java.util.concurrent.ThreadPoolExecutor.runWorker(ThreadPoolExecutor.java:1128)
	at java.base/java.util.concurrent.ThreadPoolExecutor$Worker.run(ThreadPoolExecutor.java:628)
	at java.base/java.lang.Thread.run(Thread.java:835)
2022-08-29 20:44:32 |WARN  |com.alibaba.nacos.client.naming.updater |HostReactor.java:484 |com.alibaba.nacos.client.naming |[NA] failed to update serviceName: DEFAULT_GROUP@@service-oss
com.alibaba.nacos.api.exception.NacosException: failed to req API:/nacos/v1/ns/instance/list after all servers([192.168.56.10:8848]) tried: java.net.SocketTimeoutException: connect timed out
	at com.alibaba.nacos.client.naming.net.NamingProxy.reqApi(NamingProxy.java:556)
	at com.alibaba.nacos.client.naming.net.NamingProxy.reqApi(NamingProxy.java:498)
	at com.alibaba.nacos.client.naming.net.NamingProxy.reqApi(NamingProxy.java:493)
	at com.alibaba.nacos.client.naming.net.NamingProxy.queryList(NamingProxy.java:407)
	at com.alibaba.nacos.client.naming.core.HostReactor.updateService(HostReactor.java:378)
	at com.alibaba.nacos.client.naming.core.HostReactor$UpdateTask.run(HostReactor.java:460)
	at java.base/java.util.concurrent.Executors$RunnableAdapter.call(Executors.java:515)
	at java.base/java.util.concurrent.FutureTask.run(FutureTask.java:264)
	at java.base/java.util.concurrent.ScheduledThreadPoolExecutor$ScheduledFutureTask.run(ScheduledThreadPoolExecutor.java:304)
	at java.base/java.util.concurrent.ThreadPoolExecutor.runWorker(ThreadPoolExecutor.java:1128)
	at java.base/java.util.concurrent.ThreadPoolExecutor$Worker.run(ThreadPoolExecutor.java:628)
	at java.base/java.lang.Thread.run(Thread.java:835)
2022-08-29 20:44:43 |WARN  |com.alibaba.nacos.client.naming.updater |HostReactor.java:484 |com.alibaba.nacos.client.naming |[NA] failed to update serviceName: DEFAULT_GROUP@@service-oss
com.alibaba.nacos.api.exception.NacosException: failed to req API:/nacos/v1/ns/instance/list after all servers([192.168.56.10:8848]) tried: java.net.SocketTimeoutException: connect timed out
	at com.alibaba.nacos.client.naming.net.NamingProxy.reqApi(NamingProxy.java:556)
	at com.alibaba.nacos.client.naming.net.NamingProxy.reqApi(NamingProxy.java:498)
	at com.alibaba.nacos.client.naming.net.NamingProxy.reqApi(NamingProxy.java:493)
	at com.alibaba.nacos.client.naming.net.NamingProxy.queryList(NamingProxy.java:407)
	at com.alibaba.nacos.client.naming.core.HostReactor.updateService(HostReactor.java:378)
	at com.alibaba.nacos.client.naming.core.HostReactor$UpdateTask.run(HostReactor.java:460)
	at java.base/java.util.concurrent.Executors$RunnableAdapter.call(Executors.java:515)
	at java.base/java.util.concurrent.FutureTask.run(FutureTask.java:264)
	at java.base/java.util.concurrent.ScheduledThreadPoolExecutor$ScheduledFutureTask.run(ScheduledThreadPoolExecutor.java:304)
	at java.base/java.util.concurrent.ThreadPoolExecutor.runWorker(ThreadPoolExecutor.java:1128)
	at java.base/java.util.concurrent.ThreadPoolExecutor$Worker.run(ThreadPoolExecutor.java:628)
	at java.base/java.lang.Thread.run(Thread.java:835)
2022-08-29 20:44:56 |WARN  |com.alibaba.nacos.client.naming.updater |HostReactor.java:484 |com.alibaba.nacos.client.naming |[NA] failed to update serviceName: DEFAULT_GROUP@@service-oss
com.alibaba.nacos.api.exception.NacosException: failed to req API:/nacos/v1/ns/instance/list after all servers([192.168.56.10:8848]) tried: java.net.SocketTimeoutException: connect timed out
	at com.alibaba.nacos.client.naming.net.NamingProxy.reqApi(NamingProxy.java:556)
	at com.alibaba.nacos.client.naming.net.NamingProxy.reqApi(NamingProxy.java:498)
	at com.alibaba.nacos.client.naming.net.NamingProxy.reqApi(NamingProxy.java:493)
	at com.alibaba.nacos.client.naming.net.NamingProxy.queryList(NamingProxy.java:407)
	at com.alibaba.nacos.client.naming.core.HostReactor.updateService(HostReactor.java:378)
	at com.alibaba.nacos.client.naming.core.HostReactor$UpdateTask.run(HostReactor.java:460)
	at java.base/java.util.concurrent.Executors$RunnableAdapter.call(Executors.java:515)
	at java.base/java.util.concurrent.FutureTask.run(FutureTask.java:264)
	at java.base/java.util.concurrent.ScheduledThreadPoolExecutor$ScheduledFutureTask.run(ScheduledThreadPoolExecutor.java:304)
	at java.base/java.util.concurrent.ThreadPoolExecutor.runWorker(ThreadPoolExecutor.java:1128)
	at java.base/java.util.concurrent.ThreadPoolExecutor$Worker.run(ThreadPoolExecutor.java:628)
	at java.base/java.lang.Thread.run(Thread.java:835)
2022-08-29 20:45:13 |WARN  |com.alibaba.nacos.client.naming.updater |HostReactor.java:484 |com.alibaba.nacos.client.naming |[NA] failed to update serviceName: DEFAULT_GROUP@@service-oss
com.alibaba.nacos.api.exception.NacosException: failed to req API:/nacos/v1/ns/instance/list after all servers([192.168.56.10:8848]) tried: java.net.SocketTimeoutException: connect timed out
	at com.alibaba.nacos.client.naming.net.NamingProxy.reqApi(NamingProxy.java:556)
	at com.alibaba.nacos.client.naming.net.NamingProxy.reqApi(NamingProxy.java:498)
	at com.alibaba.nacos.client.naming.net.NamingProxy.reqApi(NamingProxy.java:493)
	at com.alibaba.nacos.client.naming.net.NamingProxy.queryList(NamingProxy.java:407)
	at com.alibaba.nacos.client.naming.core.HostReactor.updateService(HostReactor.java:378)
	at com.alibaba.nacos.client.naming.core.HostReactor$UpdateTask.run(HostReactor.java:460)
	at java.base/java.util.concurrent.Executors$RunnableAdapter.call(Executors.java:515)
	at java.base/java.util.concurrent.FutureTask.run(FutureTask.java:264)
	at java.base/java.util.concurrent.ScheduledThreadPoolExecutor$ScheduledFutureTask.run(ScheduledThreadPoolExecutor.java:304)
	at java.base/java.util.concurrent.ThreadPoolExecutor.runWorker(ThreadPoolExecutor.java:1128)
	at java.base/java.util.concurrent.ThreadPoolExecutor$Worker.run(ThreadPoolExecutor.java:628)
	at java.base/java.lang.Thread.run(Thread.java:835)
2022-08-29 20:45:35 |WARN  |com.alibaba.nacos.client.naming.updater |HostReactor.java:484 |com.alibaba.nacos.client.naming |[NA] failed to update serviceName: DEFAULT_GROUP@@service-oss
com.alibaba.nacos.api.exception.NacosException: failed to req API:/nacos/v1/ns/instance/list after all servers([192.168.56.10:8848]) tried: java.net.ConnectException: Connection refused: connect
	at com.alibaba.nacos.client.naming.net.NamingProxy.reqApi(NamingProxy.java:556)
	at com.alibaba.nacos.client.naming.net.NamingProxy.reqApi(NamingProxy.java:498)
	at com.alibaba.nacos.client.naming.net.NamingProxy.reqApi(NamingProxy.java:493)
	at com.alibaba.nacos.client.naming.net.NamingProxy.queryList(NamingProxy.java:407)
	at com.alibaba.nacos.client.naming.core.HostReactor.updateService(HostReactor.java:378)
	at com.alibaba.nacos.client.naming.core.HostReactor$UpdateTask.run(HostReactor.java:460)
	at java.base/java.util.concurrent.Executors$RunnableAdapter.call(Executors.java:515)
	at java.base/java.util.concurrent.FutureTask.run(FutureTask.java:264)
	at java.base/java.util.concurrent.ScheduledThreadPoolExecutor$ScheduledFutureTask.run(ScheduledThreadPoolExecutor.java:304)
	at java.base/java.util.concurrent.ThreadPoolExecutor.runWorker(ThreadPoolExecutor.java:1128)
	at java.base/java.util.concurrent.ThreadPoolExecutor$Worker.run(ThreadPoolExecutor.java:628)
	at java.base/java.lang.Thread.run(Thread.java:835)
2022-08-29 20:46:13 |WARN  |com.alibaba.nacos.client.naming.updater |HostReactor.java:484 |com.alibaba.nacos.client.naming |[NA] failed to update serviceName: DEFAULT_GROUP@@service-oss
com.alibaba.nacos.api.exception.NacosException: failed to req API:/nacos/v1/ns/instance/list after all servers([192.168.56.10:8848]) tried: java.net.ConnectException: Connection refused: connect
	at com.alibaba.nacos.client.naming.net.NamingProxy.reqApi(NamingProxy.java:556)
	at com.alibaba.nacos.client.naming.net.NamingProxy.reqApi(NamingProxy.java:498)
	at com.alibaba.nacos.client.naming.net.NamingProxy.reqApi(NamingProxy.java:493)
	at com.alibaba.nacos.client.naming.net.NamingProxy.queryList(NamingProxy.java:407)
	at com.alibaba.nacos.client.naming.core.HostReactor.updateService(HostReactor.java:378)
	at com.alibaba.nacos.client.naming.core.HostReactor$UpdateTask.run(HostReactor.java:460)
	at java.base/java.util.concurrent.Executors$RunnableAdapter.call(Executors.java:515)
	at java.base/java.util.concurrent.FutureTask.run(FutureTask.java:264)
	at java.base/java.util.concurrent.ScheduledThreadPoolExecutor$ScheduledFutureTask.run(ScheduledThreadPoolExecutor.java:304)
	at java.base/java.util.concurrent.ThreadPoolExecutor.runWorker(ThreadPoolExecutor.java:1128)
	at java.base/java.util.concurrent.ThreadPoolExecutor$Worker.run(ThreadPoolExecutor.java:628)
	at java.base/java.lang.Thread.run(Thread.java:835)
2022-08-29 20:50:11 |WARN  |com.alibaba.nacos.client.naming.updater |HostReactor.java:484 |com.alibaba.nacos.client.naming |[NA] failed to update serviceName: DEFAULT_GROUP@@service-oss
com.alibaba.nacos.api.exception.NacosException: failed to req API:/nacos/v1/ns/instance/list after all servers([192.168.56.10:8848]) tried: java.net.ConnectException: Connection refused: connect
	at com.alibaba.nacos.client.naming.net.NamingProxy.reqApi(NamingProxy.java:556)
	at com.alibaba.nacos.client.naming.net.NamingProxy.reqApi(NamingProxy.java:498)
	at com.alibaba.nacos.client.naming.net.NamingProxy.reqApi(NamingProxy.java:493)
	at com.alibaba.nacos.client.naming.net.NamingProxy.queryList(NamingProxy.java:407)
	at com.alibaba.nacos.client.naming.core.HostReactor.updateService(HostReactor.java:378)
	at com.alibaba.nacos.client.naming.core.HostReactor$UpdateTask.run(HostReactor.java:460)
	at java.base/java.util.concurrent.Executors$RunnableAdapter.call(Executors.java:515)
	at java.base/java.util.concurrent.FutureTask.run(FutureTask.java:264)
	at java.base/java.util.concurrent.ScheduledThreadPoolExecutor$ScheduledFutureTask.run(ScheduledThreadPoolExecutor.java:304)
	at java.base/java.util.concurrent.ThreadPoolExecutor.runWorker(ThreadPoolExecutor.java:1128)
	at java.base/java.util.concurrent.ThreadPoolExecutor$Worker.run(ThreadPoolExecutor.java:628)
	at java.base/java.lang.Thread.run(Thread.java:835)
2022-08-29 20:50:19 |WARN  |com.alibaba.nacos.client.naming.updater |HostReactor.java:484 |com.alibaba.nacos.client.naming |[NA] failed to update serviceName: DEFAULT_GROUP@@service-oss
com.alibaba.nacos.api.exception.NacosException: failed to req API:/nacos/v1/ns/instance/list after all servers([192.168.56.10:8848]) tried: java.net.ConnectException: Connection refused: connect
	at com.alibaba.nacos.client.naming.net.NamingProxy.reqApi(NamingProxy.java:556)
	at com.alibaba.nacos.client.naming.net.NamingProxy.reqApi(NamingProxy.java:498)
	at com.alibaba.nacos.client.naming.net.NamingProxy.reqApi(NamingProxy.java:493)
	at com.alibaba.nacos.client.naming.net.NamingProxy.queryList(NamingProxy.java:407)
	at com.alibaba.nacos.client.naming.core.HostReactor.updateService(HostReactor.java:378)
	at com.alibaba.nacos.client.naming.core.HostReactor$UpdateTask.run(HostReactor.java:460)
	at java.base/java.util.concurrent.Executors$RunnableAdapter.call(Executors.java:515)
	at java.base/java.util.concurrent.FutureTask.run(FutureTask.java:264)
	at java.base/java.util.concurrent.ScheduledThreadPoolExecutor$ScheduledFutureTask.run(ScheduledThreadPoolExecutor.java:304)
	at java.base/java.util.concurrent.ThreadPoolExecutor.runWorker(ThreadPoolExecutor.java:1128)
	at java.base/java.util.concurrent.ThreadPoolExecutor$Worker.run(ThreadPoolExecutor.java:628)
	at java.base/java.lang.Thread.run(Thread.java:835)
2022-08-29 20:50:29 |WARN  |com.alibaba.nacos.client.naming.updater |HostReactor.java:484 |com.alibaba.nacos.client.naming |[NA] failed to update serviceName: DEFAULT_GROUP@@service-oss
com.alibaba.nacos.api.exception.NacosException: failed to req API:/nacos/v1/ns/instance/list after all servers([192.168.56.10:8848]) tried: java.net.ConnectException: Connection refused: connect
	at com.alibaba.nacos.client.naming.net.NamingProxy.reqApi(NamingProxy.java:556)
	at com.alibaba.nacos.client.naming.net.NamingProxy.reqApi(NamingProxy.java:498)
	at com.alibaba.nacos.client.naming.net.NamingProxy.reqApi(NamingProxy.java:493)
	at com.alibaba.nacos.client.naming.net.NamingProxy.queryList(NamingProxy.java:407)
	at com.alibaba.nacos.client.naming.core.HostReactor.updateService(HostReactor.java:378)
	at com.alibaba.nacos.client.naming.core.HostReactor$UpdateTask.run(HostReactor.java:460)
	at java.base/java.util.concurrent.Executors$RunnableAdapter.call(Executors.java:515)
	at java.base/java.util.concurrent.FutureTask.run(FutureTask.java:264)
	at java.base/java.util.concurrent.ScheduledThreadPoolExecutor$ScheduledFutureTask.run(ScheduledThreadPoolExecutor.java:304)
	at java.base/java.util.concurrent.ThreadPoolExecutor.runWorker(ThreadPoolExecutor.java:1128)
	at java.base/java.util.concurrent.ThreadPoolExecutor$Worker.run(ThreadPoolExecutor.java:628)
	at java.base/java.lang.Thread.run(Thread.java:835)
2022-08-29 20:50:43 |WARN  |com.alibaba.nacos.client.naming.updater |HostReactor.java:484 |com.alibaba.nacos.client.naming |[NA] failed to update serviceName: DEFAULT_GROUP@@service-oss
com.alibaba.nacos.api.exception.NacosException: failed to req API:/nacos/v1/ns/instance/list after all servers([192.168.56.10:8848]) tried: java.net.ConnectException: Connection refused: connect
	at com.alibaba.nacos.client.naming.net.NamingProxy.reqApi(NamingProxy.java:556)
	at com.alibaba.nacos.client.naming.net.NamingProxy.reqApi(NamingProxy.java:498)
	at com.alibaba.nacos.client.naming.net.NamingProxy.reqApi(NamingProxy.java:493)
	at com.alibaba.nacos.client.naming.net.NamingProxy.queryList(NamingProxy.java:407)
	at com.alibaba.nacos.client.naming.core.HostReactor.updateService(HostReactor.java:378)
	at com.alibaba.nacos.client.naming.core.HostReactor$UpdateTask.run(HostReactor.java:460)
	at java.base/java.util.concurrent.Executors$RunnableAdapter.call(Executors.java:515)
	at java.base/java.util.concurrent.FutureTask.run(FutureTask.java:264)
	at java.base/java.util.concurrent.ScheduledThreadPoolExecutor$ScheduledFutureTask.run(ScheduledThreadPoolExecutor.java:304)
	at java.base/java.util.concurrent.ThreadPoolExecutor.runWorker(ThreadPoolExecutor.java:1128)
	at java.base/java.util.concurrent.ThreadPoolExecutor$Worker.run(ThreadPoolExecutor.java:628)
	at java.base/java.lang.Thread.run(Thread.java:835)
2022-08-29 20:51:05 |WARN  |com.alibaba.nacos.client.naming.updater |HostReactor.java:484 |com.alibaba.nacos.client.naming |[NA] failed to update serviceName: DEFAULT_GROUP@@service-oss
com.alibaba.nacos.api.exception.NacosException: failed to req API:/nacos/v1/ns/instance/list after all servers([192.168.56.10:8848]) tried: java.net.ConnectException: Connection refused: connect
	at com.alibaba.nacos.client.naming.net.NamingProxy.reqApi(NamingProxy.java:556)
	at com.alibaba.nacos.client.naming.net.NamingProxy.reqApi(NamingProxy.java:498)
	at com.alibaba.nacos.client.naming.net.NamingProxy.reqApi(NamingProxy.java:493)
	at com.alibaba.nacos.client.naming.net.NamingProxy.queryList(NamingProxy.java:407)
	at com.alibaba.nacos.client.naming.core.HostReactor.updateService(HostReactor.java:378)
	at com.alibaba.nacos.client.naming.core.HostReactor$UpdateTask.run(HostReactor.java:460)
	at java.base/java.util.concurrent.Executors$RunnableAdapter.call(Executors.java:515)
	at java.base/java.util.concurrent.FutureTask.run(FutureTask.java:264)
	at java.base/java.util.concurrent.ScheduledThreadPoolExecutor$ScheduledFutureTask.run(ScheduledThreadPoolExecutor.java:304)
	at java.base/java.util.concurrent.ThreadPoolExecutor.runWorker(ThreadPoolExecutor.java:1128)
	at java.base/java.util.concurrent.ThreadPoolExecutor$Worker.run(ThreadPoolExecutor.java:628)
	at java.base/java.lang.Thread.run(Thread.java:835)
2022-08-29 20:51:43 |WARN  |com.alibaba.nacos.client.naming.updater |HostReactor.java:484 |com.alibaba.nacos.client.naming |[NA] failed to update serviceName: DEFAULT_GROUP@@service-oss
com.alibaba.nacos.api.exception.NacosException: failed to req API:/nacos/v1/ns/instance/list after all servers([192.168.56.10:8848]) tried: java.net.ConnectException: Connection refused: connect
	at com.alibaba.nacos.client.naming.net.NamingProxy.reqApi(NamingProxy.java:556)
	at com.alibaba.nacos.client.naming.net.NamingProxy.reqApi(NamingProxy.java:498)
	at com.alibaba.nacos.client.naming.net.NamingProxy.reqApi(NamingProxy.java:493)
	at com.alibaba.nacos.client.naming.net.NamingProxy.queryList(NamingProxy.java:407)
	at com.alibaba.nacos.client.naming.core.HostReactor.updateService(HostReactor.java:378)
	at com.alibaba.nacos.client.naming.core.HostReactor$UpdateTask.run(HostReactor.java:460)
	at java.base/java.util.concurrent.Executors$RunnableAdapter.call(Executors.java:515)
	at java.base/java.util.concurrent.FutureTask.run(FutureTask.java:264)
	at java.base/java.util.concurrent.ScheduledThreadPoolExecutor$ScheduledFutureTask.run(ScheduledThreadPoolExecutor.java:304)
	at java.base/java.util.concurrent.ThreadPoolExecutor.runWorker(ThreadPoolExecutor.java:1128)
	at java.base/java.util.concurrent.ThreadPoolExecutor$Worker.run(ThreadPoolExecutor.java:628)
	at java.base/java.lang.Thread.run(Thread.java:835)
2022-08-29 20:52:52 |WARN  |com.alibaba.nacos.client.naming.updater |HostReactor.java:484 |com.alibaba.nacos.client.naming |[NA] failed to update serviceName: DEFAULT_GROUP@@service-oss
com.alibaba.nacos.api.exception.NacosException: failed to req API:/nacos/v1/ns/instance/list after all servers([192.168.56.10:8848]) tried: java.net.SocketTimeoutException: connect timed out
	at com.alibaba.nacos.client.naming.net.NamingProxy.reqApi(NamingProxy.java:556)
	at com.alibaba.nacos.client.naming.net.NamingProxy.reqApi(NamingProxy.java:498)
	at com.alibaba.nacos.client.naming.net.NamingProxy.reqApi(NamingProxy.java:493)
	at com.alibaba.nacos.client.naming.net.NamingProxy.queryList(NamingProxy.java:407)
	at com.alibaba.nacos.client.naming.core.HostReactor.updateService(HostReactor.java:378)
	at com.alibaba.nacos.client.naming.core.HostReactor$UpdateTask.run(HostReactor.java:460)
	at java.base/java.util.concurrent.Executors$RunnableAdapter.call(Executors.java:515)
	at java.base/java.util.concurrent.FutureTask.run(FutureTask.java:264)
	at java.base/java.util.concurrent.ScheduledThreadPoolExecutor$ScheduledFutureTask.run(ScheduledThreadPoolExecutor.java:304)
	at java.base/java.util.concurrent.ThreadPoolExecutor.runWorker(ThreadPoolExecutor.java:1128)
	at java.base/java.util.concurrent.ThreadPoolExecutor$Worker.run(ThreadPoolExecutor.java:628)
	at java.base/java.lang.Thread.run(Thread.java:835)
2022-08-29 20:54:01 |WARN  |com.alibaba.nacos.client.naming.updater |HostReactor.java:484 |com.alibaba.nacos.client.naming |[NA] failed to update serviceName: DEFAULT_GROUP@@service-oss
com.alibaba.nacos.api.exception.NacosException: failed to req API:/nacos/v1/ns/instance/list after all servers([192.168.56.10:8848]) tried: java.net.SocketTimeoutException: connect timed out
	at com.alibaba.nacos.client.naming.net.NamingProxy.reqApi(NamingProxy.java:556)
	at com.alibaba.nacos.client.naming.net.NamingProxy.reqApi(NamingProxy.java:498)
	at com.alibaba.nacos.client.naming.net.NamingProxy.reqApi(NamingProxy.java:493)
	at com.alibaba.nacos.client.naming.net.NamingProxy.queryList(NamingProxy.java:407)
	at com.alibaba.nacos.client.naming.core.HostReactor.updateService(HostReactor.java:378)
	at com.alibaba.nacos.client.naming.core.HostReactor$UpdateTask.run(HostReactor.java:460)
	at java.base/java.util.concurrent.Executors$RunnableAdapter.call(Executors.java:515)
	at java.base/java.util.concurrent.FutureTask.run(FutureTask.java:264)
	at java.base/java.util.concurrent.ScheduledThreadPoolExecutor$ScheduledFutureTask.run(ScheduledThreadPoolExecutor.java:304)
	at java.base/java.util.concurrent.ThreadPoolExecutor.runWorker(ThreadPoolExecutor.java:1128)
	at java.base/java.util.concurrent.ThreadPoolExecutor$Worker.run(ThreadPoolExecutor.java:628)
	at java.base/java.lang.Thread.run(Thread.java:835)
2022-08-29 20:55:10 |WARN  |com.alibaba.nacos.client.naming.updater |HostReactor.java:484 |com.alibaba.nacos.client.naming |[NA] failed to update serviceName: DEFAULT_GROUP@@service-oss
com.alibaba.nacos.api.exception.NacosException: failed to req API:/nacos/v1/ns/instance/list after all servers([192.168.56.10:8848]) tried: java.net.SocketTimeoutException: connect timed out
	at com.alibaba.nacos.client.naming.net.NamingProxy.reqApi(NamingProxy.java:556)
	at com.alibaba.nacos.client.naming.net.NamingProxy.reqApi(NamingProxy.java:498)
	at com.alibaba.nacos.client.naming.net.NamingProxy.reqApi(NamingProxy.java:493)
	at com.alibaba.nacos.client.naming.net.NamingProxy.queryList(NamingProxy.java:407)
	at com.alibaba.nacos.client.naming.core.HostReactor.updateService(HostReactor.java:378)
	at com.alibaba.nacos.client.naming.core.HostReactor$UpdateTask.run(HostReactor.java:460)
	at java.base/java.util.concurrent.Executors$RunnableAdapter.call(Executors.java:515)
	at java.base/java.util.concurrent.FutureTask.run(FutureTask.java:264)
	at java.base/java.util.concurrent.ScheduledThreadPoolExecutor$ScheduledFutureTask.run(ScheduledThreadPoolExecutor.java:304)
	at java.base/java.util.concurrent.ThreadPoolExecutor.runWorker(ThreadPoolExecutor.java:1128)
	at java.base/java.util.concurrent.ThreadPoolExecutor$Worker.run(ThreadPoolExecutor.java:628)
	at java.base/java.lang.Thread.run(Thread.java:835)
2022-08-29 20:56:19 |WARN  |com.alibaba.nacos.client.naming.updater |HostReactor.java:484 |com.alibaba.nacos.client.naming |[NA] failed to update serviceName: DEFAULT_GROUP@@service-oss
com.alibaba.nacos.api.exception.NacosException: failed to req API:/nacos/v1/ns/instance/list after all servers([192.168.56.10:8848]) tried: java.net.SocketTimeoutException: connect timed out
	at com.alibaba.nacos.client.naming.net.NamingProxy.reqApi(NamingProxy.java:556)
	at com.alibaba.nacos.client.naming.net.NamingProxy.reqApi(NamingProxy.java:498)
	at com.alibaba.nacos.client.naming.net.NamingProxy.reqApi(NamingProxy.java:493)
	at com.alibaba.nacos.client.naming.net.NamingProxy.queryList(NamingProxy.java:407)
	at com.alibaba.nacos.client.naming.core.HostReactor.updateService(HostReactor.java:378)
	at com.alibaba.nacos.client.naming.core.HostReactor$UpdateTask.run(HostReactor.java:460)
	at java.base/java.util.concurrent.Executors$RunnableAdapter.call(Executors.java:515)
	at java.base/java.util.concurrent.FutureTask.run(FutureTask.java:264)
	at java.base/java.util.concurrent.ScheduledThreadPoolExecutor$ScheduledFutureTask.run(ScheduledThreadPoolExecutor.java:304)
	at java.base/java.util.concurrent.ThreadPoolExecutor.runWorker(ThreadPoolExecutor.java:1128)
	at java.base/java.util.concurrent.ThreadPoolExecutor$Worker.run(ThreadPoolExecutor.java:628)
	at java.base/java.lang.Thread.run(Thread.java:835)
2022-08-29 20:57:26 |WARN  |com.alibaba.nacos.client.naming.updater |HostReactor.java:484 |com.alibaba.nacos.client.naming |[NA] failed to update serviceName: DEFAULT_GROUP@@service-oss
com.alibaba.nacos.api.exception.NacosException: failed to req API:/nacos/v1/ns/instance/list after all servers([192.168.56.10:8848]) tried: java.net.ConnectException: Connection refused: connect
	at com.alibaba.nacos.client.naming.net.NamingProxy.reqApi(NamingProxy.java:556)
	at com.alibaba.nacos.client.naming.net.NamingProxy.reqApi(NamingProxy.java:498)
	at com.alibaba.nacos.client.naming.net.NamingProxy.reqApi(NamingProxy.java:493)
	at com.alibaba.nacos.client.naming.net.NamingProxy.queryList(NamingProxy.java:407)
	at com.alibaba.nacos.client.naming.core.HostReactor.updateService(HostReactor.java:378)
	at com.alibaba.nacos.client.naming.core.HostReactor$UpdateTask.run(HostReactor.java:460)
	at java.base/java.util.concurrent.Executors$RunnableAdapter.call(Executors.java:515)
	at java.base/java.util.concurrent.FutureTask.run(FutureTask.java:264)
	at java.base/java.util.concurrent.ScheduledThreadPoolExecutor$ScheduledFutureTask.run(ScheduledThreadPoolExecutor.java:304)
	at java.base/java.util.concurrent.ThreadPoolExecutor.runWorker(ThreadPoolExecutor.java:1128)
	at java.base/java.util.concurrent.ThreadPoolExecutor$Worker.run(ThreadPoolExecutor.java:628)
	at java.base/java.lang.Thread.run(Thread.java:835)
